<?xml version="1.0" encoding="utf-8"?>
<TestRun id="72d34a88-df70-434c-b5d0-6b6fb7f06f4f" name="anastasiia.dmytryshy@DCNOTE72 2026-05-23 16:19:57" runUser="DEVCOM\anastasiia.dmytryshy" xmlns="http://microsoft.com/schemas/VisualStudio/TeamTest/2010">
  <Times creation="2026-05-23T16:19:57.4274490+03:00" queuing="2026-05-23T16:19:57.4274495+03:00" start="2026-05-23T16:19:55.9870069+03:00" finish="2026-05-23T16:19:57.5672500+03:00" />
  <TestSettings name="default" id="421ad808-b61d-47ac-80b5-e4c9591e6659">
    <Deployment runDeploymentRoot="anastasiia.dmytryshy_DCNOTE72_2026-05-23_16_19_57" />
  </TestSettings>
  <Results>
    <UnitTestResult executionId="c69d5d0e-9281-402c-a66b-2447246cf73c" testId="66376e60-2268-e8fa-d379-88080df09abd" testName="TrustMarket.UserService.UnitTests.Domain.UserTests.UpdateName_FirstChange_Succeeds" computerName="DCNOTE72" duration="00:00:00.0008831" startTime="2026-05-23T16:19:57.3904366+03:00" endTime="2026-05-23T16:19:57.3904366+03:00" testType="13cdc9d9-ddb5-4fa4-a97d-d965ccfc6d4b" outcome="Passed" testListId="8c84fa94-04c1-424b-9868-57a2d4851a1d" relativeResultsDirectory="c69d5d0e-9281-402c-a66b-2447246cf73c" />
    <UnitTestResult executionId="cc666356-f53c-4d31-9748-f84b044ba9ac" testId="93d24695-515d-8d95-699c-8af733667770" testName="TrustMarket.UserService.UnitTests.Auth.RegisterUserCommandHandlerTests.Handle_DuplicateEmail_ReturnsFailure" computerName="DCNOTE72" duration="00:00:00.2375629" startTime="2026-05-23T16:19:57.3237029+03:00" endTime="2026-05-23T16:19:57.3237029+03:00" testType="13cdc9d9-ddb5-4fa4-a97d-d965ccfc6d4b" outcome="Passed" testListId="8c84fa94-04c1-424b-9868-57a2d4851a1d" relativeResultsDirectory="cc666356-f53c-4d31-9748-f84b044ba9ac" />
    <UnitTestResult executionId="5a886a62-a4ce-4f18-9c01-158e6b2fbde5" testId="d432163c-5184-9a21-a2a7-191db6d760be" testName="TrustMarket.UserService.UnitTests.Domain.UserTests.TryResetPassword_ValidToken_UpdatesHashAndClearsToken" computerName="DCNOTE72" duration="00:00:00.0003508" startTime="2026-05-23T16:19:57.3921289+03:00" endTime="2026-05-23T16:19:57.3921292+03:00" testType="13cdc9d9-ddb5-4fa4-a97d-d965ccfc6d4b" outcome="Passed" testListId="8c84fa94-04c1-424b-9868-57a2d4851a1d" relativeResultsDirectory="5a886a62-a4ce-4f18-9c01-158e6b2fbde5" />
    <UnitTestResult executionId="99761cd0-9cc6-4e1c-bb06-13d45b9f6269" testId="fc628ec7-d7db-bd9b-280b-a0b93300833d" testName="TrustMarket.UserService.UnitTests.Domain.UserTests.TryResetPassword_WrongToken_ReturnsFalse" computerName="DCNOTE72" duration="00:00:00.0002331" startTime="2026-05-23T16:19:57.3925225+03:00" endTime="2026-05-23T16:19:57.3925226+03:00" testType="13cdc9d9-ddb5-4fa4-a97d-d965ccfc6d4b" outcome="Passed" testListId="8c84fa94-04c1-424b-9868-57a2d4851a1d" relativeResultsDirectory="99761cd0-9cc6-4e1c-bb06-13d45b9f6269" />
    <UnitTestResult executionId="2d8d1797-4cbf-41a7-9f9b-2eef0c62ed3a" testId="3e092ee6-0e7c-5aa3-749b-99707a6908f3" testName="TrustMarket.UserService.UnitTests.Auth.ConfirmEmailCommandHandlerTests.Handle_HappyPath_ConfirmsEmailAndPublishesEventAndSendsWelcome" computerName="DCNOTE72" duration="00:00:00.0032115" startTime="2026-05-23T16:19:57.3878721+03:00" endTime="2026-05-23T16:19:57.3878722+03:00" testType="13cdc9d9-ddb5-4fa4-a97d-d965ccfc6d4b" outcome="Passed" testListId="8c84fa94-04c1-424b-9868-57a2d4851a1d" relativeResultsDirectory="2d8d1797-4cbf-41a7-9f9b-2eef0c62ed3a" />
    <UnitTestResult executionId="d2a7116a-feeb-4106-954c-01bf11ed4818" testId="eb6d152f-c39b-4490-4681-a98fec628f8e" testName="TrustMarket.UserService.UnitTests.Auth.RegisterUserCommandHandlerTests.Handle_NewUser_SendsConfirmationEmail" computerName="DCNOTE72" duration="00:00:00.0018290" startTime="2026-05-23T16:19:57.3899287+03:00" endTime="2026-05-23T16:19:57.3899288+03:00" testType="13cdc9d9-ddb5-4fa4-a97d-d965ccfc6d4b" outcome="Passed" testListId="8c84fa94-04c1-424b-9868-57a2d4851a1d" relativeResultsDirectory="d2a7116a-feeb-4106-954c-01bf11ed4818" />
    <UnitTestResult executionId="625adaa8-1748-443e-bf7e-9fe1eb6ecff9" testId="972bf800-686e-feca-3acf-a6e24f27ee94" testName="TrustMarket.UserService.UnitTests.Auth.GoogleAuthCommandHandlerTests.Handle_ExistingGoogleUser_RecordsLoginAndReturnsToken" computerName="DCNOTE72" duration="00:00:00.0012240" startTime="2026-05-23T16:19:57.3924293+03:00" endTime="2026-05-23T16:19:57.3924294+03:00" testType="13cdc9d9-ddb5-4fa4-a97d-d965ccfc6d4b" outcome="Passed" testListId="8c84fa94-04c1-424b-9868-57a2d4851a1d" relativeResultsDirectory="625adaa8-1748-443e-bf7e-9fe1eb6ecff9" />
    <UnitTestResult executionId="a49a37b8-dd07-4b59-bdbb-395599ae93f2" testId="3377d9f4-d48c-1dab-16f0-80dbcb6ab8b6" testName="TrustMarket.UserService.UnitTests.Auth.ConfirmEmailCommandHandlerTests.Handle_TokenNotFound_ReturnsFailure" computerName="DCNOTE72" duration="00:00:00.2134738" startTime="2026-05-23T16:19:57.3222191+03:00" endTime="2026-05-23T16:19:57.3222191+03:00" testType="13cdc9d9-ddb5-4fa4-a97d-d965ccfc6d4b" outcome="Passed" testListId="8c84fa94-04c1-424b-9868-57a2d4851a1d" relativeResultsDirectory="a49a37b8-dd07-4b59-bdbb-395599ae93f2" />
    <UnitTestResult executionId="2654fac2-930a-4ec1-a58d-b99a44c2aee2" testId="f50d91b9-6429-ff5b-bcd3-2d0d1db0d8d4" testName="TrustMarket.UserService.UnitTests.Domain.UserTests.UpdateReviewRating_AsSeller_UpdatesSellerStatsCorrectly" computerName="DCNOTE72" duration="00:00:00.0040187" startTime="2026-05-23T16:19:57.3924687+03:00" endTime="2026-05-23T16:19:57.3924687+03:00" testType="13cdc9d9-ddb5-4fa4-a97d-d965ccfc6d4b" outcome="Passed" testListId="8c84fa94-04c1-424b-9868-57a2d4851a1d" relativeResultsDirectory="2654fac2-930a-4ec1-a58d-b99a44c2aee2" />
    <UnitTestResult executionId="00979999-d689-4e7f-9c54-233cf9bb3052" testId="c2c333ba-7646-d5ff-b317-b9f4109d5023" testName="TrustMarket.UserService.UnitTests.Domain.UserTests.DisplayName_FirstNameAndInitialMode_FormatsCorrectly" computerName="DCNOTE72" duration="00:00:00.0003172" startTime="2026-05-23T16:19:57.3911517+03:00" endTime="2026-05-23T16:19:57.3911518+03:00" testType="13cdc9d9-ddb5-4fa4-a97d-d965ccfc6d4b" outcome="Passed" testListId="8c84fa94-04c1-424b-9868-57a2d4851a1d" relativeResultsDirectory="00979999-d689-4e7f-9c54-233cf9bb3052" />
    <UnitTestResult executionId="24dcdc9f-2e6e-4a88-891e-4a131f4d84ee" testId="e02bb83a-6941-c3e0-0ee2-fcc2378214b2" testName="TrustMarket.UserService.UnitTests.Auth.LoginUserCommandHandlerTests.Handle_UnknownEmail_ReturnsFailure" computerName="DCNOTE72" duration="00:00:00.0009893" startTime="2026-05-23T16:19:57.3235638+03:00" endTime="2026-05-23T16:19:57.3235638+03:00" testType="13cdc9d9-ddb5-4fa4-a97d-d965ccfc6d4b" outcome="Passed" testListId="8c84fa94-04c1-424b-9868-57a2d4851a1d" relativeResultsDirectory="24dcdc9f-2e6e-4a88-891e-4a131f4d84ee" />
    <UnitTestResult executionId="1219b740-eddd-4aac-88b4-cfcde84e23d2" testId="c04551e4-8f59-2020-366e-0a753bacda5a" testName="TrustMarket.UserService.UnitTests.Auth.LoginUserCommandHandlerTests.Handle_ValidCredentials_ReturnsToken" computerName="DCNOTE72" duration="00:00:00.0434157" startTime="2026-05-23T16:19:57.3192350+03:00" endTime="2026-05-23T16:19:57.3192874+03:00" testType="13cdc9d9-ddb5-4fa4-a97d-d965ccfc6d4b" outcome="Passed" testListId="8c84fa94-04c1-424b-9868-57a2d4851a1d" relativeResultsDirectory="1219b740-eddd-4aac-88b4-cfcde84e23d2" />
    <UnitTestResult executionId="e447cdcf-59b5-4354-8e7e-d99f68310293" testId="64234664-1516-e663-f2f1-615e300cb60f" testName="TrustMarket.UserService.UnitTests.Auth.GoogleAuthCommandHandlerTests.Handle_EmailRegisteredWithPassword_ReturnsConflictError" computerName="DCNOTE72" duration="00:00:00.0047608" startTime="2026-05-23T16:19:57.3901460+03:00" endTime="2026-05-23T16:19:57.3901460+03:00" testType="13cdc9d9-ddb5-4fa4-a97d-d965ccfc6d4b" outcome="Passed" testListId="8c84fa94-04c1-424b-9868-57a2d4851a1d" relativeResultsDirectory="e447cdcf-59b5-4354-8e7e-d99f68310293" />
    <UnitTestResult executionId="ce1d0181-ab5f-483d-a825-18ea432892e7" testId="b83bc809-8129-07ee-f00c-4528e3ae40bb" testName="TrustMarket.UserService.UnitTests.Auth.ConfirmEmailCommandHandlerTests.Handle_TokenExpired_ReturnsExpiredError" computerName="DCNOTE72" duration="00:00:00.0011539" startTime="2026-05-23T16:19:57.3236422+03:00" endTime="2026-05-23T16:19:57.3236422+03:00" testType="13cdc9d9-ddb5-4fa4-a97d-d965ccfc6d4b" outcome="Passed" testListId="8c84fa94-04c1-424b-9868-57a2d4851a1d" relativeResultsDirectory="ce1d0181-ab5f-483d-a825-18ea432892e7" />
    <UnitTestResult executionId="23e2bb6b-6e73-478c-8099-134f8c8d8e81" testId="dac5c13d-0628-7f5c-6eb8-e249209eb889" testName="TrustMarket.UserService.UnitTests.Auth.DiiaVerificationCommandHandlerTests.Start_UnknownUser_ReturnsFailure" computerName="DCNOTE72" duration="00:00:00.0009513" startTime="2026-05-23T16:19:57.3877915+03:00" endTime="2026-05-23T16:19:57.3877915+03:00" testType="13cdc9d9-ddb5-4fa4-a97d-d965ccfc6d4b" outcome="Passed" testListId="8c84fa94-04c1-424b-9868-57a2d4851a1d" relativeResultsDirectory="23e2bb6b-6e73-478c-8099-134f8c8d8e81" />
    <UnitTestResult executionId="40d34a8d-7fe2-4759-9e11-958b834c784b" testId="0b121c88-0671-3609-94a3-926f4c114092" testName="TrustMarket.UserService.UnitTests.Auth.ResetPasswordCommandHandlerTests.Handle_HappyPath_ResetsPasswordAndReturnsJwt" computerName="DCNOTE72" duration="00:00:00.0013541" startTime="2026-05-23T16:19:57.3932166+03:00" endTime="2026-05-23T16:19:57.3932166+03:00" testType="13cdc9d9-ddb5-4fa4-a97d-d965ccfc6d4b" outcome="Passed" testListId="8c84fa94-04c1-424b-9868-57a2d4851a1d" relativeResultsDirectory="40d34a8d-7fe2-4759-9e11-958b834c784b" />
    <UnitTestResult executionId="d37d3fe2-6dfa-4d39-99d0-c2aabb847e43" testId="3cc99ff1-b51a-ae40-ee90-7481440e0dfb" testName="TrustMarket.UserService.UnitTests.Domain.UserTests.GenerateEmailConfirmationToken_ReturnsNonEmptyTokenAndSetsExpiry" computerName="DCNOTE72" duration="00:00:00.0008312" startTime="2026-05-23T16:19:57.3914872+03:00" endTime="2026-05-23T16:19:57.3914873+03:00" testType="13cdc9d9-ddb5-4fa4-a97d-d965ccfc6d4b" outcome="Passed" testListId="8c84fa94-04c1-424b-9868-57a2d4851a1d" relativeResultsDirectory="d37d3fe2-6dfa-4d39-99d0-c2aabb847e43" />
    <UnitTestResult executionId="df1ec66e-2e92-4ec5-9d77-86cc55e2a7f8" testId="8ffd7641-2156-77ab-0a76-13c566ab9748" testName="TrustMarket.UserService.UnitTests.Auth.GoogleAuthCommandHandlerTests.Handle_NewGoogleUser_CreatesUserAndReturnsIsNewTrue" computerName="DCNOTE72" duration="00:00:00.0202274" startTime="2026-05-23T16:19:57.3922489+03:00" endTime="2026-05-23T16:19:57.3922489+03:00" testType="13cdc9d9-ddb5-4fa4-a97d-d965ccfc6d4b" outcome="Passed" testListId="8c84fa94-04c1-424b-9868-57a2d4851a1d" relativeResultsDirectory="df1ec66e-2e92-4ec5-9d77-86cc55e2a7f8" />
    <UnitTestResult executionId="8317f373-dce3-42d1-9deb-f934c8ccc8c2" testId="fad3c7ff-5438-3e30-c850-8fc668bf7386" testName="TrustMarket.UserService.UnitTests.Domain.UserTests.SetMonobankSubMerchantId_WhitespaceClearsToNull" computerName="DCNOTE72" duration="00:00:00.0003125" startTime="2026-05-23T16:19:57.3913251+03:00" endTime="2026-05-23T16:19:57.3913251+03:00" testType="13cdc9d9-ddb5-4fa4-a97d-d965ccfc6d4b" outcome="Passed" testListId="8c84fa94-04c1-424b-9868-57a2d4851a1d" relativeResultsDirectory="8317f373-dce3-42d1-9deb-f934c8ccc8c2" />
    <UnitTestResult executionId="ba255a0c-96df-4932-be0d-04fdb48614f2" testId="bfcd2ef1-7dbc-cb7b-e60e-4fbf5cfc4152" testName="TrustMarket.UserService.UnitTests.Auth.RegisterUserCommandHandlerTests.Handle_NewUser_ReturnsTokenAndUserId" computerName="DCNOTE72" duration="00:00:00.0041699" startTime="2026-05-23T16:19:57.3879417+03:00" endTime="2026-05-23T16:19:57.3879417+03:00" testType="13cdc9d9-ddb5-4fa4-a97d-d965ccfc6d4b" outcome="Passed" testListId="8c84fa94-04c1-424b-9868-57a2d4851a1d" relativeResultsDirectory="ba255a0c-96df-4932-be0d-04fdb48614f2" />
    <UnitTestResult executionId="81127f09-6e0e-4871-879b-be465e69e44f" testId="3b504aff-22cd-83fa-67e8-e2ffec074f75" testName="TrustMarket.UserService.UnitTests.Domain.UserTests.TryConfirmEmail_WrongToken_ReturnsFalse" computerName="DCNOTE72" duration="00:00:00.0001784" startTime="2026-05-23T16:19:57.3913805+03:00" endTime="2026-05-23T16:19:57.3913805+03:00" testType="13cdc9d9-ddb5-4fa4-a97d-d965ccfc6d4b" outcome="Passed" testListId="8c84fa94-04c1-424b-9868-57a2d4851a1d" relativeResultsDirectory="81127f09-6e0e-4871-879b-be465e69e44f" />
    <UnitTestResult executionId="59423421-3736-4758-ab7d-a02ee2b59b0d" testId="bc6dc610-1c45-ce4e-8c68-ac4eb5700e84" testName="TrustMarket.UserService.UnitTests.Domain.UserTests.GeneratePasswordResetToken_ReturnsTokenWithExpiry" computerName="DCNOTE72" duration="00:00:00.0003267" startTime="2026-05-23T16:19:57.3915399+03:00" endTime="2026-05-23T16:19:57.3915400+03:00" testType="13cdc9d9-ddb5-4fa4-a97d-d965ccfc6d4b" outcome="Passed" testListId="8c84fa94-04c1-424b-9868-57a2d4851a1d" relativeResultsDirectory="59423421-3736-4758-ab7d-a02ee2b59b0d" />
    <UnitTestResult executionId="a3f38f39-999a-4ab1-9f54-581a801eafcd" testId="c621a635-ad95-97b0-e4cd-08b37b62393c" testName="TrustMarket.UserService.UnitTests.Auth.ResetPasswordCommandHandlerTests.Handle_TokenNotFound_ReturnsFailure" computerName="DCNOTE72" duration="00:00:00.0008072" startTime="2026-05-23T16:19:57.3931576+03:00" endTime="2026-05-23T16:19:57.3931577+03:00" testType="13cdc9d9-ddb5-4fa4-a97d-d965ccfc6d4b" outcome="Passed" testListId="8c84fa94-04c1-424b-9868-57a2d4851a1d" relativeResultsDirectory="a3f38f39-999a-4ab1-9f54-581a801eafcd" />
    <UnitTestResult executionId="d5b90217-77fc-41e1-84eb-acaae82e9fc3" testId="0e7868c6-270b-bceb-2e05-3b57dabe2f71" testName="TrustMarket.UserService.UnitTests.Domain.UserTests.UpdateName_TwiceWithin30Days_ReturnsError" computerName="DCNOTE72" duration="00:00:00.0150588" startTime="2026-05-23T16:19:57.3923023+03:00" endTime="2026-05-23T16:19:57.3923023+03:00" testType="13cdc9d9-ddb5-4fa4-a97d-d965ccfc6d4b" outcome="Passed" testListId="8c84fa94-04c1-424b-9868-57a2d4851a1d" relativeResultsDirectory="d5b90217-77fc-41e1-84eb-acaae82e9fc3" />
    <UnitTestResult executionId="8f33a709-33e2-44d2-b7b2-dba81e53451d" testId="71c30c70-8a59-096d-7be0-17cf2bf0a950" testName="TrustMarket.UserService.UnitTests.Auth.DiiaVerificationCommandHandlerTests.Start_ExistingUser_ReturnsSessionId" computerName="DCNOTE72" duration="00:00:00.1873506" startTime="2026-05-23T16:19:57.3218670+03:00" endTime="2026-05-23T16:19:57.3218672+03:00" testType="13cdc9d9-ddb5-4fa4-a97d-d965ccfc6d4b" outcome="Passed" testListId="8c84fa94-04c1-424b-9868-57a2d4851a1d" relativeResultsDirectory="8f33a709-33e2-44d2-b7b2-dba81e53451d" />
    <UnitTestResult executionId="1ec9ef70-866d-424e-97c3-67232ede9826" testId="8233f858-a800-07db-216c-acecfe80fb3d" testName="TrustMarket.UserService.UnitTests.Auth.DiiaVerificationCommandHandlerTests.Confirm_InvalidSession_ReturnsFailure" computerName="DCNOTE72" duration="00:00:00.0022280" startTime="2026-05-23T16:19:57.3876716+03:00" endTime="2026-05-23T16:19:57.3876717+03:00" testType="13cdc9d9-ddb5-4fa4-a97d-d965ccfc6d4b" outcome="Passed" testListId="8c84fa94-04c1-424b-9868-57a2d4851a1d" relativeResultsDirectory="1ec9ef70-866d-424e-97c3-67232ede9826" />
    <UnitTestResult executionId="4e8c7e16-f2af-4292-a053-4fea14af7123" testId="e0a7e8e6-7709-a3dc-ee28-5f74aa179eca" testName="TrustMarket.UserService.UnitTests.Auth.DiiaVerificationCommandHandlerTests.Start_AlreadyVerified_ReturnsFailure" computerName="DCNOTE72" duration="00:00:00.0014131" startTime="2026-05-23T16:19:57.3900103+03:00" endTime="2026-05-23T16:19:57.3900104+03:00" testType="13cdc9d9-ddb5-4fa4-a97d-d965ccfc6d4b" outcome="Passed" testListId="8c84fa94-04c1-424b-9868-57a2d4851a1d" relativeResultsDirectory="4e8c7e16-f2af-4292-a053-4fea14af7123" />
    <UnitTestResult executionId="93d7f65e-25a4-4a85-a70f-146fae6c257b" testId="1a2b8b6e-10a0-7379-36f1-93e49e0074c3" testName="TrustMarket.UserService.UnitTests.Auth.ForgotPasswordCommandHandlerTests.Handle_EmailUser_SendsResetEmailAndSaves" computerName="DCNOTE72" duration="00:00:00.0017325" startTime="2026-05-23T16:19:57.3910788+03:00" endTime="2026-05-23T16:19:57.3910790+03:00" testType="13cdc9d9-ddb5-4fa4-a97d-d965ccfc6d4b" outcome="Passed" testListId="8c84fa94-04c1-424b-9868-57a2d4851a1d" relativeResultsDirectory="93d7f65e-25a4-4a85-a70f-146fae6c257b" />
    <UnitTestResult executionId="239c0b5a-048c-4993-8c68-ee7a377e5c36" testId="2e0f3c38-88a0-a76c-316e-04e4a541474b" testName="TrustMarket.UserService.UnitTests.Auth.LoginUserCommandHandlerTests.Handle_WrongPassword_ReturnsFailure" computerName="DCNOTE72" duration="00:00:00.0009332" startTime="2026-05-23T16:19:57.3874393+03:00" endTime="2026-05-23T16:19:57.3874395+03:00" testType="13cdc9d9-ddb5-4fa4-a97d-d965ccfc6d4b" outcome="Passed" testListId="8c84fa94-04c1-424b-9868-57a2d4851a1d" relativeResultsDirectory="239c0b5a-048c-4993-8c68-ee7a377e5c36" />
    <UnitTestResult executionId="ee9b6ec0-8850-41f0-baf6-93063cfd8c51" testId="fff99ca3-c523-105c-aed5-79fc92ee7392" testName="TrustMarket.UserService.UnitTests.Auth.ForgotPasswordCommandHandlerTests.Handle_UserNotFound_SucceedsWithoutSendingEmail" computerName="DCNOTE72" duration="00:00:00.0007735" startTime="2026-05-23T16:19:57.3912819+03:00" endTime="2026-05-23T16:19:57.3912820+03:00" testType="13cdc9d9-ddb5-4fa4-a97d-d965ccfc6d4b" outcome="Passed" testListId="8c84fa94-04c1-424b-9868-57a2d4851a1d" relativeResultsDirectory="ee9b6ec0-8850-41f0-baf6-93063cfd8c51" />
    <UnitTestResult executionId="fe38e8a6-57b4-4be0-93fa-5f29bf141dbb" testId="18e79dc4-1728-e231-0ee4-7da54a0b779f" testName="TrustMarket.UserService.UnitTests.Auth.ConfirmEmailCommandHandlerTests.Handle_HappyPath_TracksBadgeWhenNewlyConfirmed" computerName="DCNOTE72" duration="00:00:00.0020722" startTime="2026-05-23T16:19:57.3880127+03:00" endTime="2026-05-23T16:19:57.3880127+03:00" testType="13cdc9d9-ddb5-4fa4-a97d-d965ccfc6d4b" outcome="Passed" testListId="8c84fa94-04c1-424b-9868-57a2d4851a1d" relativeResultsDirectory="fe38e8a6-57b4-4be0-93fa-5f29bf141dbb" />
    <UnitTestResult executionId="e21d498c-9f8e-4f3f-9308-282b2a4ffb86" testId="287a9d7a-a2c8-0991-81be-9afa64640c6d" testName="TrustMarket.UserService.UnitTests.Domain.UserTests.CreateWithGoogle_SetsGoogleProviderAndConfirmsEmail" computerName="DCNOTE72" duration="00:00:00.0002613" startTime="2026-05-23T16:19:57.3921948+03:00" endTime="2026-05-23T16:19:57.3921948+03:00" testType="13cdc9d9-ddb5-4fa4-a97d-d965ccfc6d4b" outcome="Passed" testListId="8c84fa94-04c1-424b-9868-57a2d4851a1d" relativeResultsDirectory="e21d498c-9f8e-4f3f-9308-282b2a4ffb86" />
    <UnitTestResult executionId="dd335950-79d0-43e9-ad06-f3931af4d727" testId="b0437910-f5c0-a05f-b56f-e3d734fe8b1c" testName="TrustMarket.UserService.UnitTests.Auth.ResetPasswordCommandHandlerTests.Handle_TokenExpired_ReturnsExpiredError" computerName="DCNOTE72" duration="00:00:00.0030558" startTime="2026-05-23T16:19:57.3926000+03:00" endTime="2026-05-23T16:19:57.3926001+03:00" testType="13cdc9d9-ddb5-4fa4-a97d-d965ccfc6d4b" outcome="Passed" testListId="8c84fa94-04c1-424b-9868-57a2d4851a1d" relativeResultsDirectory="dd335950-79d0-43e9-ad06-f3931af4d727" />
    <UnitTestResult executionId="fb162551-8012-4127-bb52-d1f3c634241c" testId="2620d26c-3dd9-591b-1776-f5e65e6f995d" testName="TrustMarket.UserService.UnitTests.Auth.GoogleAuthCommandHandlerTests.Handle_InvalidGoogleToken_ReturnsFailure" computerName="DCNOTE72" duration="00:00:00.0009266" startTime="2026-05-23T16:19:57.3923738+03:00" endTime="2026-05-23T16:19:57.3923739+03:00" testType="13cdc9d9-ddb5-4fa4-a97d-d965ccfc6d4b" outcome="Passed" testListId="8c84fa94-04c1-424b-9868-57a2d4851a1d" relativeResultsDirectory="fb162551-8012-4127-bb52-d1f3c634241c" />
    <UnitTestResult executionId="647dffdf-dc40-45be-8995-53c570a71f42" testId="102be6e8-83ef-c92f-3030-8b62163d50ee" testName="TrustMarket.UserService.UnitTests.Auth.RegisterUserCommandHandlerTests.Handle_NewUser_PublishesIntegrationEvent" computerName="DCNOTE72" duration="00:00:00.0019453" startTime="2026-05-23T16:19:57.3902095+03:00" endTime="2026-05-23T16:19:57.3902096+03:00" testType="13cdc9d9-ddb5-4fa4-a97d-d965ccfc6d4b" outcome="Passed" testListId="8c84fa94-04c1-424b-9868-57a2d4851a1d" relativeResultsDirectory="647dffdf-dc40-45be-8995-53c570a71f42" />
    <UnitTestResult executionId="22d51bf9-3262-4150-8d5f-654e15cf25f0" testId="46fc702a-a8e3-9f70-85f0-14fbe6206b55" testName="TrustMarket.UserService.UnitTests.Domain.UserTests.TryConfirmEmail_ValidToken_ConfirmsEmailAndAddsBadge" computerName="DCNOTE72" duration="00:00:00.0009752" startTime="2026-05-23T16:19:57.3914323+03:00" endTime="2026-05-23T16:19:57.3914323+03:00" testType="13cdc9d9-ddb5-4fa4-a97d-d965ccfc6d4b" outcome="Passed" testListId="8c84fa94-04c1-424b-9868-57a2d4851a1d" relativeResultsDirectory="22d51bf9-3262-4150-8d5f-654e15cf25f0" />
    <UnitTestResult executionId="8d144be0-9cf1-483b-a29f-12dca6611014" testId="964974a5-02ad-c036-de7e-2178ae6a6b77" testName="TrustMarket.UserService.UnitTests.Domain.UserTests.TryConfirmEmail_AlreadyConfirmed_ReturnsTrueWithoutBadge" computerName="DCNOTE72" duration="00:00:00.0003968" startTime="2026-05-23T16:19:57.3912111+03:00" endTime="2026-05-23T16:19:57.3912112+03:00" testType="13cdc9d9-ddb5-4fa4-a97d-d965ccfc6d4b" outcome="Passed" testListId="8c84fa94-04c1-424b-9868-57a2d4851a1d" relativeResultsDirectory="8d144be0-9cf1-483b-a29f-12dca6611014" />
    <UnitTestResult executionId="e30e0c96-c766-4d03-8bf8-be6c11468a1b" testId="1b30f0c7-1ea7-af64-9c32-a98237bc8881" testName="TrustMarket.UserService.UnitTests.Auth.ForgotPasswordCommandHandlerTests.Handle_GoogleUser_SucceedsWithoutSendingEmail" computerName="DCNOTE72" duration="00:00:00.0023122" startTime="2026-05-23T16:19:57.3900961+03:00" endTime="2026-05-23T16:19:57.3900962+03:00" testType="13cdc9d9-ddb5-4fa4-a97d-d965ccfc6d4b" outcome="Passed" testListId="8c84fa94-04c1-424b-9868-57a2d4851a1d" relativeResultsDirectory="e30e0c96-c766-4d03-8bf8-be6c11468a1b" />
    <UnitTestResult executionId="b5429f21-dbb5-4b3a-ac3a-b4c61274b218" testId="e87c81a7-027e-6fcb-a7a6-576f42126041" testName="TrustMarket.UserService.UnitTests.Domain.UserTests.Create_SetsEmailProviderAndUnconfirmedEmail" computerName="DCNOTE72" duration="00:00:00.0015605" startTime="2026-05-23T16:19:57.3902514+03:00" endTime="2026-05-23T16:19:57.3902515+03:00" testType="13cdc9d9-ddb5-4fa4-a97d-d965ccfc6d4b" outcome="Passed" testListId="8c84fa94-04c1-424b-9868-57a2d4851a1d" relativeResultsDirectory="b5429f21-dbb5-4b3a-ac3a-b4c61274b218" />
    <UnitTestResult executionId="6e3f55e1-3143-41ce-b7a4-7be65572c8c5" testId="f04473d4-2768-3c5c-4beb-9b0942bd2261" testName="TrustMarket.UserService.UnitTests.Auth.DiiaVerificationCommandHandlerTests.Confirm_ValidSession_SetsVerifiedBadge" computerName="DCNOTE72" duration="00:00:00.0032585" startTime="2026-05-23T16:19:57.3880324+03:00" endTime="2026-05-23T16:19:57.3880324+03:00" testType="13cdc9d9-ddb5-4fa4-a97d-d965ccfc6d4b" outcome="Passed" testListId="8c84fa94-04c1-424b-9868-57a2d4851a1d" relativeResultsDirectory="6e3f55e1-3143-41ce-b7a4-7be65572c8c5" />
  </Results>
  <TestDefinitions>
    <UnitTest name="TrustMarket.UserService.UnitTests.Auth.GoogleAuthCommandHandlerTests.Handle_NewGoogleUser_CreatesUserAndReturnsIsNewTrue" storage="c:\trustmarket\trustmarket\tests\trustmarket.userservice.unittests\bin\debug\net8.0\trustmarket.userservice.unittests.dll" id="8ffd7641-2156-77ab-0a76-13c566ab9748">
      <Execution id="df1ec66e-2e92-4ec5-9d77-86cc55e2a7f8" />
      <TestMethod codeBase="C:\TrustMarket\TrustMarket\tests\TrustMarket.UserService.UnitTests\bin\Debug\net8.0\TrustMarket.UserService.UnitTests.dll" adapterTypeName="executor://xunit/VsTestRunner2/netcoreapp" className="TrustMarket.UserService.UnitTests.Auth.GoogleAuthCommandHandlerTests" name="Handle_NewGoogleUser_CreatesUserAndReturnsIsNewTrue" />
    </UnitTest>
    <UnitTest name="TrustMarket.UserService.UnitTests.Auth.LoginUserCommandHandlerTests.Handle_UnknownEmail_ReturnsFailure" storage="c:\trustmarket\trustmarket\tests\trustmarket.userservice.unittests\bin\debug\net8.0\trustmarket.userservice.unittests.dll" id="e02bb83a-6941-c3e0-0ee2-fcc2378214b2">
      <Execution id="24dcdc9f-2e6e-4a88-891e-4a131f4d84ee" />
      <TestMethod codeBase="C:\TrustMarket\TrustMarket\tests\TrustMarket.UserService.UnitTests\bin\Debug\net8.0\TrustMarket.UserService.UnitTests.dll" adapterTypeName="executor://xunit/VsTestRunner2/netcoreapp" className="TrustMarket.UserService.UnitTests.Auth.LoginUserCommandHandlerTests" name="Handle_UnknownEmail_ReturnsFailure" />
    </UnitTest>
    <UnitTest name="TrustMarket.UserService.UnitTests.Auth.RegisterUserCommandHandlerTests.Handle_NewUser_PublishesIntegrationEvent" storage="c:\trustmarket\trustmarket\tests\trustmarket.userservice.unittests\bin\debug\net8.0\trustmarket.userservice.unittests.dll" id="102be6e8-83ef-c92f-3030-8b62163d50ee">
      <Execution id="647dffdf-dc40-45be-8995-53c570a71f42" />
      <TestMethod codeBase="C:\TrustMarket\TrustMarket\tests\TrustMarket.UserService.UnitTests\bin\Debug\net8.0\TrustMarket.UserService.UnitTests.dll" adapterTypeName="executor://xunit/VsTestRunner2/netcoreapp" className="TrustMarket.UserService.UnitTests.Auth.RegisterUserCommandHandlerTests" name="Handle_NewUser_PublishesIntegrationEvent" />
    </UnitTest>
    <UnitTest name="TrustMarket.UserService.UnitTests.Auth.ForgotPasswordCommandHandlerTests.Handle_EmailUser_SendsResetEmailAndSaves" storage="c:\trustmarket\trustmarket\tests\trustmarket.userservice.unittests\bin\debug\net8.0\trustmarket.userservice.unittests.dll" id="1a2b8b6e-10a0-7379-36f1-93e49e0074c3">
      <Execution id="93d7f65e-25a4-4a85-a70f-146fae6c257b" />
      <TestMethod codeBase="C:\TrustMarket\TrustMarket\tests\TrustMarket.UserService.UnitTests\bin\Debug\net8.0\TrustMarket.UserService.UnitTests.dll" adapterTypeName="executor://xunit/VsTestRunner2/netcoreapp" className="TrustMarket.UserService.UnitTests.Auth.ForgotPasswordCommandHandlerTests" name="Handle_EmailUser_SendsResetEmailAndSaves" />
    </UnitTest>
    <UnitTest name="TrustMarket.UserService.UnitTests.Domain.UserTests.GeneratePasswordResetToken_ReturnsTokenWithExpiry" storage="c:\trustmarket\trustmarket\tests\trustmarket.userservice.unittests\bin\debug\net8.0\trustmarket.userservice.unittests.dll" id="bc6dc610-1c45-ce4e-8c68-ac4eb5700e84">
      <Execution id="59423421-3736-4758-ab7d-a02ee2b59b0d" />
      <TestMethod codeBase="C:\TrustMarket\TrustMarket\tests\TrustMarket.UserService.UnitTests\bin\Debug\net8.0\TrustMarket.UserService.UnitTests.dll" adapterTypeName="executor://xunit/VsTestRunner2/netcoreapp" className="TrustMarket.UserService.UnitTests.Domain.UserTests" name="GeneratePasswordResetToken_ReturnsTokenWithExpiry" />
    </UnitTest>
    <UnitTest name="TrustMarket.UserService.UnitTests.Auth.LoginUserCommandHandlerTests.Handle_WrongPassword_ReturnsFailure" storage="c:\trustmarket\trustmarket\tests\trustmarket.userservice.unittests\bin\debug\net8.0\trustmarket.userservice.unittests.dll" id="2e0f3c38-88a0-a76c-316e-04e4a541474b">
      <Execution id="239c0b5a-048c-4993-8c68-ee7a377e5c36" />
      <TestMethod codeBase="C:\TrustMarket\TrustMarket\tests\TrustMarket.UserService.UnitTests\bin\Debug\net8.0\TrustMarket.UserService.UnitTests.dll" adapterTypeName="executor://xunit/VsTestRunner2/netcoreapp" className="TrustMarket.UserService.UnitTests.Auth.LoginUserCommandHandlerTests" name="Handle_WrongPassword_ReturnsFailure" />
    </UnitTest>
    <UnitTest name="TrustMarket.UserService.UnitTests.Auth.DiiaVerificationCommandHandlerTests.Start_AlreadyVerified_ReturnsFailure" storage="c:\trustmarket\trustmarket\tests\trustmarket.userservice.unittests\bin\debug\net8.0\trustmarket.userservice.unittests.dll" id="e0a7e8e6-7709-a3dc-ee28-5f74aa179eca">
      <Execution id="4e8c7e16-f2af-4292-a053-4fea14af7123" />
      <TestMethod codeBase="C:\TrustMarket\TrustMarket\tests\TrustMarket.UserService.UnitTests\bin\Debug\net8.0\TrustMarket.UserService.UnitTests.dll" adapterTypeName="executor://xunit/VsTestRunner2/netcoreapp" className="TrustMarket.UserService.UnitTests.Auth.DiiaVerificationCommandHandlerTests" name="Start_AlreadyVerified_ReturnsFailure" />
    </UnitTest>
    <UnitTest name="TrustMarket.UserService.UnitTests.Auth.ConfirmEmailCommandHandlerTests.Handle_HappyPath_ConfirmsEmailAndPublishesEventAndSendsWelcome" storage="c:\trustmarket\trustmarket\tests\trustmarket.userservice.unittests\bin\debug\net8.0\trustmarket.userservice.unittests.dll" id="3e092ee6-0e7c-5aa3-749b-99707a6908f3">
      <Execution id="2d8d1797-4cbf-41a7-9f9b-2eef0c62ed3a" />
      <TestMethod codeBase="C:\TrustMarket\TrustMarket\tests\TrustMarket.UserService.UnitTests\bin\Debug\net8.0\TrustMarket.UserService.UnitTests.dll" adapterTypeName="executor://xunit/VsTestRunner2/netcoreapp" className="TrustMarket.UserService.UnitTests.Auth.ConfirmEmailCommandHandlerTests" name="Handle_HappyPath_ConfirmsEmailAndPublishesEventAndSendsWelcome" />
    </UnitTest>
    <UnitTest name="TrustMarket.UserService.UnitTests.Auth.RegisterUserCommandHandlerTests.Handle_NewUser_ReturnsTokenAndUserId" storage="c:\trustmarket\trustmarket\tests\trustmarket.userservice.unittests\bin\debug\net8.0\trustmarket.userservice.unittests.dll" id="bfcd2ef1-7dbc-cb7b-e60e-4fbf5cfc4152">
      <Execution id="ba255a0c-96df-4932-be0d-04fdb48614f2" />
      <TestMethod codeBase="C:\TrustMarket\TrustMarket\tests\TrustMarket.UserService.UnitTests\bin\Debug\net8.0\TrustMarket.UserService.UnitTests.dll" adapterTypeName="executor://xunit/VsTestRunner2/netcoreapp" className="TrustMarket.UserService.UnitTests.Auth.RegisterUserCommandHandlerTests" name="Handle_NewUser_ReturnsTokenAndUserId" />
    </UnitTest>
    <UnitTest name="TrustMarket.UserService.UnitTests.Auth.ForgotPasswordCommandHandlerTests.Handle_UserNotFound_SucceedsWithoutSendingEmail" storage="c:\trustmarket\trustmarket\tests\trustmarket.userservice.unittests\bin\debug\net8.0\trustmarket.userservice.unittests.dll" id="fff99ca3-c523-105c-aed5-79fc92ee7392">
      <Execution id="ee9b6ec0-8850-41f0-baf6-93063cfd8c51" />
      <TestMethod codeBase="C:\TrustMarket\TrustMarket\tests\TrustMarket.UserService.UnitTests\bin\Debug\net8.0\TrustMarket.UserService.UnitTests.dll" adapterTypeName="executor://xunit/VsTestRunner2/netcoreapp" className="TrustMarket.UserService.UnitTests.Auth.ForgotPasswordCommandHandlerTests" name="Handle_UserNotFound_SucceedsWithoutSendingEmail" />
    </UnitTest>
    <UnitTest name="TrustMarket.UserService.UnitTests.Auth.DiiaVerificationCommandHandlerTests.Start_UnknownUser_ReturnsFailure" storage="c:\trustmarket\trustmarket\tests\trustmarket.userservice.unittests\bin\debug\net8.0\trustmarket.userservice.unittests.dll" id="dac5c13d-0628-7f5c-6eb8-e249209eb889">
      <Execution id="23e2bb6b-6e73-478c-8099-134f8c8d8e81" />
      <TestMethod codeBase="C:\TrustMarket\TrustMarket\tests\TrustMarket.UserService.UnitTests\bin\Debug\net8.0\TrustMarket.UserService.UnitTests.dll" adapterTypeName="executor://xunit/VsTestRunner2/netcoreapp" className="TrustMarket.UserService.UnitTests.Auth.DiiaVerificationCommandHandlerTests" name="Start_UnknownUser_ReturnsFailure" />
    </UnitTest>
    <UnitTest name="TrustMarket.UserService.UnitTests.Auth.DiiaVerificationCommandHandlerTests.Start_ExistingUser_ReturnsSessionId" storage="c:\trustmarket\trustmarket\tests\trustmarket.userservice.unittests\bin\debug\net8.0\trustmarket.userservice.unittests.dll" id="71c30c70-8a59-096d-7be0-17cf2bf0a950">
      <Execution id="8f33a709-33e2-44d2-b7b2-dba81e53451d" />
      <TestMethod codeBase="C:\TrustMarket\TrustMarket\tests\TrustMarket.UserService.UnitTests\bin\Debug\net8.0\TrustMarket.UserService.UnitTests.dll" adapterTypeName="executor://xunit/VsTestRunner2/netcoreapp" className="TrustMarket.UserService.UnitTests.Auth.DiiaVerificationCommandHandlerTests" name="Start_ExistingUser_ReturnsSessionId" />
    </UnitTest>
    <UnitTest name="TrustMarket.UserService.UnitTests.Auth.ConfirmEmailCommandHandlerTests.Handle_TokenExpired_ReturnsExpiredError" storage="c:\trustmarket\trustmarket\tests\trustmarket.userservice.unittests\bin\debug\net8.0\trustmarket.userservice.unittests.dll" id="b83bc809-8129-07ee-f00c-4528e3ae40bb">
      <Execution id="ce1d0181-ab5f-483d-a825-18ea432892e7" />
      <TestMethod codeBase="C:\TrustMarket\TrustMarket\tests\TrustMarket.UserService.UnitTests\bin\Debug\net8.0\TrustMarket.UserService.UnitTests.dll" adapterTypeName="executor://xunit/VsTestRunner2/netcoreapp" className="TrustMarket.UserService.UnitTests.Auth.ConfirmEmailCommandHandlerTests" name="Handle_TokenExpired_ReturnsExpiredError" />
    </UnitTest>
    <UnitTest name="TrustMarket.UserService.UnitTests.Auth.ResetPasswordCommandHandlerTests.Handle_HappyPath_ResetsPasswordAndReturnsJwt" storage="c:\trustmarket\trustmarket\tests\trustmarket.userservice.unittests\bin\debug\net8.0\trustmarket.userservice.unittests.dll" id="0b121c88-0671-3609-94a3-926f4c114092">
      <Execution id="40d34a8d-7fe2-4759-9e11-958b834c784b" />
      <TestMethod codeBase="C:\TrustMarket\TrustMarket\tests\TrustMarket.UserService.UnitTests\bin\Debug\net8.0\TrustMarket.UserService.UnitTests.dll" adapterTypeName="executor://xunit/VsTestRunner2/netcoreapp" className="TrustMarket.UserService.UnitTests.Auth.ResetPasswordCommandHandlerTests" name="Handle_HappyPath_ResetsPasswordAndReturnsJwt" />
    </UnitTest>
    <UnitTest name="TrustMarket.UserService.UnitTests.Domain.UserTests.TryConfirmEmail_ValidToken_ConfirmsEmailAndAddsBadge" storage="c:\trustmarket\trustmarket\tests\trustmarket.userservice.unittests\bin\debug\net8.0\trustmarket.userservice.unittests.dll" id="46fc702a-a8e3-9f70-85f0-14fbe6206b55">
      <Execution id="22d51bf9-3262-4150-8d5f-654e15cf25f0" />
      <TestMethod codeBase="C:\TrustMarket\TrustMarket\tests\TrustMarket.UserService.UnitTests\bin\Debug\net8.0\TrustMarket.UserService.UnitTests.dll" adapterTypeName="executor://xunit/VsTestRunner2/netcoreapp" className="TrustMarket.UserService.UnitTests.Domain.UserTests" name="TryConfirmEmail_ValidToken_ConfirmsEmailAndAddsBadge" />
    </UnitTest>
    <UnitTest name="TrustMarket.UserService.UnitTests.Auth.RegisterUserCommandHandlerTests.Handle_NewUser_SendsConfirmationEmail" storage="c:\trustmarket\trustmarket\tests\trustmarket.userservice.unittests\bin\debug\net8.0\trustmarket.userservice.unittests.dll" id="eb6d152f-c39b-4490-4681-a98fec628f8e">
      <Execution id="d2a7116a-feeb-4106-954c-01bf11ed4818" />
      <TestMethod codeBase="C:\TrustMarket\TrustMarket\tests\TrustMarket.UserService.UnitTests\bin\Debug\net8.0\TrustMarket.UserService.UnitTests.dll" adapterTypeName="executor://xunit/VsTestRunner2/netcoreapp" className="TrustMarket.UserService.UnitTests.Auth.RegisterUserCommandHandlerTests" name="Handle_NewUser_SendsConfirmationEmail" />
    </UnitTest>
    <UnitTest name="TrustMarket.UserService.UnitTests.Domain.UserTests.DisplayName_FirstNameAndInitialMode_FormatsCorrectly" storage="c:\trustmarket\trustmarket\tests\trustmarket.userservice.unittests\bin\debug\net8.0\trustmarket.userservice.unittests.dll" id="c2c333ba-7646-d5ff-b317-b9f4109d5023">
      <Execution id="00979999-d689-4e7f-9c54-233cf9bb3052" />
      <TestMethod codeBase="C:\TrustMarket\TrustMarket\tests\TrustMarket.UserService.UnitTests\bin\Debug\net8.0\TrustMarket.UserService.UnitTests.dll" adapterTypeName="executor://xunit/VsTestRunner2/netcoreapp" className="TrustMarket.UserService.UnitTests.Domain.UserTests" name="DisplayName_FirstNameAndInitialMode_FormatsCorrectly" />
    </UnitTest>
    <UnitTest name="TrustMarket.UserService.UnitTests.Auth.ConfirmEmailCommandHandlerTests.Handle_TokenNotFound_ReturnsFailure" storage="c:\trustmarket\trustmarket\tests\trustmarket.userservice.unittests\bin\debug\net8.0\trustmarket.userservice.unittests.dll" id="3377d9f4-d48c-1dab-16f0-80dbcb6ab8b6">
      <Execution id="a49a37b8-dd07-4b59-bdbb-395599ae93f2" />
      <TestMethod codeBase="C:\TrustMarket\TrustMarket\tests\TrustMarket.UserService.UnitTests\bin\Debug\net8.0\TrustMarket.UserService.UnitTests.dll" adapterTypeName="executor://xunit/VsTestRunner2/netcoreapp" className="TrustMarket.UserService.UnitTests.Auth.ConfirmEmailCommandHandlerTests" name="Handle_TokenNotFound_ReturnsFailure" />
    </UnitTest>
    <UnitTest name="TrustMarket.UserService.UnitTests.Auth.ResetPasswordCommandHandlerTests.Handle_TokenExpired_ReturnsExpiredError" storage="c:\trustmarket\trustmarket\tests\trustmarket.userservice.unittests\bin\debug\net8.0\trustmarket.userservice.unittests.dll" id="b0437910-f5c0-a05f-b56f-e3d734fe8b1c">
      <Execution id="dd335950-79d0-43e9-ad06-f3931af4d727" />
      <TestMethod codeBase="C:\TrustMarket\TrustMarket\tests\TrustMarket.UserService.UnitTests\bin\Debug\net8.0\TrustMarket.UserService.UnitTests.dll" adapterTypeName="executor://xunit/VsTestRunner2/netcoreapp" className="TrustMarket.UserService.UnitTests.Auth.ResetPasswordCommandHandlerTests" name="Handle_TokenExpired_ReturnsExpiredError" />
    </UnitTest>
    <UnitTest name="TrustMarket.UserService.UnitTests.Domain.UserTests.Create_SetsEmailProviderAndUnconfirmedEmail" storage="c:\trustmarket\trustmarket\tests\trustmarket.userservice.unittests\bin\debug\net8.0\trustmarket.userservice.unittests.dll" id="e87c81a7-027e-6fcb-a7a6-576f42126041">
      <Execution id="b5429f21-dbb5-4b3a-ac3a-b4c61274b218" />
      <TestMethod codeBase="C:\TrustMarket\TrustMarket\tests\TrustMarket.UserService.UnitTests\bin\Debug\net8.0\TrustMarket.UserService.UnitTests.dll" adapterTypeName="executor://xunit/VsTestRunner2/netcoreapp" className="TrustMarket.UserService.UnitTests.Domain.UserTests" name="Create_SetsEmailProviderAndUnconfirmedEmail" />
    </UnitTest>
    <UnitTest name="TrustMarket.UserService.UnitTests.Auth.GoogleAuthCommandHandlerTests.Handle_EmailRegisteredWithPassword_ReturnsConflictError" storage="c:\trustmarket\trustmarket\tests\trustmarket.userservice.unittests\bin\debug\net8.0\trustmarket.userservice.unittests.dll" id="64234664-1516-e663-f2f1-615e300cb60f">
      <Execution id="e447cdcf-59b5-4354-8e7e-d99f68310293" />
      <TestMethod codeBase="C:\TrustMarket\TrustMarket\tests\TrustMarket.UserService.UnitTests\bin\Debug\net8.0\TrustMarket.UserService.UnitTests.dll" adapterTypeName="executor://xunit/VsTestRunner2/netcoreapp" className="TrustMarket.UserService.UnitTests.Auth.GoogleAuthCommandHandlerTests" name="Handle_EmailRegisteredWithPassword_ReturnsConflictError" />
    </UnitTest>
    <UnitTest name="TrustMarket.UserService.UnitTests.Domain.UserTests.TryResetPassword_WrongToken_ReturnsFalse" storage="c:\trustmarket\trustmarket\tests\trustmarket.userservice.unittests\bin\debug\net8.0\trustmarket.userservice.unittests.dll" id="fc628ec7-d7db-bd9b-280b-a0b93300833d">
      <Execution id="99761cd0-9cc6-4e1c-bb06-13d45b9f6269" />
      <TestMethod codeBase="C:\TrustMarket\TrustMarket\tests\TrustMarket.UserService.UnitTests\bin\Debug\net8.0\TrustMarket.UserService.UnitTests.dll" adapterTypeName="executor://xunit/VsTestRunner2/netcoreapp" className="TrustMarket.UserService.UnitTests.Domain.UserTests" name="TryResetPassword_WrongToken_ReturnsFalse" />
    </UnitTest>
    <UnitTest name="TrustMarket.UserService.UnitTests.Domain.UserTests.TryResetPassword_ValidToken_UpdatesHashAndClearsToken" storage="c:\trustmarket\trustmarket\tests\trustmarket.userservice.unittests\bin\debug\net8.0\trustmarket.userservice.unittests.dll" id="d432163c-5184-9a21-a2a7-191db6d760be">
      <Execution id="5a886a62-a4ce-4f18-9c01-158e6b2fbde5" />
      <TestMethod codeBase="C:\TrustMarket\TrustMarket\tests\TrustMarket.UserService.UnitTests\bin\Debug\net8.0\TrustMarket.UserService.UnitTests.dll" adapterTypeName="executor://xunit/VsTestRunner2/netcoreapp" className="TrustMarket.UserService.UnitTests.Domain.UserTests" name="TryResetPassword_ValidToken_UpdatesHashAndClearsToken" />
    </UnitTest>
    <UnitTest name="TrustMarket.UserService.UnitTests.Domain.UserTests.UpdateName_TwiceWithin30Days_ReturnsError" storage="c:\trustmarket\trustmarket\tests\trustmarket.userservice.unittests\bin\debug\net8.0\trustmarket.userservice.unittests.dll" id="0e7868c6-270b-bceb-2e05-3b57dabe2f71">
      <Execution id="d5b90217-77fc-41e1-84eb-acaae82e9fc3" />
      <TestMethod codeBase="C:\TrustMarket\TrustMarket\tests\TrustMarket.UserService.UnitTests\bin\Debug\net8.0\TrustMarket.UserService.UnitTests.dll" adapterTypeName="executor://xunit/VsTestRunner2/netcoreapp" className="TrustMarket.UserService.UnitTests.Domain.UserTests" name="UpdateName_TwiceWithin30Days_ReturnsError" />
    </UnitTest>
    <UnitTest name="TrustMarket.UserService.UnitTests.Domain.UserTests.GenerateEmailConfirmationToken_ReturnsNonEmptyTokenAndSetsExpiry" storage="c:\trustmarket\trustmarket\tests\trustmarket.userservice.unittests\bin\debug\net8.0\trustmarket.userservice.unittests.dll" id="3cc99ff1-b51a-ae40-ee90-7481440e0dfb">
      <Execution id="d37d3fe2-6dfa-4d39-99d0-c2aabb847e43" />
      <TestMethod codeBase="C:\TrustMarket\TrustMarket\tests\TrustMarket.UserService.UnitTests\bin\Debug\net8.0\TrustMarket.UserService.UnitTests.dll" adapterTypeName="executor://xunit/VsTestRunner2/netcoreapp" className="TrustMarket.UserService.UnitTests.Domain.UserTests" name="GenerateEmailConfirmationToken_ReturnsNonEmptyTokenAndSetsExpiry" />
    </UnitTest>
    <UnitTest name="TrustMarket.UserService.UnitTests.Domain.UserTests.TryConfirmEmail_WrongToken_ReturnsFalse" storage="c:\trustmarket\trustmarket\tests\trustmarket.userservice.unittests\bin\debug\net8.0\trustmarket.userservice.unittests.dll" id="3b504aff-22cd-83fa-67e8-e2ffec074f75">
      <Execution id="81127f09-6e0e-4871-879b-be465e69e44f" />
      <TestMethod codeBase="C:\TrustMarket\TrustMarket\tests\TrustMarket.UserService.UnitTests\bin\Debug\net8.0\TrustMarket.UserService.UnitTests.dll" adapterTypeName="executor://xunit/VsTestRunner2/netcoreapp" className="TrustMarket.UserService.UnitTests.Domain.UserTests" name="TryConfirmEmail_WrongToken_ReturnsFalse" />
    </UnitTest>
    <UnitTest name="TrustMarket.UserService.UnitTests.Auth.ForgotPasswordCommandHandlerTests.Handle_GoogleUser_SucceedsWithoutSendingEmail" storage="c:\trustmarket\trustmarket\tests\trustmarket.userservice.unittests\bin\debug\net8.0\trustmarket.userservice.unittests.dll" id="1b30f0c7-1ea7-af64-9c32-a98237bc8881">
      <Execution id="e30e0c96-c766-4d03-8bf8-be6c11468a1b" />
      <TestMethod codeBase="C:\TrustMarket\TrustMarket\tests\TrustMarket.UserService.UnitTests\bin\Debug\net8.0\TrustMarket.UserService.UnitTests.dll" adapterTypeName="executor://xunit/VsTestRunner2/netcoreapp" className="TrustMarket.UserService.UnitTests.Auth.ForgotPasswordCommandHandlerTests" name="Handle_GoogleUser_SucceedsWithoutSendingEmail" />
    </UnitTest>
    <UnitTest name="TrustMarket.UserService.UnitTests.Auth.GoogleAuthCommandHandlerTests.Handle_InvalidGoogleToken_ReturnsFailure" storage="c:\trustmarket\trustmarket\tests\trustmarket.userservice.unittests\bin\debug\net8.0\trustmarket.userservice.unittests.dll" id="2620d26c-3dd9-591b-1776-f5e65e6f995d">
      <Execution id="fb162551-8012-4127-bb52-d1f3c634241c" />
      <TestMethod codeBase="C:\TrustMarket\TrustMarket\tests\TrustMarket.UserService.UnitTests\bin\Debug\net8.0\TrustMarket.UserService.UnitTests.dll" adapterTypeName="executor://xunit/VsTestRunner2/netcoreapp" className="TrustMarket.UserService.UnitTests.Auth.GoogleAuthCommandHandlerTests" name="Handle_InvalidGoogleToken_ReturnsFailure" />
    </UnitTest>
    <UnitTest name="TrustMarket.UserService.UnitTests.Auth.DiiaVerificationCommandHandlerTests.Confirm_InvalidSession_ReturnsFailure" storage="c:\trustmarket\trustmarket\tests\trustmarket.userservice.unittests\bin\debug\net8.0\trustmarket.userservice.unittests.dll" id="8233f858-a800-07db-216c-acecfe80fb3d">
      <Execution id="1ec9ef70-866d-424e-97c3-67232ede9826" />
      <TestMethod codeBase="C:\TrustMarket\TrustMarket\tests\TrustMarket.UserService.UnitTests\bin\Debug\net8.0\TrustMarket.UserService.UnitTests.dll" adapterTypeName="executor://xunit/VsTestRunner2/netcoreapp" className="TrustMarket.UserService.UnitTests.Auth.DiiaVerificationCommandHandlerTests" name="Confirm_InvalidSession_ReturnsFailure" />
    </UnitTest>
    <UnitTest name="TrustMarket.UserService.UnitTests.Domain.UserTests.SetMonobankSubMerchantId_WhitespaceClearsToNull" storage="c:\trustmarket\trustmarket\tests\trustmarket.userservice.unittests\bin\debug\net8.0\trustmarket.userservice.unittests.dll" id="fad3c7ff-5438-3e30-c850-8fc668bf7386">
      <Execution id="8317f373-dce3-42d1-9deb-f934c8ccc8c2" />
      <TestMethod codeBase="C:\TrustMarket\TrustMarket\tests\TrustMarket.UserService.UnitTests\bin\Debug\net8.0\TrustMarket.UserService.UnitTests.dll" adapterTypeName="executor://xunit/VsTestRunner2/netcoreapp" className="TrustMarket.UserService.UnitTests.Domain.UserTests" name="SetMonobankSubMerchantId_WhitespaceClearsToNull" />
    </UnitTest>
    <UnitTest name="TrustMarket.UserService.UnitTests.Domain.UserTests.CreateWithGoogle_SetsGoogleProviderAndConfirmsEmail" storage="c:\trustmarket\trustmarket\tests\trustmarket.userservice.unittests\bin\debug\net8.0\trustmarket.userservice.unittests.dll" id="287a9d7a-a2c8-0991-81be-9afa64640c6d">
      <Execution id="e21d498c-9f8e-4f3f-9308-282b2a4ffb86" />
      <TestMethod codeBase="C:\TrustMarket\TrustMarket\tests\TrustMarket.UserService.UnitTests\bin\Debug\net8.0\TrustMarket.UserService.UnitTests.dll" adapterTypeName="executor://xunit/VsTestRunner2/netcoreapp" className="TrustMarket.UserService.UnitTests.Domain.UserTests" name="CreateWithGoogle_SetsGoogleProviderAndConfirmsEmail" />
    </UnitTest>
    <UnitTest name="TrustMarket.UserService.UnitTests.Auth.DiiaVerificationCommandHandlerTests.Confirm_ValidSession_SetsVerifiedBadge" storage="c:\trustmarket\trustmarket\tests\trustmarket.userservice.unittests\bin\debug\net8.0\trustmarket.userservice.unittests.dll" id="f04473d4-2768-3c5c-4beb-9b0942bd2261">
      <Execution id="6e3f55e1-3143-41ce-b7a4-7be65572c8c5" />
      <TestMethod codeBase="C:\TrustMarket\TrustMarket\tests\TrustMarket.UserService.UnitTests\bin\Debug\net8.0\TrustMarket.UserService.UnitTests.dll" adapterTypeName="executor://xunit/VsTestRunner2/netcoreapp" className="TrustMarket.UserService.UnitTests.Auth.DiiaVerificationCommandHandlerTests" name="Confirm_ValidSession_SetsVerifiedBadge" />
    </UnitTest>
    <UnitTest name="TrustMarket.UserService.UnitTests.Auth.GoogleAuthCommandHandlerTests.Handle_ExistingGoogleUser_RecordsLoginAndReturnsToken" storage="c:\trustmarket\trustmarket\tests\trustmarket.userservice.unittests\bin\debug\net8.0\trustmarket.userservice.unittests.dll" id="972bf800-686e-feca-3acf-a6e24f27ee94">
      <Execution id="625adaa8-1748-443e-bf7e-9fe1eb6ecff9" />
      <TestMethod codeBase="C:\TrustMarket\TrustMarket\tests\TrustMarket.UserService.UnitTests\bin\Debug\net8.0\TrustMarket.UserService.UnitTests.dll" adapterTypeName="executor://xunit/VsTestRunner2/netcoreapp" className="TrustMarket.UserService.UnitTests.Auth.GoogleAuthCommandHandlerTests" name="Handle_ExistingGoogleUser_RecordsLoginAndReturnsToken" />
    </UnitTest>
    <UnitTest name="TrustMarket.UserService.UnitTests.Auth.ConfirmEmailCommandHandlerTests.Handle_HappyPath_TracksBadgeWhenNewlyConfirmed" storage="c:\trustmarket\trustmarket\tests\trustmarket.userservice.unittests\bin\debug\net8.0\trustmarket.userservice.unittests.dll" id="18e79dc4-1728-e231-0ee4-7da54a0b779f">
      <Execution id="fe38e8a6-57b4-4be0-93fa-5f29bf141dbb" />
      <TestMethod codeBase="C:\TrustMarket\TrustMarket\tests\TrustMarket.UserService.UnitTests\bin\Debug\net8.0\TrustMarket.UserService.UnitTests.dll" adapterTypeName="executor://xunit/VsTestRunner2/netcoreapp" className="TrustMarket.UserService.UnitTests.Auth.ConfirmEmailCommandHandlerTests" name="Handle_HappyPath_TracksBadgeWhenNewlyConfirmed" />
    </UnitTest>
    <UnitTest name="TrustMarket.UserService.UnitTests.Domain.UserTests.UpdateReviewRating_AsSeller_UpdatesSellerStatsCorrectly" storage="c:\trustmarket\trustmarket\tests\trustmarket.userservice.unittests\bin\debug\net8.0\trustmarket.userservice.unittests.dll" id="f50d91b9-6429-ff5b-bcd3-2d0d1db0d8d4">
      <Execution id="2654fac2-930a-4ec1-a58d-b99a44c2aee2" />
      <TestMethod codeBase="C:\TrustMarket\TrustMarket\tests\TrustMarket.UserService.UnitTests\bin\Debug\net8.0\TrustMarket.UserService.UnitTests.dll" adapterTypeName="executor://xunit/VsTestRunner2/netcoreapp" className="TrustMarket.UserService.UnitTests.Domain.UserTests" name="UpdateReviewRating_AsSeller_UpdatesSellerStatsCorrectly" />
    </UnitTest>
    <UnitTest name="TrustMarket.UserService.UnitTests.Auth.LoginUserCommandHandlerTests.Handle_ValidCredentials_ReturnsToken" storage="c:\trustmarket\trustmarket\tests\trustmarket.userservice.unittests\bin\debug\net8.0\trustmarket.userservice.unittests.dll" id="c04551e4-8f59-2020-366e-0a753bacda5a">
      <Execution id="1219b740-eddd-4aac-88b4-cfcde84e23d2" />
      <TestMethod codeBase="C:\TrustMarket\TrustMarket\tests\TrustMarket.UserService.UnitTests\bin\Debug\net8.0\TrustMarket.UserService.UnitTests.dll" adapterTypeName="executor://xunit/VsTestRunner2/netcoreapp" className="TrustMarket.UserService.UnitTests.Auth.LoginUserCommandHandlerTests" name="Handle_ValidCredentials_ReturnsToken" />
    </UnitTest>
    <UnitTest name="TrustMarket.UserService.UnitTests.Auth.RegisterUserCommandHandlerTests.Handle_DuplicateEmail_ReturnsFailure" storage="c:\trustmarket\trustmarket\tests\trustmarket.userservice.unittests\bin\debug\net8.0\trustmarket.userservice.unittests.dll" id="93d24695-515d-8d95-699c-8af733667770">
      <Execution id="cc666356-f53c-4d31-9748-f84b044ba9ac" />
      <TestMethod codeBase="C:\TrustMarket\TrustMarket\tests\TrustMarket.UserService.UnitTests\bin\Debug\net8.0\TrustMarket.UserService.UnitTests.dll" adapterTypeName="executor://xunit/VsTestRunner2/netcoreapp" className="TrustMarket.UserService.UnitTests.Auth.RegisterUserCommandHandlerTests" name="Handle_DuplicateEmail_ReturnsFailure" />
    </UnitTest>
    <UnitTest name="TrustMarket.UserService.UnitTests.Domain.UserTests.TryConfirmEmail_AlreadyConfirmed_ReturnsTrueWithoutBadge" storage="c:\trustmarket\trustmarket\tests\trustmarket.userservice.unittests\bin\debug\net8.0\trustmarket.userservice.unittests.dll" id="964974a5-02ad-c036-de7e-2178ae6a6b77">
      <Execution id="8d144be0-9cf1-483b-a29f-12dca6611014" />
      <TestMethod codeBase="C:\TrustMarket\TrustMarket\tests\TrustMarket.UserService.UnitTests\bin\Debug\net8.0\TrustMarket.UserService.UnitTests.dll" adapterTypeName="executor://xunit/VsTestRunner2/netcoreapp" className="TrustMarket.UserService.UnitTests.Domain.UserTests" name="TryConfirmEmail_AlreadyConfirmed_ReturnsTrueWithoutBadge" />
    </UnitTest>
    <UnitTest name="TrustMarket.UserService.UnitTests.Domain.UserTests.UpdateName_FirstChange_Succeeds" storage="c:\trustmarket\trustmarket\tests\trustmarket.userservice.unittests\bin\debug\net8.0\trustmarket.userservice.unittests.dll" id="66376e60-2268-e8fa-d379-88080df09abd">
      <Execution id="c69d5d0e-9281-402c-a66b-2447246cf73c" />
      <TestMethod codeBase="C:\TrustMarket\TrustMarket\tests\TrustMarket.UserService.UnitTests\bin\Debug\net8.0\TrustMarket.UserService.UnitTests.dll" adapterTypeName="executor://xunit/VsTestRunner2/netcoreapp" className="TrustMarket.UserService.UnitTests.Domain.UserTests" name="UpdateName_FirstChange_Succeeds" />
    </UnitTest>
    <UnitTest name="TrustMarket.UserService.UnitTests.Auth.ResetPasswordCommandHandlerTests.Handle_TokenNotFound_ReturnsFailure" storage="c:\trustmarket\trustmarket\tests\trustmarket.userservice.unittests\bin\debug\net8.0\trustmarket.userservice.unittests.dll" id="c621a635-ad95-97b0-e4cd-08b37b62393c">
      <Execution id="a3f38f39-999a-4ab1-9f54-581a801eafcd" />
      <TestMethod codeBase="C:\TrustMarket\TrustMarket\tests\TrustMarket.UserService.UnitTests\bin\Debug\net8.0\TrustMarket.UserService.UnitTests.dll" adapterTypeName="executor://xunit/VsTestRunner2/netcoreapp" className="TrustMarket.UserService.UnitTests.Auth.ResetPasswordCommandHandlerTests" name="Handle_TokenNotFound_ReturnsFailure" />
    </UnitTest>
  </TestDefinitions>
  <TestEntries>
    <TestEntry testId="66376e60-2268-e8fa-d379-88080df09abd" executionId="c69d5d0e-9281-402c-a66b-2447246cf73c" testListId="8c84fa94-04c1-424b-9868-57a2d4851a1d" />
    <TestEntry testId="93d24695-515d-8d95-699c-8af733667770" executionId="cc666356-f53c-4d31-9748-f84b044ba9ac" testListId="8c84fa94-04c1-424b-9868-57a2d4851a1d" />
    <TestEntry testId="d432163c-5184-9a21-a2a7-191db6d760be" executionId="5a886a62-a4ce-4f18-9c01-158e6b2fbde5" testListId="8c84fa94-04c1-424b-9868-57a2d4851a1d" />
    <TestEntry testId="fc628ec7-d7db-bd9b-280b-a0b93300833d" executionId="99761cd0-9cc6-4e1c-bb06-13d45b9f6269" testListId="8c84fa94-04c1-424b-9868-57a2d4851a1d" />
    <TestEntry testId="3e092ee6-0e7c-5aa3-749b-99707a6908f3" executionId="2d8d1797-4cbf-41a7-9f9b-2eef0c62ed3a" testListId="8c84fa94-04c1-424b-9868-57a2d4851a1d" />
    <TestEntry testId="eb6d152f-c39b-4490-4681-a98fec628f8e" executionId="d2a7116a-feeb-4106-954c-01bf11ed4818" testListId="8c84fa94-04c1-424b-9868-57a2d4851a1d" />
    <TestEntry testId="972bf800-686e-feca-3acf-a6e24f27ee94" executionId="625adaa8-1748-443e-bf7e-9fe1eb6ecff9" testListId="8c84fa94-04c1-424b-9868-57a2d4851a1d" />
    <TestEntry testId="3377d9f4-d48c-1dab-16f0-80dbcb6ab8b6" executionId="a49a37b8-dd07-4b59-bdbb-395599ae93f2" testListId="8c84fa94-04c1-424b-9868-57a2d4851a1d" />
    <TestEntry testId="f50d91b9-6429-ff5b-bcd3-2d0d1db0d8d4" executionId="2654fac2-930a-4ec1-a58d-b99a44c2aee2" testListId="8c84fa94-04c1-424b-9868-57a2d4851a1d" />
    <TestEntry testId="c2c333ba-7646-d5ff-b317-b9f4109d5023" executionId="00979999-d689-4e7f-9c54-233cf9bb3052" testListId="8c84fa94-04c1-424b-9868-57a2d4851a1d" />
    <TestEntry testId="e02bb83a-6941-c3e0-0ee2-fcc2378214b2" executionId="24dcdc9f-2e6e-4a88-891e-4a131f4d84ee" testListId="8c84fa94-04c1-424b-9868-57a2d4851a1d" />
    <TestEntry testId="c04551e4-8f59-2020-366e-0a753bacda5a" executionId="1219b740-eddd-4aac-88b4-cfcde84e23d2" testListId="8c84fa94-04c1-424b-9868-57a2d4851a1d" />
    <TestEntry testId="64234664-1516-e663-f2f1-615e300cb60f" executionId="e447cdcf-59b5-4354-8e7e-d99f68310293" testListId="8c84fa94-04c1-424b-9868-57a2d4851a1d" />
    <TestEntry testId="b83bc809-8129-07ee-f00c-4528e3ae40bb" executionId="ce1d0181-ab5f-483d-a825-18ea432892e7" testListId="8c84fa94-04c1-424b-9868-57a2d4851a1d" />
    <TestEntry testId="dac5c13d-0628-7f5c-6eb8-e249209eb889" executionId="23e2bb6b-6e73-478c-8099-134f8c8d8e81" testListId="8c84fa94-04c1-424b-9868-57a2d4851a1d" />
    <TestEntry testId="0b121c88-0671-3609-94a3-926f4c114092" executionId="40d34a8d-7fe2-4759-9e11-958b834c784b" testListId="8c84fa94-04c1-424b-9868-57a2d4851a1d" />
    <TestEntry testId="3cc99ff1-b51a-ae40-ee90-7481440e0dfb" executionId="d37d3fe2-6dfa-4d39-99d0-c2aabb847e43" testListId="8c84fa94-04c1-424b-9868-57a2d4851a1d" />
    <TestEntry testId="8ffd7641-2156-77ab-0a76-13c566ab9748" executionId="df1ec66e-2e92-4ec5-9d77-86cc55e2a7f8" testListId="8c84fa94-04c1-424b-9868-57a2d4851a1d" />
    <TestEntry testId="fad3c7ff-5438-3e30-c850-8fc668bf7386" executionId="8317f373-dce3-42d1-9deb-f934c8ccc8c2" testListId="8c84fa94-04c1-424b-9868-57a2d4851a1d" />
    <TestEntry testId="bfcd2ef1-7dbc-cb7b-e60e-4fbf5cfc4152" executionId="ba255a0c-96df-4932-be0d-04fdb48614f2" testListId="8c84fa94-04c1-424b-9868-57a2d4851a1d" />
    <TestEntry testId="3b504aff-22cd-83fa-67e8-e2ffec074f75" executionId="81127f09-6e0e-4871-879b-be465e69e44f" testListId="8c84fa94-04c1-424b-9868-57a2d4851a1d" />
    <TestEntry testId="bc6dc610-1c45-ce4e-8c68-ac4eb5700e84" executionId="59423421-3736-4758-ab7d-a02ee2b59b0d" testListId="8c84fa94-04c1-424b-9868-57a2d4851a1d" />
    <TestEntry testId="c621a635-ad95-97b0-e4cd-08b37b62393c" executionId="a3f38f39-999a-4ab1-9f54-581a801eafcd" testListId="8c84fa94-04c1-424b-9868-57a2d4851a1d" />
    <TestEntry testId="0e7868c6-270b-bceb-2e05-3b57dabe2f71" executionId="d5b90217-77fc-41e1-84eb-acaae82e9fc3" testListId="8c84fa94-04c1-424b-9868-57a2d4851a1d" />
    <TestEntry testId="71c30c70-8a59-096d-7be0-17cf2bf0a950" executionId="8f33a709-33e2-44d2-b7b2-dba81e53451d" testListId="8c84fa94-04c1-424b-9868-57a2d4851a1d" />
    <TestEntry testId="8233f858-a800-07db-216c-acecfe80fb3d" executionId="1ec9ef70-866d-424e-97c3-67232ede9826" testListId="8c84fa94-04c1-424b-9868-57a2d4851a1d" />
    <TestEntry testId="e0a7e8e6-7709-a3dc-ee28-5f74aa179eca" executionId="4e8c7e16-f2af-4292-a053-4fea14af7123" testListId="8c84fa94-04c1-424b-9868-57a2d4851a1d" />
    <TestEntry testId="1a2b8b6e-10a0-7379-36f1-93e49e0074c3" executionId="93d7f65e-25a4-4a85-a70f-146fae6c257b" testListId="8c84fa94-04c1-424b-9868-57a2d4851a1d" />
    <TestEntry testId="2e0f3c38-88a0-a76c-316e-04e4a541474b" executionId="239c0b5a-048c-4993-8c68-ee7a377e5c36" testListId="8c84fa94-04c1-424b-9868-57a2d4851a1d" />
    <TestEntry testId="fff99ca3-c523-105c-aed5-79fc92ee7392" executionId="ee9b6ec0-8850-41f0-baf6-93063cfd8c51" testListId="8c84fa94-04c1-424b-9868-57a2d4851a1d" />
    <TestEntry testId="18e79dc4-1728-e231-0ee4-7da54a0b779f" executionId="fe38e8a6-57b4-4be0-93fa-5f29bf141dbb" testListId="8c84fa94-04c1-424b-9868-57a2d4851a1d" />
    <TestEntry testId="287a9d7a-a2c8-0991-81be-9afa64640c6d" executionId="e21d498c-9f8e-4f3f-9308-282b2a4ffb86" testListId="8c84fa94-04c1-424b-9868-57a2d4851a1d" />
    <TestEntry testId="b0437910-f5c0-a05f-b56f-e3d734fe8b1c" executionId="dd335950-79d0-43e9-ad06-f3931af4d727" testListId="8c84fa94-04c1-424b-9868-57a2d4851a1d" />
    <TestEntry testId="2620d26c-3dd9-591b-1776-f5e65e6f995d" executionId="fb162551-8012-4127-bb52-d1f3c634241c" testListId="8c84fa94-04c1-424b-9868-57a2d4851a1d" />
    <TestEntry testId="102be6e8-83ef-c92f-3030-8b62163d50ee" executionId="647dffdf-dc40-45be-8995-53c570a71f42" testListId="8c84fa94-04c1-424b-9868-57a2d4851a1d" />
    <TestEntry testId="46fc702a-a8e3-9f70-85f0-14fbe6206b55" executionId="22d51bf9-3262-4150-8d5f-654e15cf25f0" testListId="8c84fa94-04c1-424b-9868-57a2d4851a1d" />
    <TestEntry testId="964974a5-02ad-c036-de7e-2178ae6a6b77" executionId="8d144be0-9cf1-483b-a29f-12dca6611014" testListId="8c84fa94-04c1-424b-9868-57a2d4851a1d" />
    <TestEntry testId="1b30f0c7-1ea7-af64-9c32-a98237bc8881" executionId="e30e0c96-c766-4d03-8bf8-be6c11468a1b" testListId="8c84fa94-04c1-424b-9868-57a2d4851a1d" />
    <TestEntry testId="e87c81a7-027e-6fcb-a7a6-576f42126041" executionId="b5429f21-dbb5-4b3a-ac3a-b4c61274b218" testListId="8c84fa94-04c1-424b-9868-57a2d4851a1d" />
    <TestEntry testId="f04473d4-2768-3c5c-4beb-9b0942bd2261" executionId="6e3f55e1-3143-41ce-b7a4-7be65572c8c5" testListId="8c84fa94-04c1-424b-9868-57a2d4851a1d" />
  </TestEntries>
  <TestLists>
    <TestList name="Results Not in a List" id="8c84fa94-04c1-424b-9868-57a2d4851a1d" />
    <TestList name="All Loaded Results" id="19431567-8539-422a-85d7-44ee4e166bda" />
  </TestLists>
  <ResultSummary outcome="Completed">
    <Counters total="40" executed="40" passed="40" failed="0" error="0" timeout="0" aborted="0" inconclusive="0" passedButRunAborted="0" notRunnable="0" notExecuted="0" disconnected="0" warning="0" completed="0" inProgress="0" pending="0" />
    <Output>
      <StdOut>[xUnit.net 00:00:00.00] xUnit.net VSTest Adapter v2.8.2+699d445a1a (64-bit .NET 8.0.16)&#xD;
[xUnit.net 00:00:00.11]   Discovering: TrustMarket.UserService.UnitTests&#xD;
[xUnit.net 00:00:00.27]   Discovered:  TrustMarket.UserService.UnitTests&#xD;
[xUnit.net 00:00:00.27]   Starting:    TrustMarket.UserService.UnitTests&#xD;
[xUnit.net 00:00:00.67]   Finished:    TrustMarket.UserService.UnitTests&#xD;
</StdOut>
    </Output>
  </ResultSummary>
</TestRun>