<?xml version="1.0" encoding="utf-8"?>
<TestRun id="a3560d7a-d7b9-4448-95cf-bcaaac4bfe0f" name="anastasiia.dmytryshy@DCNOTE72 2026-05-23 16:19:57" runUser="DEVCOM\anastasiia.dmytryshy" xmlns="http://microsoft.com/schemas/VisualStudio/TeamTest/2010">
  <Times creation="2026-05-23T16:19:57.8842578+03:00" queuing="2026-05-23T16:19:57.8842579+03:00" start="2026-05-23T16:19:56.1682323+03:00" finish="2026-05-23T16:19:58.0661994+03:00" />
  <TestSettings name="default" id="058a4e74-1c82-4154-8f88-13b4c50b6b11">
    <Deployment runDeploymentRoot="anastasiia.dmytryshy_DCNOTE72_2026-05-23_16_19_57" />
  </TestSettings>
  <Results>
    <UnitTestResult executionId="2ada932d-e8e5-4de7-bbd6-41869663a6ae" testId="3c3d16a6-d735-559f-2aa5-04d5fb98d636" testName="TrustMarket.CatalogService.UnitTests.Advertisements.ReserveAdvertisementCommandHandlerTests.Reserve_AdNotFound_ReturnsFailure" computerName="DCNOTE72" duration="00:00:00.0676049" startTime="2026-05-23T16:19:57.8597191+03:00" endTime="2026-05-23T16:19:57.8597195+03:00" testType="13cdc9d9-ddb5-4fa4-a97d-d965ccfc6d4b" outcome="Passed" testListId="8c84fa94-04c1-424b-9868-57a2d4851a1d" relativeResultsDirectory="2ada932d-e8e5-4de7-bbd6-41869663a6ae" />
    <UnitTestResult executionId="d085e0c6-5e2b-46f2-a043-29cd407f6368" testId="39fed4f3-c53e-f640-534e-ab35d2555069" testName="TrustMarket.CatalogService.UnitTests.Advertisements.CreateAdvertisementCommandHandlerTests.Handle_WithoutLocation_DoesNotSetLocation" computerName="DCNOTE72" duration="00:00:00.0008164" startTime="2026-05-23T16:19:57.8761157+03:00" endTime="2026-05-23T16:19:57.8761159+03:00" testType="13cdc9d9-ddb5-4fa4-a97d-d965ccfc6d4b" outcome="Passed" testListId="8c84fa94-04c1-424b-9868-57a2d4851a1d" relativeResultsDirectory="d085e0c6-5e2b-46f2-a043-29cd407f6368" />
    <UnitTestResult executionId="33d0bebd-8d31-486a-b1b4-a9d93fd28c47" testId="8dd1f8d7-52c0-fb8d-b6ec-99f4584e3dac" testName="TrustMarket.CatalogService.UnitTests.Offers.RespondToOfferCommandHandlerTests.Handle_Counter_SetsCounterOfferedWithPrice" computerName="DCNOTE72" duration="00:00:00.0012599" startTime="2026-05-23T16:19:57.8858593+03:00" endTime="2026-05-23T16:19:57.8858594+03:00" testType="13cdc9d9-ddb5-4fa4-a97d-d965ccfc6d4b" outcome="Passed" testListId="8c84fa94-04c1-424b-9868-57a2d4851a1d" relativeResultsDirectory="33d0bebd-8d31-486a-b1b4-a9d93fd28c47" />
    <UnitTestResult executionId="b5cee8d7-ca3a-48de-a17a-2046dfd3e03f" testId="8e8eb2be-843a-80fa-8d22-b0d6d36dd4a7" testName="TrustMarket.CatalogService.UnitTests.Advertisements.DeleteAdvertisementCommandHandlerTests.Handle_ValidRequest_MarksAsRemovedAndSaves" computerName="DCNOTE72" duration="00:00:00.0293079" startTime="2026-05-23T16:19:57.8417498+03:00" endTime="2026-05-23T16:19:57.8417499+03:00" testType="13cdc9d9-ddb5-4fa4-a97d-d965ccfc6d4b" outcome="Passed" testListId="8c84fa94-04c1-424b-9868-57a2d4851a1d" relativeResultsDirectory="b5cee8d7-ca3a-48de-a17a-2046dfd3e03f" />
    <UnitTestResult executionId="0b19e38b-903c-457f-9b28-59265d97c289" testId="479f0fe1-5569-6510-5f55-be08ccf6b28f" testName="TrustMarket.CatalogService.UnitTests.Domain.AdvertisementTests.MarkAsSold_SetsSoldStatus" computerName="DCNOTE72" duration="00:00:00.0002456" startTime="2026-05-23T16:19:57.8470053+03:00" endTime="2026-05-23T16:19:57.8470054+03:00" testType="13cdc9d9-ddb5-4fa4-a97d-d965ccfc6d4b" outcome="Passed" testListId="8c84fa94-04c1-424b-9868-57a2d4851a1d" relativeResultsDirectory="0b19e38b-903c-457f-9b28-59265d97c289" />
    <UnitTestResult executionId="7c9df5f7-11c5-4202-8b57-c55e63b2410e" testId="86786ef0-7281-03ce-f97b-19f1d8c1dbb4" testName="TrustMarket.CatalogService.UnitTests.Domain.AdvertisementTests.SetLocation_NullCoords_ClearsLocation" computerName="DCNOTE72" duration="00:00:00.0001653" startTime="2026-05-23T16:19:57.8480679+03:00" endTime="2026-05-23T16:19:57.8480680+03:00" testType="13cdc9d9-ddb5-4fa4-a97d-d965ccfc6d4b" outcome="Passed" testListId="8c84fa94-04c1-424b-9868-57a2d4851a1d" relativeResultsDirectory="7c9df5f7-11c5-4202-8b57-c55e63b2410e" />
    <UnitTestResult executionId="e355c832-245a-4cb4-b1b2-8cd70bb61bad" testId="7a88955d-f7bf-1f47-b8ef-093ff1f32da7" testName="TrustMarket.CatalogService.UnitTests.Domain.AdvertisementTests.ReplaceImages_OverwritesPreviousList" computerName="DCNOTE72" duration="00:00:00.0350339" startTime="2026-05-23T16:19:57.8826944+03:00" endTime="2026-05-23T16:19:57.8826946+03:00" testType="13cdc9d9-ddb5-4fa4-a97d-d965ccfc6d4b" outcome="Passed" testListId="8c84fa94-04c1-424b-9868-57a2d4851a1d" relativeResultsDirectory="e355c832-245a-4cb4-b1b2-8cd70bb61bad" />
    <UnitTestResult executionId="f2e57701-4764-4d90-bd96-1fe5c218cb38" testId="e4f023bb-f683-8fd5-41de-fe5ad86ac069" testName="TrustMarket.CatalogService.UnitTests.Offers.RespondToOfferCommandHandlerTests.Handle_OfferAlreadyAnswered_ReturnsFailure" computerName="DCNOTE72" duration="00:00:00.0010885" startTime="2026-05-23T16:19:57.8882587+03:00" endTime="2026-05-23T16:19:57.8882589+03:00" testType="13cdc9d9-ddb5-4fa4-a97d-d965ccfc6d4b" outcome="Passed" testListId="8c84fa94-04c1-424b-9868-57a2d4851a1d" relativeResultsDirectory="f2e57701-4764-4d90-bd96-1fe5c218cb38" />
    <UnitTestResult executionId="00b8b92d-6090-48b7-975c-44558fc030f6" testId="782f1ffc-81b8-0f6c-61ad-54a16cb5e2de" testName="TrustMarket.CatalogService.UnitTests.Advertisements.UpdateAdvertisementCommandHandlerTests.Handle_WrongSeller_ReturnsFailure" computerName="DCNOTE72" duration="00:00:00.0008347" startTime="2026-05-23T16:19:57.8434584+03:00" endTime="2026-05-23T16:19:57.8434585+03:00" testType="13cdc9d9-ddb5-4fa4-a97d-d965ccfc6d4b" outcome="Passed" testListId="8c84fa94-04c1-424b-9868-57a2d4851a1d" relativeResultsDirectory="00b8b92d-6090-48b7-975c-44558fc030f6" />
    <UnitTestResult executionId="46a7d980-7dc2-4ec5-bb76-45755c6d5432" testId="f3c19ae0-dda8-b162-427d-21fa9b109e42" testName="TrustMarket.CatalogService.UnitTests.Advertisements.ReserveAdvertisementCommandHandlerTests.Unreserve_WhenReserved_RestoresToActiveAndSaves" computerName="DCNOTE72" duration="00:00:00.0029149" startTime="2026-05-23T16:19:57.8717130+03:00" endTime="2026-05-23T16:19:57.8717134+03:00" testType="13cdc9d9-ddb5-4fa4-a97d-d965ccfc6d4b" outcome="Passed" testListId="8c84fa94-04c1-424b-9868-57a2d4851a1d" relativeResultsDirectory="46a7d980-7dc2-4ec5-bb76-45755c6d5432" />
    <UnitTestResult executionId="7b273d2a-ec8e-4f2c-a135-e542479be6d0" testId="441b3439-df34-9f49-30b5-a17d13d2b2af" testName="TrustMarket.CatalogService.UnitTests.Advertisements.ReserveAdvertisementCommandHandlerTests.Reserve_HappyPath_MarksAsReservedAndReturnsInfo" computerName="DCNOTE72" duration="00:00:00.0034717" startTime="2026-05-23T16:19:57.8686015+03:00" endTime="2026-05-23T16:19:57.8686019+03:00" testType="13cdc9d9-ddb5-4fa4-a97d-d965ccfc6d4b" outcome="Passed" testListId="8c84fa94-04c1-424b-9868-57a2d4851a1d" relativeResultsDirectory="7b273d2a-ec8e-4f2c-a135-e542479be6d0" />
    <UnitTestResult executionId="d2a210a1-070e-42ec-b9ab-331dd35495e9" testId="a26a0cad-db6d-e7ca-06ef-24dfff8711bb" testName="TrustMarket.CatalogService.UnitTests.Domain.AdvertisementTests.UpdateDetails_ReplacesFields" computerName="DCNOTE72" duration="00:00:00.0003029" startTime="2026-05-23T16:19:57.8473776+03:00" endTime="2026-05-23T16:19:57.8473777+03:00" testType="13cdc9d9-ddb5-4fa4-a97d-d965ccfc6d4b" outcome="Passed" testListId="8c84fa94-04c1-424b-9868-57a2d4851a1d" relativeResultsDirectory="d2a210a1-070e-42ec-b9ab-331dd35495e9" />
    <UnitTestResult executionId="46951916-c6dd-4712-8c62-ce350c957631" testId="a86c621e-df84-4a1e-3415-a0201bd2db5c" testName="TrustMarket.CatalogService.UnitTests.Domain.OfferTests.Reject_SetsRejectedStatusAndStoresNote" computerName="DCNOTE72" duration="00:00:00.0023663" startTime="2026-05-23T16:19:57.7454245+03:00" endTime="2026-05-23T16:19:57.7454245+03:00" testType="13cdc9d9-ddb5-4fa4-a97d-d965ccfc6d4b" outcome="Passed" testListId="8c84fa94-04c1-424b-9868-57a2d4851a1d" relativeResultsDirectory="46951916-c6dd-4712-8c62-ce350c957631" />
    <UnitTestResult executionId="e916e597-d4a7-473a-a443-4155cbf272c9" testId="6263c615-471c-118f-f876-42a9c3df8e8c" testName="TrustMarket.CatalogService.UnitTests.Advertisements.ReserveAdvertisementCommandHandlerTests.Reserve_BuyerIsSeller_ReturnsFailure" computerName="DCNOTE72" duration="00:00:00.0010469" startTime="2026-05-23T16:19:57.8608838+03:00" endTime="2026-05-23T16:19:57.8608840+03:00" testType="13cdc9d9-ddb5-4fa4-a97d-d965ccfc6d4b" outcome="Passed" testListId="8c84fa94-04c1-424b-9868-57a2d4851a1d" relativeResultsDirectory="e916e597-d4a7-473a-a443-4155cbf272c9" />
    <UnitTestResult executionId="038d4d25-a8fd-467f-b6ce-902ed294b723" testId="d70b5b29-2aca-c969-ce77-aa92e3a6474e" testName="TrustMarket.CatalogService.UnitTests.Advertisements.CreateAdvertisementCommandHandlerTests.Handle_HappyPath_PublishesAdvertisementCreatedEvent" computerName="DCNOTE72" duration="00:00:00.0053814" startTime="2026-05-23T16:19:57.8840436+03:00" endTime="2026-05-23T16:19:57.8840439+03:00" testType="13cdc9d9-ddb5-4fa4-a97d-d965ccfc6d4b" outcome="Passed" testListId="8c84fa94-04c1-424b-9868-57a2d4851a1d" relativeResultsDirectory="038d4d25-a8fd-467f-b6ce-902ed294b723" />
    <UnitTestResult executionId="d7d0653b-f260-4be8-aea7-b4e0da647c5c" testId="21003db6-43ac-f549-559c-3ff3c7fa8249" testName="TrustMarket.CatalogService.UnitTests.Advertisements.UpdateAdvertisementCommandHandlerTests.Handle_AdNotFound_ReturnsFailure" computerName="DCNOTE72" duration="00:00:00.1018454" startTime="2026-05-23T16:19:57.8415907+03:00" endTime="2026-05-23T16:19:57.8415908+03:00" testType="13cdc9d9-ddb5-4fa4-a97d-d965ccfc6d4b" outcome="Passed" testListId="8c84fa94-04c1-424b-9868-57a2d4851a1d" relativeResultsDirectory="d7d0653b-f260-4be8-aea7-b4e0da647c5c" />
    <UnitTestResult executionId="9e9ffc1b-356a-4232-bc33-0cf8dfd97324" testId="b05477d6-9a27-24b2-e3b3-aa63acf61b3d" testName="TrustMarket.CatalogService.UnitTests.Offers.RespondToOfferCommandHandlerTests.Handle_ValidResponse_SavesChanges" computerName="DCNOTE72" duration="00:00:00.0011042" startTime="2026-05-23T16:19:57.8844951+03:00" endTime="2026-05-23T16:19:57.8844952+03:00" testType="13cdc9d9-ddb5-4fa4-a97d-d965ccfc6d4b" outcome="Passed" testListId="8c84fa94-04c1-424b-9868-57a2d4851a1d" relativeResultsDirectory="9e9ffc1b-356a-4232-bc33-0cf8dfd97324" />
    <UnitTestResult executionId="bc56d8a0-c7ef-4231-bd39-b33103c8d0fe" testId="fa8b6549-bbc1-bd83-fabd-e78c9db1d685" testName="TrustMarket.CatalogService.UnitTests.Domain.AdvertisementTests.SetLocation_StoresCoordinates" computerName="DCNOTE72" duration="00:00:00.0029340" startTime="2026-05-23T16:19:57.8459639+03:00" endTime="2026-05-23T16:19:57.8459643+03:00" testType="13cdc9d9-ddb5-4fa4-a97d-d965ccfc6d4b" outcome="Passed" testListId="8c84fa94-04c1-424b-9868-57a2d4851a1d" relativeResultsDirectory="bc56d8a0-c7ef-4231-bd39-b33103c8d0fe" />
    <UnitTestResult executionId="fe12ab0a-35bf-4d88-928f-59a70eb0d833" testId="8ec6258c-189a-4a7b-0ad4-6e00b54b87ab" testName="TrustMarket.CatalogService.UnitTests.Offers.RespondToOfferCommandHandlerTests.Handle_UnknownAction_ReturnsFailure" computerName="DCNOTE72" duration="00:00:00.0009942" startTime="2026-05-23T16:19:57.8892972+03:00" endTime="2026-05-23T16:19:57.8892975+03:00" testType="13cdc9d9-ddb5-4fa4-a97d-d965ccfc6d4b" outcome="Passed" testListId="8c84fa94-04c1-424b-9868-57a2d4851a1d" relativeResultsDirectory="fe12ab0a-35bf-4d88-928f-59a70eb0d833" />
    <UnitTestResult executionId="27f68259-513d-46b7-a71e-d4ae9017b537" testId="d55d35c7-3167-4814-7516-8fa3b2b54ac9" testName="TrustMarket.CatalogService.UnitTests.Domain.OfferTests.Accept_SetsAcceptedStatus" computerName="DCNOTE72" duration="00:00:00.0001596" startTime="2026-05-23T16:19:57.8412416+03:00" endTime="2026-05-23T16:19:57.8412419+03:00" testType="13cdc9d9-ddb5-4fa4-a97d-d965ccfc6d4b" outcome="Passed" testListId="8c84fa94-04c1-424b-9868-57a2d4851a1d" relativeResultsDirectory="27f68259-513d-46b7-a71e-d4ae9017b537" />
    <UnitTestResult executionId="762a8426-c683-443a-87a4-cbde6b137693" testId="0e927dea-001b-02ce-94ed-22d55a96a04a" testName="TrustMarket.CatalogService.UnitTests.Offers.AcceptCounterOfferCommandHandlerTests.Handle_OfferNotCounterOffered_ReturnsFailure" computerName="DCNOTE72" duration="00:00:00.0781700" startTime="2026-05-23T16:19:57.8416646+03:00" endTime="2026-05-23T16:19:57.8416646+03:00" testType="13cdc9d9-ddb5-4fa4-a97d-d965ccfc6d4b" outcome="Passed" testListId="8c84fa94-04c1-424b-9868-57a2d4851a1d" relativeResultsDirectory="762a8426-c683-443a-87a4-cbde6b137693" />
    <UnitTestResult executionId="b8541924-6f25-4324-b658-f164335ac398" testId="04eefa92-47ac-ec69-4f83-a4e7e2616bc9" testName="TrustMarket.CatalogService.UnitTests.Advertisements.UpdateAdvertisementCommandHandlerTests.Handle_ClearLocation_RemovesLocation" computerName="DCNOTE72" duration="00:00:00.0009685" startTime="2026-05-23T16:19:57.8445893+03:00" endTime="2026-05-23T16:19:57.8445894+03:00" testType="13cdc9d9-ddb5-4fa4-a97d-d965ccfc6d4b" outcome="Passed" testListId="8c84fa94-04c1-424b-9868-57a2d4851a1d" relativeResultsDirectory="b8541924-6f25-4324-b658-f164335ac398" />
    <UnitTestResult executionId="6e87305e-864d-4dc7-9daa-f63bb257a808" testId="cf432ed9-11ae-9a01-42f0-3842d8e104cd" testName="TrustMarket.CatalogService.UnitTests.Offers.CreateOfferCommandHandlerTests.Handle_HappyPath_CreatesOfferAndPublishesEvent" computerName="DCNOTE72" duration="00:00:00.0040856" startTime="2026-05-23T16:19:57.9047386+03:00" endTime="2026-05-23T16:19:57.9047391+03:00" testType="13cdc9d9-ddb5-4fa4-a97d-d965ccfc6d4b" outcome="Passed" testListId="8c84fa94-04c1-424b-9868-57a2d4851a1d" relativeResultsDirectory="6e87305e-864d-4dc7-9daa-f63bb257a808" />
    <UnitTestResult executionId="3185c4db-5326-49a7-b7e3-4da35327e79d" testId="b9d2fa74-7ff4-29b4-316f-2d7650100616" testName="TrustMarket.CatalogService.UnitTests.Offers.CreateOfferCommandHandlerTests.Handle_AdNotFound_ReturnsFailure" computerName="DCNOTE72" duration="00:00:00.0008338" startTime="2026-05-23T16:19:57.8979913+03:00" endTime="2026-05-23T16:19:57.8979916+03:00" testType="13cdc9d9-ddb5-4fa4-a97d-d965ccfc6d4b" outcome="Passed" testListId="8c84fa94-04c1-424b-9868-57a2d4851a1d" relativeResultsDirectory="3185c4db-5326-49a7-b7e3-4da35327e79d" />
    <UnitTestResult executionId="15f592d2-79ea-4b01-b28e-f6d2e76484f8" testId="9e559a02-c510-ec81-8803-07ec3fcdc44a" testName="TrustMarket.CatalogService.UnitTests.Offers.RespondToOfferCommandHandlerTests.Handle_CounterWithoutPrice_ReturnsFailure" computerName="DCNOTE72" duration="00:00:00.0011274" startTime="2026-05-23T16:19:57.8821600+03:00" endTime="2026-05-23T16:19:57.8821602+03:00" testType="13cdc9d9-ddb5-4fa4-a97d-d965ccfc6d4b" outcome="Passed" testListId="8c84fa94-04c1-424b-9868-57a2d4851a1d" relativeResultsDirectory="15f592d2-79ea-4b01-b28e-f6d2e76484f8" />
    <UnitTestResult executionId="50b3b352-fd95-4187-a1b7-8f10f3346147" testId="6e7fe94d-d1c7-0677-f25c-dd42635b8de9" testName="TrustMarket.CatalogService.UnitTests.Domain.OfferTests.AcceptCounter_UpdatesOfferedPriceAndClearsCounter" computerName="DCNOTE72" duration="00:00:00.0005298" startTime="2026-05-23T16:19:57.7779023+03:00" endTime="2026-05-23T16:19:57.7779025+03:00" testType="13cdc9d9-ddb5-4fa4-a97d-d965ccfc6d4b" outcome="Passed" testListId="8c84fa94-04c1-424b-9868-57a2d4851a1d" relativeResultsDirectory="50b3b352-fd95-4187-a1b7-8f10f3346147" />
    <UnitTestResult executionId="ad57d31d-7741-4fbb-ab6b-a56e5fefae95" testId="60f657fb-d376-643d-6754-2c7708a821ae" testName="TrustMarket.CatalogService.UnitTests.Offers.RespondToOfferCommandHandlerTests.Handle_WrongSeller_ReturnsFailure" computerName="DCNOTE72" duration="00:00:00.0010574" startTime="2026-05-23T16:19:57.8870178+03:00" endTime="2026-05-23T16:19:57.8870180+03:00" testType="13cdc9d9-ddb5-4fa4-a97d-d965ccfc6d4b" outcome="Passed" testListId="8c84fa94-04c1-424b-9868-57a2d4851a1d" relativeResultsDirectory="ad57d31d-7741-4fbb-ab6b-a56e5fefae95" />
    <UnitTestResult executionId="9baee3d2-fd9d-493b-8a1f-9fdd001507e1" testId="07e4bf00-5118-0a6d-7d9f-1170fb1cda64" testName="TrustMarket.CatalogService.UnitTests.Domain.AdvertisementTests.UpdateSellerSubMerchantId_StoresNonEmptyValue" computerName="DCNOTE72" duration="00:00:00.0003545" startTime="2026-05-23T16:19:57.8834104+03:00" endTime="2026-05-23T16:19:57.8834106+03:00" testType="13cdc9d9-ddb5-4fa4-a97d-d965ccfc6d4b" outcome="Passed" testListId="8c84fa94-04c1-424b-9868-57a2d4851a1d" relativeResultsDirectory="9baee3d2-fd9d-493b-8a1f-9fdd001507e1" />
    <UnitTestResult executionId="001d61e6-3d6c-4c16-9747-20ec3346bf5c" testId="c5adc37e-361c-777b-425c-e42e9fa7f36f" testName="TrustMarket.CatalogService.UnitTests.Domain.OfferTests.Create_SetsPendingStatusAndFields" computerName="DCNOTE72" duration="00:00:00.0463636" startTime="2026-05-23T16:19:57.7416416+03:00" endTime="2026-05-23T16:19:57.7416632+03:00" testType="13cdc9d9-ddb5-4fa4-a97d-d965ccfc6d4b" outcome="Passed" testListId="8c84fa94-04c1-424b-9868-57a2d4851a1d" relativeResultsDirectory="001d61e6-3d6c-4c16-9747-20ec3346bf5c" />
    <UnitTestResult executionId="a7425ed4-b5b5-44b8-9198-641da43bf822" testId="2934eb3a-0804-1361-d990-dd18f52c05b3" testName="TrustMarket.CatalogService.UnitTests.Domain.AdvertisementTests.Remove_SetsRemovedStatus" computerName="DCNOTE72" duration="00:00:00.0003172" startTime="2026-05-23T16:19:57.8437549+03:00" endTime="2026-05-23T16:19:57.8437549+03:00" testType="13cdc9d9-ddb5-4fa4-a97d-d965ccfc6d4b" outcome="Passed" testListId="8c84fa94-04c1-424b-9868-57a2d4851a1d" relativeResultsDirectory="a7425ed4-b5b5-44b8-9198-641da43bf822" />
    <UnitTestResult executionId="03151a66-f0d7-4926-a3fb-be993b42c204" testId="8f0bfd15-a8f6-7632-3376-27ec69506439" testName="TrustMarket.CatalogService.UnitTests.Advertisements.DeleteAdvertisementCommandHandlerTests.Handle_AdNotFound_ReturnsFailure" computerName="DCNOTE72" duration="00:00:00.0007460" startTime="2026-05-23T16:19:57.8436172+03:00" endTime="2026-05-23T16:19:57.8436173+03:00" testType="13cdc9d9-ddb5-4fa4-a97d-d965ccfc6d4b" outcome="Passed" testListId="8c84fa94-04c1-424b-9868-57a2d4851a1d" relativeResultsDirectory="03151a66-f0d7-4926-a3fb-be993b42c204" />
    <UnitTestResult executionId="6e279669-8211-4e87-8b7a-2066ef5286ce" testId="447b515f-a44b-71d2-8e3d-b04193f506e0" testName="TrustMarket.CatalogService.UnitTests.Advertisements.DeleteAdvertisementCommandHandlerTests.Handle_WrongSeller_ReturnsFailure" computerName="DCNOTE72" duration="00:00:00.0008348" startTime="2026-05-23T16:19:57.8434349+03:00" endTime="2026-05-23T16:19:57.8434351+03:00" testType="13cdc9d9-ddb5-4fa4-a97d-d965ccfc6d4b" outcome="Passed" testListId="8c84fa94-04c1-424b-9868-57a2d4851a1d" relativeResultsDirectory="6e279669-8211-4e87-8b7a-2066ef5286ce" />
    <UnitTestResult executionId="5c88dd8d-fb45-438b-bce5-319f01f7beb2" testId="a05d65ed-4b8d-8ec2-569b-a962c586b0b3" testName="TrustMarket.CatalogService.UnitTests.Domain.AdvertisementTests.MarkAsReserved_SetsReservedStatus" computerName="DCNOTE72" duration="00:00:00.0001082" startTime="2026-05-23T16:19:57.8444850+03:00" endTime="2026-05-23T16:19:57.8444850+03:00" testType="13cdc9d9-ddb5-4fa4-a97d-d965ccfc6d4b" outcome="Passed" testListId="8c84fa94-04c1-424b-9868-57a2d4851a1d" relativeResultsDirectory="5c88dd8d-fb45-438b-bce5-319f01f7beb2" />
    <UnitTestResult executionId="5dcd7714-d851-4af1-b9e4-b365e9b808e3" testId="0de74899-cdb5-eddd-d745-035ad024c2af" testName="TrustMarket.CatalogService.UnitTests.Domain.OfferTests.Counter_SetsCounterOfferedStatusWithPrice" computerName="DCNOTE72" duration="00:00:00.0003881" startTime="2026-05-23T16:19:57.7795873+03:00" endTime="2026-05-23T16:19:57.7795875+03:00" testType="13cdc9d9-ddb5-4fa4-a97d-d965ccfc6d4b" outcome="Passed" testListId="8c84fa94-04c1-424b-9868-57a2d4851a1d" relativeResultsDirectory="5dcd7714-d851-4af1-b9e4-b365e9b808e3" />
    <UnitTestResult executionId="78c8f6db-81ce-4e10-bc13-82ec6e396a63" testId="d35c218b-5fa3-b473-bb7a-c5b823fc77a5" testName="TrustMarket.CatalogService.UnitTests.Offers.AcceptCounterOfferCommandHandlerTests.Handle_HappyPath_SavesChanges" computerName="DCNOTE72" duration="00:00:00.0054627" startTime="2026-05-23T16:19:57.8418555+03:00" endTime="2026-05-23T16:19:57.8418555+03:00" testType="13cdc9d9-ddb5-4fa4-a97d-d965ccfc6d4b" outcome="Passed" testListId="8c84fa94-04c1-424b-9868-57a2d4851a1d" relativeResultsDirectory="78c8f6db-81ce-4e10-bc13-82ec6e396a63" />
    <UnitTestResult executionId="e520cd4d-2d3d-4f87-bdb0-806c7d6ed7b3" testId="601666aa-2008-2a20-e0a7-a6af321293f0" testName="TrustMarket.CatalogService.UnitTests.Offers.RespondToOfferCommandHandlerTests.Handle_OfferNotFound_ReturnsFailure" computerName="DCNOTE72" duration="00:00:00.0009242" startTime="2026-05-23T16:19:57.8812413+03:00" endTime="2026-05-23T16:19:57.8812418+03:00" testType="13cdc9d9-ddb5-4fa4-a97d-d965ccfc6d4b" outcome="Passed" testListId="8c84fa94-04c1-424b-9868-57a2d4851a1d" relativeResultsDirectory="e520cd4d-2d3d-4f87-bdb0-806c7d6ed7b3" />
    <UnitTestResult executionId="331b82c1-747d-46fe-a5f9-76903b6b4166" testId="df52b108-4339-628e-9a5b-e16f8bf6c0c8" testName="TrustMarket.CatalogService.UnitTests.Offers.CreateOfferCommandHandlerTests.Handle_ExistingPendingOffer_ReturnsFailure" computerName="DCNOTE72" duration="00:00:00.0012290" startTime="2026-05-23T16:19:57.8993166+03:00" endTime="2026-05-23T16:19:57.8993169+03:00" testType="13cdc9d9-ddb5-4fa4-a97d-d965ccfc6d4b" outcome="Passed" testListId="8c84fa94-04c1-424b-9868-57a2d4851a1d" relativeResultsDirectory="331b82c1-747d-46fe-a5f9-76903b6b4166" />
    <UnitTestResult executionId="91aec302-d760-4ae6-b1da-6cf976f13753" testId="aaaa285e-5954-5756-a0cd-04916f911b4a" testName="TrustMarket.CatalogService.UnitTests.Advertisements.ReserveAdvertisementCommandHandlerTests.Unreserve_AdNotFound_ReturnsFailure" computerName="DCNOTE72" duration="00:00:00.0008575" startTime="2026-05-23T16:19:57.8648047+03:00" endTime="2026-05-23T16:19:57.8648050+03:00" testType="13cdc9d9-ddb5-4fa4-a97d-d965ccfc6d4b" outcome="Passed" testListId="8c84fa94-04c1-424b-9868-57a2d4851a1d" relativeResultsDirectory="91aec302-d760-4ae6-b1da-6cf976f13753" />
    <UnitTestResult executionId="32f9bff4-e5ae-41f0-b89b-d967f36eafac" testId="ecfc268d-eeae-7d7b-d412-ee22474facf7" testName="TrustMarket.CatalogService.UnitTests.Advertisements.CreateAdvertisementCommandHandlerTests.Handle_HappyPath_ReturnsAdvertisementId" computerName="DCNOTE72" duration="00:00:00.0009223" startTime="2026-05-23T16:19:57.8770961+03:00" endTime="2026-05-23T16:19:57.8770964+03:00" testType="13cdc9d9-ddb5-4fa4-a97d-d965ccfc6d4b" outcome="Passed" testListId="8c84fa94-04c1-424b-9868-57a2d4851a1d" relativeResultsDirectory="32f9bff4-e5ae-41f0-b89b-d967f36eafac" />
    <UnitTestResult executionId="133c6fbd-3bea-4942-bf6d-29aff61a05e6" testId="2dc28979-d6e3-f7f4-13d5-ea321699ca61" testName="TrustMarket.CatalogService.UnitTests.Offers.RespondToOfferCommandHandlerTests.Handle_Reject_SetsRejectedWithNote" computerName="DCNOTE72" duration="00:00:00.0012427" startTime="2026-05-23T16:19:57.8834674+03:00" endTime="2026-05-23T16:19:57.8834675+03:00" testType="13cdc9d9-ddb5-4fa4-a97d-d965ccfc6d4b" outcome="Passed" testListId="8c84fa94-04c1-424b-9868-57a2d4851a1d" relativeResultsDirectory="133c6fbd-3bea-4942-bf6d-29aff61a05e6" />
    <UnitTestResult executionId="aca07417-8451-4fb2-a4b1-2a473fa36ffb" testId="195f29de-00d9-ace3-0a8e-debc19d68d9f" testName="TrustMarket.CatalogService.UnitTests.Offers.CreateOfferCommandHandlerTests.Handle_AdNotActive_ReturnsFailure" computerName="DCNOTE72" duration="00:00:00.0009790" startTime="2026-05-23T16:19:57.8970609+03:00" endTime="2026-05-23T16:19:57.8970611+03:00" testType="13cdc9d9-ddb5-4fa4-a97d-d965ccfc6d4b" outcome="Passed" testListId="8c84fa94-04c1-424b-9868-57a2d4851a1d" relativeResultsDirectory="aca07417-8451-4fb2-a4b1-2a473fa36ffb" />
    <UnitTestResult executionId="7555c97f-dc40-4e41-a017-4f1ddaacc351" testId="63d1245c-ff30-ef9c-90f8-5ed7cc0fd2c5" testName="TrustMarket.CatalogService.UnitTests.Offers.AcceptCounterOfferCommandHandlerTests.Handle_HappyPath_ReturnsAgreedCounterPrice" computerName="DCNOTE72" duration="00:00:00.0009019" startTime="2026-05-23T16:19:57.8444478+03:00" endTime="2026-05-23T16:19:57.8444479+03:00" testType="13cdc9d9-ddb5-4fa4-a97d-d965ccfc6d4b" outcome="Passed" testListId="8c84fa94-04c1-424b-9868-57a2d4851a1d" relativeResultsDirectory="7555c97f-dc40-4e41-a017-4f1ddaacc351" />
    <UnitTestResult executionId="9e81b473-973e-4c03-94b0-53523746cfb2" testId="5bd09617-3be3-7995-0f19-f33d0db43084" testName="TrustMarket.CatalogService.UnitTests.Offers.AcceptCounterOfferCommandHandlerTests.Handle_OfferNotFound_ReturnsFailure" computerName="DCNOTE72" duration="00:00:00.0007277" startTime="2026-05-23T16:19:57.8434950+03:00" endTime="2026-05-23T16:19:57.8434951+03:00" testType="13cdc9d9-ddb5-4fa4-a97d-d965ccfc6d4b" outcome="Passed" testListId="8c84fa94-04c1-424b-9868-57a2d4851a1d" relativeResultsDirectory="9e81b473-973e-4c03-94b0-53523746cfb2" />
    <UnitTestResult executionId="29474a4d-265a-444f-8ed6-c0fa84d417d3" testId="9a165435-4a7f-0364-267c-05197288da7a" testName="TrustMarket.CatalogService.UnitTests.Domain.OfferTests.AcceptCounter_WhenAlreadyAccepted_Throws" computerName="DCNOTE72" duration="00:00:00.0007846" startTime="2026-05-23T16:19:57.7789496+03:00" endTime="2026-05-23T16:19:57.7789499+03:00" testType="13cdc9d9-ddb5-4fa4-a97d-d965ccfc6d4b" outcome="Passed" testListId="8c84fa94-04c1-424b-9868-57a2d4851a1d" relativeResultsDirectory="29474a4d-265a-444f-8ed6-c0fa84d417d3" />
    <UnitTestResult executionId="632d58c6-9338-4744-b898-405f2d42f48f" testId="77a3d81b-8953-a3ca-138d-4468a3665786" testName="TrustMarket.CatalogService.UnitTests.Advertisements.UpdateAdvertisementCommandHandlerTests.Handle_ValidRequest_UpdatesDetailsAndSaves" computerName="DCNOTE72" duration="00:00:00.0061081" startTime="2026-05-23T16:19:57.8417403+03:00" endTime="2026-05-23T16:19:57.8417403+03:00" testType="13cdc9d9-ddb5-4fa4-a97d-d965ccfc6d4b" outcome="Passed" testListId="8c84fa94-04c1-424b-9868-57a2d4851a1d" relativeResultsDirectory="632d58c6-9338-4744-b898-405f2d42f48f" />
    <UnitTestResult executionId="0d5c4fd7-3cdb-4209-a146-b1bd1f485f3b" testId="2f7304b6-1dc5-6ee5-d2d5-cd5ca5a437df" testName="TrustMarket.CatalogService.UnitTests.Domain.AdvertisementTests.MarkAsActive_ResetsToActiveFromReserved" computerName="DCNOTE72" duration="00:00:00.0002421" startTime="2026-05-23T16:19:57.8443765+03:00" endTime="2026-05-23T16:19:57.8443766+03:00" testType="13cdc9d9-ddb5-4fa4-a97d-d965ccfc6d4b" outcome="Passed" testListId="8c84fa94-04c1-424b-9868-57a2d4851a1d" relativeResultsDirectory="0d5c4fd7-3cdb-4209-a146-b1bd1f485f3b" />
    <UnitTestResult executionId="7e36e4f2-9178-4407-866a-f44a02bdb809" testId="37f954b0-a39b-9f20-e4a9-8d73956c9803" testName="TrustMarket.CatalogService.UnitTests.Domain.OfferTests.AcceptCounter_WhenNotCounterOffered_Throws" computerName="DCNOTE72" duration="00:00:00.0321676" startTime="2026-05-23T16:19:57.7757494+03:00" endTime="2026-05-23T16:19:57.7757498+03:00" testType="13cdc9d9-ddb5-4fa4-a97d-d965ccfc6d4b" outcome="Passed" testListId="8c84fa94-04c1-424b-9868-57a2d4851a1d" relativeResultsDirectory="7e36e4f2-9178-4407-866a-f44a02bdb809" />
    <UnitTestResult executionId="1b352fb3-9ef3-485f-819e-86edfbcc1b79" testId="27549c2c-db61-c0ad-3aca-c90f3e0e5398" testName="TrustMarket.CatalogService.UnitTests.Domain.AdvertisementTests.Create_SetsActiveStatusAndCoreFields" computerName="DCNOTE72" duration="00:00:00.0006167" startTime="2026-05-23T16:19:57.8466931+03:00" endTime="2026-05-23T16:19:57.8466934+03:00" testType="13cdc9d9-ddb5-4fa4-a97d-d965ccfc6d4b" outcome="Passed" testListId="8c84fa94-04c1-424b-9868-57a2d4851a1d" relativeResultsDirectory="1b352fb3-9ef3-485f-819e-86edfbcc1b79" />
    <UnitTestResult executionId="6a035b07-6699-4fed-9040-f991f2bf0b80" testId="ab9083c3-649d-a33b-bb53-24ac8875b0c0" testName="TrustMarket.CatalogService.UnitTests.Advertisements.UpdateAdvertisementCommandHandlerTests.Handle_WithNewLocation_SetsLocation" computerName="DCNOTE72" duration="00:00:00.0015542" startTime="2026-05-23T16:19:57.8438158+03:00" endTime="2026-05-23T16:19:57.8438159+03:00" testType="13cdc9d9-ddb5-4fa4-a97d-d965ccfc6d4b" outcome="Passed" testListId="8c84fa94-04c1-424b-9868-57a2d4851a1d" relativeResultsDirectory="6a035b07-6699-4fed-9040-f991f2bf0b80" />
    <UnitTestResult executionId="1d2d269a-bbec-4e47-9138-9fa1790a3b05" testId="432f56f5-3950-cf40-22b3-051294af4da5" testName="TrustMarket.CatalogService.UnitTests.Domain.AdvertisementTests.UpdateSellerSubMerchantId_WhitespaceBecomesNull" computerName="DCNOTE72" duration="00:00:00.0001533" startTime="2026-05-23T16:19:57.8835026+03:00" endTime="2026-05-23T16:19:57.8835026+03:00" testType="13cdc9d9-ddb5-4fa4-a97d-d965ccfc6d4b" outcome="Passed" testListId="8c84fa94-04c1-424b-9868-57a2d4851a1d" relativeResultsDirectory="1d2d269a-bbec-4e47-9138-9fa1790a3b05" />
    <UnitTestResult executionId="02066700-f513-4c54-887e-61003830f685" testId="17c19ac8-276c-0e87-f082-1af7522b75ed" testName="TrustMarket.CatalogService.UnitTests.Offers.AcceptCounterOfferCommandHandlerTests.Handle_WrongBuyer_ReturnsFailure" computerName="DCNOTE72" duration="00:00:00.0007466" startTime="2026-05-23T16:19:57.8436298+03:00" endTime="2026-05-23T16:19:57.8436299+03:00" testType="13cdc9d9-ddb5-4fa4-a97d-d965ccfc6d4b" outcome="Passed" testListId="8c84fa94-04c1-424b-9868-57a2d4851a1d" relativeResultsDirectory="02066700-f513-4c54-887e-61003830f685" />
    <UnitTestResult executionId="0bfb17ca-fc6e-4739-b323-4e15f76490bd" testId="aeeb07da-62c4-45b7-7efe-4d389c82a853" testName="TrustMarket.CatalogService.UnitTests.Advertisements.ReserveAdvertisementCommandHandlerTests.Unreserve_WhenAlreadyActive_SucceedsWithoutUpdate" computerName="DCNOTE72" duration="00:00:00.0024772" startTime="2026-05-23T16:19:57.8634942+03:00" endTime="2026-05-23T16:19:57.8634951+03:00" testType="13cdc9d9-ddb5-4fa4-a97d-d965ccfc6d4b" outcome="Passed" testListId="8c84fa94-04c1-424b-9868-57a2d4851a1d" relativeResultsDirectory="0bfb17ca-fc6e-4739-b323-4e15f76490bd" />
    <UnitTestResult executionId="8f7c2419-b1af-4909-8b8e-8fcc41bb7544" testId="cc435d30-94e5-048d-b70d-9d0046c36edc" testName="TrustMarket.CatalogService.UnitTests.Offers.CreateOfferCommandHandlerTests.Handle_PriceZeroOrNegative_ReturnsFailure" computerName="DCNOTE72" duration="00:00:00.0010703" startTime="2026-05-23T16:19:57.9005021+03:00" endTime="2026-05-23T16:19:57.9005030+03:00" testType="13cdc9d9-ddb5-4fa4-a97d-d965ccfc6d4b" outcome="Passed" testListId="8c84fa94-04c1-424b-9868-57a2d4851a1d" relativeResultsDirectory="8f7c2419-b1af-4909-8b8e-8fcc41bb7544" />
    <UnitTestResult executionId="8d4c1f68-f762-4ee9-8541-c321849891b0" testId="058a01d1-d21a-8905-2a59-1873e2d02154" testName="TrustMarket.CatalogService.UnitTests.Offers.CreateOfferCommandHandlerTests.Handle_BuyerIsSeller_ReturnsFailure" computerName="DCNOTE72" duration="00:00:00.0041120" startTime="2026-05-23T16:19:57.8959754+03:00" endTime="2026-05-23T16:19:57.8959757+03:00" testType="13cdc9d9-ddb5-4fa4-a97d-d965ccfc6d4b" outcome="Passed" testListId="8c84fa94-04c1-424b-9868-57a2d4851a1d" relativeResultsDirectory="8d4c1f68-f762-4ee9-8541-c321849891b0" />
    <UnitTestResult executionId="d687ed77-dd1a-4af6-bbf9-635457c42e03" testId="d96251aa-bf9e-ff06-8a72-ab116d4fecce" testName="TrustMarket.CatalogService.UnitTests.Advertisements.CreateAdvertisementCommandHandlerTests.Handle_HappyPath_AddsToRepositoryAndSaves" computerName="DCNOTE72" duration="00:00:00.1054536" startTime="2026-05-23T16:19:57.8751698+03:00" endTime="2026-05-23T16:19:57.8751701+03:00" testType="13cdc9d9-ddb5-4fa4-a97d-d965ccfc6d4b" outcome="Passed" testListId="8c84fa94-04c1-424b-9868-57a2d4851a1d" relativeResultsDirectory="d687ed77-dd1a-4af6-bbf9-635457c42e03" />
    <UnitTestResult executionId="34dcba66-2f01-42b4-81da-70c18c484c61" testId="476f8e70-831d-180f-20ce-f00dae80c65c" testName="TrustMarket.CatalogService.UnitTests.Offers.RespondToOfferCommandHandlerTests.Handle_Accept_SetsAcceptedAndPublishesEvent" computerName="DCNOTE72" duration="00:00:00.0366028" startTime="2026-05-23T16:19:57.8797315+03:00" endTime="2026-05-23T16:19:57.8797317+03:00" testType="13cdc9d9-ddb5-4fa4-a97d-d965ccfc6d4b" outcome="Passed" testListId="8c84fa94-04c1-424b-9868-57a2d4851a1d" relativeResultsDirectory="34dcba66-2f01-42b4-81da-70c18c484c61" />
    <UnitTestResult executionId="84edc8bc-73ca-4b4f-9484-c1a9a3596d61" testId="78256ac5-f5e1-afb8-4dcd-b2a0e811e2e0" testName="TrustMarket.CatalogService.UnitTests.Advertisements.CreateAdvertisementCommandHandlerTests.Handle_WithLocation_SetsLocationOnAd" computerName="DCNOTE72" duration="00:00:00.0011126" startTime="2026-05-23T16:19:57.8782858+03:00" endTime="2026-05-23T16:19:57.8782859+03:00" testType="13cdc9d9-ddb5-4fa4-a97d-d965ccfc6d4b" outcome="Passed" testListId="8c84fa94-04c1-424b-9868-57a2d4851a1d" relativeResultsDirectory="84edc8bc-73ca-4b4f-9484-c1a9a3596d61" />
    <UnitTestResult executionId="cc5e5d90-512e-444a-a790-07ce834698aa" testId="19842c88-1c08-a61e-39cc-591b8f926ca9" testName="TrustMarket.CatalogService.UnitTests.Advertisements.ReserveAdvertisementCommandHandlerTests.Reserve_AlreadyReserved_ReturnsConflictFailure" computerName="DCNOTE72" duration="00:00:00.0059242" startTime="2026-05-23T16:19:57.8777433+03:00" endTime="2026-05-23T16:19:57.8777436+03:00" testType="13cdc9d9-ddb5-4fa4-a97d-d965ccfc6d4b" outcome="Passed" testListId="8c84fa94-04c1-424b-9868-57a2d4851a1d" relativeResultsDirectory="cc5e5d90-512e-444a-a790-07ce834698aa" />
  </Results>
  <TestDefinitions>
    <UnitTest name="TrustMarket.CatalogService.UnitTests.Advertisements.CreateAdvertisementCommandHandlerTests.Handle_WithLocation_SetsLocationOnAd" storage="c:\trustmarket\trustmarket\tests\trustmarket.catalogservice.unittests\bin\debug\net8.0\trustmarket.catalogservice.unittests.dll" id="78256ac5-f5e1-afb8-4dcd-b2a0e811e2e0">
      <Execution id="84edc8bc-73ca-4b4f-9484-c1a9a3596d61" />
      <TestMethod codeBase="C:\TrustMarket\TrustMarket\tests\TrustMarket.CatalogService.UnitTests\bin\Debug\net8.0\TrustMarket.CatalogService.UnitTests.dll" adapterTypeName="executor://xunit/VsTestRunner2/netcoreapp" className="TrustMarket.CatalogService.UnitTests.Advertisements.CreateAdvertisementCommandHandlerTests" name="Handle_WithLocation_SetsLocationOnAd" />
    </UnitTest>
    <UnitTest name="TrustMarket.CatalogService.UnitTests.Domain.AdvertisementTests.Create_SetsActiveStatusAndCoreFields" storage="c:\trustmarket\trustmarket\tests\trustmarket.catalogservice.unittests\bin\debug\net8.0\trustmarket.catalogservice.unittests.dll" id="27549c2c-db61-c0ad-3aca-c90f3e0e5398">
      <Execution id="1b352fb3-9ef3-485f-819e-86edfbcc1b79" />
      <TestMethod codeBase="C:\TrustMarket\TrustMarket\tests\TrustMarket.CatalogService.UnitTests\bin\Debug\net8.0\TrustMarket.CatalogService.UnitTests.dll" adapterTypeName="executor://xunit/VsTestRunner2/netcoreapp" className="TrustMarket.CatalogService.UnitTests.Domain.AdvertisementTests" name="Create_SetsActiveStatusAndCoreFields" />
    </UnitTest>
    <UnitTest name="TrustMarket.CatalogService.UnitTests.Offers.RespondToOfferCommandHandlerTests.Handle_OfferNotFound_ReturnsFailure" storage="c:\trustmarket\trustmarket\tests\trustmarket.catalogservice.unittests\bin\debug\net8.0\trustmarket.catalogservice.unittests.dll" id="601666aa-2008-2a20-e0a7-a6af321293f0">
      <Execution id="e520cd4d-2d3d-4f87-bdb0-806c7d6ed7b3" />
      <TestMethod codeBase="C:\TrustMarket\TrustMarket\tests\TrustMarket.CatalogService.UnitTests\bin\Debug\net8.0\TrustMarket.CatalogService.UnitTests.dll" adapterTypeName="executor://xunit/VsTestRunner2/netcoreapp" className="TrustMarket.CatalogService.UnitTests.Offers.RespondToOfferCommandHandlerTests" name="Handle_OfferNotFound_ReturnsFailure" />
    </UnitTest>
    <UnitTest name="TrustMarket.CatalogService.UnitTests.Domain.OfferTests.AcceptCounter_UpdatesOfferedPriceAndClearsCounter" storage="c:\trustmarket\trustmarket\tests\trustmarket.catalogservice.unittests\bin\debug\net8.0\trustmarket.catalogservice.unittests.dll" id="6e7fe94d-d1c7-0677-f25c-dd42635b8de9">
      <Execution id="50b3b352-fd95-4187-a1b7-8f10f3346147" />
      <TestMethod codeBase="C:\TrustMarket\TrustMarket\tests\TrustMarket.CatalogService.UnitTests\bin\Debug\net8.0\TrustMarket.CatalogService.UnitTests.dll" adapterTypeName="executor://xunit/VsTestRunner2/netcoreapp" className="TrustMarket.CatalogService.UnitTests.Domain.OfferTests" name="AcceptCounter_UpdatesOfferedPriceAndClearsCounter" />
    </UnitTest>
    <UnitTest name="TrustMarket.CatalogService.UnitTests.Domain.AdvertisementTests.UpdateSellerSubMerchantId_StoresNonEmptyValue" storage="c:\trustmarket\trustmarket\tests\trustmarket.catalogservice.unittests\bin\debug\net8.0\trustmarket.catalogservice.unittests.dll" id="07e4bf00-5118-0a6d-7d9f-1170fb1cda64">
      <Execution id="9baee3d2-fd9d-493b-8a1f-9fdd001507e1" />
      <TestMethod codeBase="C:\TrustMarket\TrustMarket\tests\TrustMarket.CatalogService.UnitTests\bin\Debug\net8.0\TrustMarket.CatalogService.UnitTests.dll" adapterTypeName="executor://xunit/VsTestRunner2/netcoreapp" className="TrustMarket.CatalogService.UnitTests.Domain.AdvertisementTests" name="UpdateSellerSubMerchantId_StoresNonEmptyValue" />
    </UnitTest>
    <UnitTest name="TrustMarket.CatalogService.UnitTests.Advertisements.ReserveAdvertisementCommandHandlerTests.Reserve_HappyPath_MarksAsReservedAndReturnsInfo" storage="c:\trustmarket\trustmarket\tests\trustmarket.catalogservice.unittests\bin\debug\net8.0\trustmarket.catalogservice.unittests.dll" id="441b3439-df34-9f49-30b5-a17d13d2b2af">
      <Execution id="7b273d2a-ec8e-4f2c-a135-e542479be6d0" />
      <TestMethod codeBase="C:\TrustMarket\TrustMarket\tests\TrustMarket.CatalogService.UnitTests\bin\Debug\net8.0\TrustMarket.CatalogService.UnitTests.dll" adapterTypeName="executor://xunit/VsTestRunner2/netcoreapp" className="TrustMarket.CatalogService.UnitTests.Advertisements.ReserveAdvertisementCommandHandlerTests" name="Reserve_HappyPath_MarksAsReservedAndReturnsInfo" />
    </UnitTest>
    <UnitTest name="TrustMarket.CatalogService.UnitTests.Offers.CreateOfferCommandHandlerTests.Handle_ExistingPendingOffer_ReturnsFailure" storage="c:\trustmarket\trustmarket\tests\trustmarket.catalogservice.unittests\bin\debug\net8.0\trustmarket.catalogservice.unittests.dll" id="df52b108-4339-628e-9a5b-e16f8bf6c0c8">
      <Execution id="331b82c1-747d-46fe-a5f9-76903b6b4166" />
      <TestMethod codeBase="C:\TrustMarket\TrustMarket\tests\TrustMarket.CatalogService.UnitTests\bin\Debug\net8.0\TrustMarket.CatalogService.UnitTests.dll" adapterTypeName="executor://xunit/VsTestRunner2/netcoreapp" className="TrustMarket.CatalogService.UnitTests.Offers.CreateOfferCommandHandlerTests" name="Handle_ExistingPendingOffer_ReturnsFailure" />
    </UnitTest>
    <UnitTest name="TrustMarket.CatalogService.UnitTests.Offers.RespondToOfferCommandHandlerTests.Handle_WrongSeller_ReturnsFailure" storage="c:\trustmarket\trustmarket\tests\trustmarket.catalogservice.unittests\bin\debug\net8.0\trustmarket.catalogservice.unittests.dll" id="60f657fb-d376-643d-6754-2c7708a821ae">
      <Execution id="ad57d31d-7741-4fbb-ab6b-a56e5fefae95" />
      <TestMethod codeBase="C:\TrustMarket\TrustMarket\tests\TrustMarket.CatalogService.UnitTests\bin\Debug\net8.0\TrustMarket.CatalogService.UnitTests.dll" adapterTypeName="executor://xunit/VsTestRunner2/netcoreapp" className="TrustMarket.CatalogService.UnitTests.Offers.RespondToOfferCommandHandlerTests" name="Handle_WrongSeller_ReturnsFailure" />
    </UnitTest>
    <UnitTest name="TrustMarket.CatalogService.UnitTests.Advertisements.UpdateAdvertisementCommandHandlerTests.Handle_AdNotFound_ReturnsFailure" storage="c:\trustmarket\trustmarket\tests\trustmarket.catalogservice.unittests\bin\debug\net8.0\trustmarket.catalogservice.unittests.dll" id="21003db6-43ac-f549-559c-3ff3c7fa8249">
      <Execution id="d7d0653b-f260-4be8-aea7-b4e0da647c5c" />
      <TestMethod codeBase="C:\TrustMarket\TrustMarket\tests\TrustMarket.CatalogService.UnitTests\bin\Debug\net8.0\TrustMarket.CatalogService.UnitTests.dll" adapterTypeName="executor://xunit/VsTestRunner2/netcoreapp" className="TrustMarket.CatalogService.UnitTests.Advertisements.UpdateAdvertisementCommandHandlerTests" name="Handle_AdNotFound_ReturnsFailure" />
    </UnitTest>
    <UnitTest name="TrustMarket.CatalogService.UnitTests.Advertisements.CreateAdvertisementCommandHandlerTests.Handle_HappyPath_ReturnsAdvertisementId" storage="c:\trustmarket\trustmarket\tests\trustmarket.catalogservice.unittests\bin\debug\net8.0\trustmarket.catalogservice.unittests.dll" id="ecfc268d-eeae-7d7b-d412-ee22474facf7">
      <Execution id="32f9bff4-e5ae-41f0-b89b-d967f36eafac" />
      <TestMethod codeBase="C:\TrustMarket\TrustMarket\tests\TrustMarket.CatalogService.UnitTests\bin\Debug\net8.0\TrustMarket.CatalogService.UnitTests.dll" adapterTypeName="executor://xunit/VsTestRunner2/netcoreapp" className="TrustMarket.CatalogService.UnitTests.Advertisements.CreateAdvertisementCommandHandlerTests" name="Handle_HappyPath_ReturnsAdvertisementId" />
    </UnitTest>
    <UnitTest name="TrustMarket.CatalogService.UnitTests.Offers.CreateOfferCommandHandlerTests.Handle_BuyerIsSeller_ReturnsFailure" storage="c:\trustmarket\trustmarket\tests\trustmarket.catalogservice.unittests\bin\debug\net8.0\trustmarket.catalogservice.unittests.dll" id="058a01d1-d21a-8905-2a59-1873e2d02154">
      <Execution id="8d4c1f68-f762-4ee9-8541-c321849891b0" />
      <TestMethod codeBase="C:\TrustMarket\TrustMarket\tests\TrustMarket.CatalogService.UnitTests\bin\Debug\net8.0\TrustMarket.CatalogService.UnitTests.dll" adapterTypeName="executor://xunit/VsTestRunner2/netcoreapp" className="TrustMarket.CatalogService.UnitTests.Offers.CreateOfferCommandHandlerTests" name="Handle_BuyerIsSeller_ReturnsFailure" />
    </UnitTest>
    <UnitTest name="TrustMarket.CatalogService.UnitTests.Domain.AdvertisementTests.SetLocation_NullCoords_ClearsLocation" storage="c:\trustmarket\trustmarket\tests\trustmarket.catalogservice.unittests\bin\debug\net8.0\trustmarket.catalogservice.unittests.dll" id="86786ef0-7281-03ce-f97b-19f1d8c1dbb4">
      <Execution id="7c9df5f7-11c5-4202-8b57-c55e63b2410e" />
      <TestMethod codeBase="C:\TrustMarket\TrustMarket\tests\TrustMarket.CatalogService.UnitTests\bin\Debug\net8.0\TrustMarket.CatalogService.UnitTests.dll" adapterTypeName="executor://xunit/VsTestRunner2/netcoreapp" className="TrustMarket.CatalogService.UnitTests.Domain.AdvertisementTests" name="SetLocation_NullCoords_ClearsLocation" />
    </UnitTest>
    <UnitTest name="TrustMarket.CatalogService.UnitTests.Domain.OfferTests.Accept_SetsAcceptedStatus" storage="c:\trustmarket\trustmarket\tests\trustmarket.catalogservice.unittests\bin\debug\net8.0\trustmarket.catalogservice.unittests.dll" id="d55d35c7-3167-4814-7516-8fa3b2b54ac9">
      <Execution id="27f68259-513d-46b7-a71e-d4ae9017b537" />
      <TestMethod codeBase="C:\TrustMarket\TrustMarket\tests\TrustMarket.CatalogService.UnitTests\bin\Debug\net8.0\TrustMarket.CatalogService.UnitTests.dll" adapterTypeName="executor://xunit/VsTestRunner2/netcoreapp" className="TrustMarket.CatalogService.UnitTests.Domain.OfferTests" name="Accept_SetsAcceptedStatus" />
    </UnitTest>
    <UnitTest name="TrustMarket.CatalogService.UnitTests.Advertisements.ReserveAdvertisementCommandHandlerTests.Reserve_AdNotFound_ReturnsFailure" storage="c:\trustmarket\trustmarket\tests\trustmarket.catalogservice.unittests\bin\debug\net8.0\trustmarket.catalogservice.unittests.dll" id="3c3d16a6-d735-559f-2aa5-04d5fb98d636">
      <Execution id="2ada932d-e8e5-4de7-bbd6-41869663a6ae" />
      <TestMethod codeBase="C:\TrustMarket\TrustMarket\tests\TrustMarket.CatalogService.UnitTests\bin\Debug\net8.0\TrustMarket.CatalogService.UnitTests.dll" adapterTypeName="executor://xunit/VsTestRunner2/netcoreapp" className="TrustMarket.CatalogService.UnitTests.Advertisements.ReserveAdvertisementCommandHandlerTests" name="Reserve_AdNotFound_ReturnsFailure" />
    </UnitTest>
    <UnitTest name="TrustMarket.CatalogService.UnitTests.Domain.AdvertisementTests.UpdateDetails_ReplacesFields" storage="c:\trustmarket\trustmarket\tests\trustmarket.catalogservice.unittests\bin\debug\net8.0\trustmarket.catalogservice.unittests.dll" id="a26a0cad-db6d-e7ca-06ef-24dfff8711bb">
      <Execution id="d2a210a1-070e-42ec-b9ab-331dd35495e9" />
      <TestMethod codeBase="C:\TrustMarket\TrustMarket\tests\TrustMarket.CatalogService.UnitTests\bin\Debug\net8.0\TrustMarket.CatalogService.UnitTests.dll" adapterTypeName="executor://xunit/VsTestRunner2/netcoreapp" className="TrustMarket.CatalogService.UnitTests.Domain.AdvertisementTests" name="UpdateDetails_ReplacesFields" />
    </UnitTest>
    <UnitTest name="TrustMarket.CatalogService.UnitTests.Domain.AdvertisementTests.MarkAsActive_ResetsToActiveFromReserved" storage="c:\trustmarket\trustmarket\tests\trustmarket.catalogservice.unittests\bin\debug\net8.0\trustmarket.catalogservice.unittests.dll" id="2f7304b6-1dc5-6ee5-d2d5-cd5ca5a437df">
      <Execution id="0d5c4fd7-3cdb-4209-a146-b1bd1f485f3b" />
      <TestMethod codeBase="C:\TrustMarket\TrustMarket\tests\TrustMarket.CatalogService.UnitTests\bin\Debug\net8.0\TrustMarket.CatalogService.UnitTests.dll" adapterTypeName="executor://xunit/VsTestRunner2/netcoreapp" className="TrustMarket.CatalogService.UnitTests.Domain.AdvertisementTests" name="MarkAsActive_ResetsToActiveFromReserved" />
    </UnitTest>
    <UnitTest name="TrustMarket.CatalogService.UnitTests.Advertisements.UpdateAdvertisementCommandHandlerTests.Handle_ClearLocation_RemovesLocation" storage="c:\trustmarket\trustmarket\tests\trustmarket.catalogservice.unittests\bin\debug\net8.0\trustmarket.catalogservice.unittests.dll" id="04eefa92-47ac-ec69-4f83-a4e7e2616bc9">
      <Execution id="b8541924-6f25-4324-b658-f164335ac398" />
      <TestMethod codeBase="C:\TrustMarket\TrustMarket\tests\TrustMarket.CatalogService.UnitTests\bin\Debug\net8.0\TrustMarket.CatalogService.UnitTests.dll" adapterTypeName="executor://xunit/VsTestRunner2/netcoreapp" className="TrustMarket.CatalogService.UnitTests.Advertisements.UpdateAdvertisementCommandHandlerTests" name="Handle_ClearLocation_RemovesLocation" />
    </UnitTest>
    <UnitTest name="TrustMarket.CatalogService.UnitTests.Advertisements.CreateAdvertisementCommandHandlerTests.Handle_HappyPath_AddsToRepositoryAndSaves" storage="c:\trustmarket\trustmarket\tests\trustmarket.catalogservice.unittests\bin\debug\net8.0\trustmarket.catalogservice.unittests.dll" id="d96251aa-bf9e-ff06-8a72-ab116d4fecce">
      <Execution id="d687ed77-dd1a-4af6-bbf9-635457c42e03" />
      <TestMethod codeBase="C:\TrustMarket\TrustMarket\tests\TrustMarket.CatalogService.UnitTests\bin\Debug\net8.0\TrustMarket.CatalogService.UnitTests.dll" adapterTypeName="executor://xunit/VsTestRunner2/netcoreapp" className="TrustMarket.CatalogService.UnitTests.Advertisements.CreateAdvertisementCommandHandlerTests" name="Handle_HappyPath_AddsToRepositoryAndSaves" />
    </UnitTest>
    <UnitTest name="TrustMarket.CatalogService.UnitTests.Offers.AcceptCounterOfferCommandHandlerTests.Handle_HappyPath_ReturnsAgreedCounterPrice" storage="c:\trustmarket\trustmarket\tests\trustmarket.catalogservice.unittests\bin\debug\net8.0\trustmarket.catalogservice.unittests.dll" id="63d1245c-ff30-ef9c-90f8-5ed7cc0fd2c5">
      <Execution id="7555c97f-dc40-4e41-a017-4f1ddaacc351" />
      <TestMethod codeBase="C:\TrustMarket\TrustMarket\tests\TrustMarket.CatalogService.UnitTests\bin\Debug\net8.0\TrustMarket.CatalogService.UnitTests.dll" adapterTypeName="executor://xunit/VsTestRunner2/netcoreapp" className="TrustMarket.CatalogService.UnitTests.Offers.AcceptCounterOfferCommandHandlerTests" name="Handle_HappyPath_ReturnsAgreedCounterPrice" />
    </UnitTest>
    <UnitTest name="TrustMarket.CatalogService.UnitTests.Domain.AdvertisementTests.Remove_SetsRemovedStatus" storage="c:\trustmarket\trustmarket\tests\trustmarket.catalogservice.unittests\bin\debug\net8.0\trustmarket.catalogservice.unittests.dll" id="2934eb3a-0804-1361-d990-dd18f52c05b3">
      <Execution id="a7425ed4-b5b5-44b8-9198-641da43bf822" />
      <TestMethod codeBase="C:\TrustMarket\TrustMarket\tests\TrustMarket.CatalogService.UnitTests\bin\Debug\net8.0\TrustMarket.CatalogService.UnitTests.dll" adapterTypeName="executor://xunit/VsTestRunner2/netcoreapp" className="TrustMarket.CatalogService.UnitTests.Domain.AdvertisementTests" name="Remove_SetsRemovedStatus" />
    </UnitTest>
    <UnitTest name="TrustMarket.CatalogService.UnitTests.Domain.AdvertisementTests.MarkAsSold_SetsSoldStatus" storage="c:\trustmarket\trustmarket\tests\trustmarket.catalogservice.unittests\bin\debug\net8.0\trustmarket.catalogservice.unittests.dll" id="479f0fe1-5569-6510-5f55-be08ccf6b28f">
      <Execution id="0b19e38b-903c-457f-9b28-59265d97c289" />
      <TestMethod codeBase="C:\TrustMarket\TrustMarket\tests\TrustMarket.CatalogService.UnitTests\bin\Debug\net8.0\TrustMarket.CatalogService.UnitTests.dll" adapterTypeName="executor://xunit/VsTestRunner2/netcoreapp" className="TrustMarket.CatalogService.UnitTests.Domain.AdvertisementTests" name="MarkAsSold_SetsSoldStatus" />
    </UnitTest>
    <UnitTest name="TrustMarket.CatalogService.UnitTests.Domain.AdvertisementTests.SetLocation_StoresCoordinates" storage="c:\trustmarket\trustmarket\tests\trustmarket.catalogservice.unittests\bin\debug\net8.0\trustmarket.catalogservice.unittests.dll" id="fa8b6549-bbc1-bd83-fabd-e78c9db1d685">
      <Execution id="bc56d8a0-c7ef-4231-bd39-b33103c8d0fe" />
      <TestMethod codeBase="C:\TrustMarket\TrustMarket\tests\TrustMarket.CatalogService.UnitTests\bin\Debug\net8.0\TrustMarket.CatalogService.UnitTests.dll" adapterTypeName="executor://xunit/VsTestRunner2/netcoreapp" className="TrustMarket.CatalogService.UnitTests.Domain.AdvertisementTests" name="SetLocation_StoresCoordinates" />
    </UnitTest>
    <UnitTest name="TrustMarket.CatalogService.UnitTests.Domain.OfferTests.AcceptCounter_WhenNotCounterOffered_Throws" storage="c:\trustmarket\trustmarket\tests\trustmarket.catalogservice.unittests\bin\debug\net8.0\trustmarket.catalogservice.unittests.dll" id="37f954b0-a39b-9f20-e4a9-8d73956c9803">
      <Execution id="7e36e4f2-9178-4407-866a-f44a02bdb809" />
      <TestMethod codeBase="C:\TrustMarket\TrustMarket\tests\TrustMarket.CatalogService.UnitTests\bin\Debug\net8.0\TrustMarket.CatalogService.UnitTests.dll" adapterTypeName="executor://xunit/VsTestRunner2/netcoreapp" className="TrustMarket.CatalogService.UnitTests.Domain.OfferTests" name="AcceptCounter_WhenNotCounterOffered_Throws" />
    </UnitTest>
    <UnitTest name="TrustMarket.CatalogService.UnitTests.Domain.AdvertisementTests.MarkAsReserved_SetsReservedStatus" storage="c:\trustmarket\trustmarket\tests\trustmarket.catalogservice.unittests\bin\debug\net8.0\trustmarket.catalogservice.unittests.dll" id="a05d65ed-4b8d-8ec2-569b-a962c586b0b3">
      <Execution id="5c88dd8d-fb45-438b-bce5-319f01f7beb2" />
      <TestMethod codeBase="C:\TrustMarket\TrustMarket\tests\TrustMarket.CatalogService.UnitTests\bin\Debug\net8.0\TrustMarket.CatalogService.UnitTests.dll" adapterTypeName="executor://xunit/VsTestRunner2/netcoreapp" className="TrustMarket.CatalogService.UnitTests.Domain.AdvertisementTests" name="MarkAsReserved_SetsReservedStatus" />
    </UnitTest>
    <UnitTest name="TrustMarket.CatalogService.UnitTests.Advertisements.ReserveAdvertisementCommandHandlerTests.Unreserve_WhenAlreadyActive_SucceedsWithoutUpdate" storage="c:\trustmarket\trustmarket\tests\trustmarket.catalogservice.unittests\bin\debug\net8.0\trustmarket.catalogservice.unittests.dll" id="aeeb07da-62c4-45b7-7efe-4d389c82a853">
      <Execution id="0bfb17ca-fc6e-4739-b323-4e15f76490bd" />
      <TestMethod codeBase="C:\TrustMarket\TrustMarket\tests\TrustMarket.CatalogService.UnitTests\bin\Debug\net8.0\TrustMarket.CatalogService.UnitTests.dll" adapterTypeName="executor://xunit/VsTestRunner2/netcoreapp" className="TrustMarket.CatalogService.UnitTests.Advertisements.ReserveAdvertisementCommandHandlerTests" name="Unreserve_WhenAlreadyActive_SucceedsWithoutUpdate" />
    </UnitTest>
    <UnitTest name="TrustMarket.CatalogService.UnitTests.Advertisements.UpdateAdvertisementCommandHandlerTests.Handle_WrongSeller_ReturnsFailure" storage="c:\trustmarket\trustmarket\tests\trustmarket.catalogservice.unittests\bin\debug\net8.0\trustmarket.catalogservice.unittests.dll" id="782f1ffc-81b8-0f6c-61ad-54a16cb5e2de">
      <Execution id="00b8b92d-6090-48b7-975c-44558fc030f6" />
      <TestMethod codeBase="C:\TrustMarket\TrustMarket\tests\TrustMarket.CatalogService.UnitTests\bin\Debug\net8.0\TrustMarket.CatalogService.UnitTests.dll" adapterTypeName="executor://xunit/VsTestRunner2/netcoreapp" className="TrustMarket.CatalogService.UnitTests.Advertisements.UpdateAdvertisementCommandHandlerTests" name="Handle_WrongSeller_ReturnsFailure" />
    </UnitTest>
    <UnitTest name="TrustMarket.CatalogService.UnitTests.Advertisements.CreateAdvertisementCommandHandlerTests.Handle_WithoutLocation_DoesNotSetLocation" storage="c:\trustmarket\trustmarket\tests\trustmarket.catalogservice.unittests\bin\debug\net8.0\trustmarket.catalogservice.unittests.dll" id="39fed4f3-c53e-f640-534e-ab35d2555069">
      <Execution id="d085e0c6-5e2b-46f2-a043-29cd407f6368" />
      <TestMethod codeBase="C:\TrustMarket\TrustMarket\tests\TrustMarket.CatalogService.UnitTests\bin\Debug\net8.0\TrustMarket.CatalogService.UnitTests.dll" adapterTypeName="executor://xunit/VsTestRunner2/netcoreapp" className="TrustMarket.CatalogService.UnitTests.Advertisements.CreateAdvertisementCommandHandlerTests" name="Handle_WithoutLocation_DoesNotSetLocation" />
    </UnitTest>
    <UnitTest name="TrustMarket.CatalogService.UnitTests.Domain.OfferTests.AcceptCounter_WhenAlreadyAccepted_Throws" storage="c:\trustmarket\trustmarket\tests\trustmarket.catalogservice.unittests\bin\debug\net8.0\trustmarket.catalogservice.unittests.dll" id="9a165435-4a7f-0364-267c-05197288da7a">
      <Execution id="29474a4d-265a-444f-8ed6-c0fa84d417d3" />
      <TestMethod codeBase="C:\TrustMarket\TrustMarket\tests\TrustMarket.CatalogService.UnitTests\bin\Debug\net8.0\TrustMarket.CatalogService.UnitTests.dll" adapterTypeName="executor://xunit/VsTestRunner2/netcoreapp" className="TrustMarket.CatalogService.UnitTests.Domain.OfferTests" name="AcceptCounter_WhenAlreadyAccepted_Throws" />
    </UnitTest>
    <UnitTest name="TrustMarket.CatalogService.UnitTests.Advertisements.ReserveAdvertisementCommandHandlerTests.Unreserve_AdNotFound_ReturnsFailure" storage="c:\trustmarket\trustmarket\tests\trustmarket.catalogservice.unittests\bin\debug\net8.0\trustmarket.catalogservice.unittests.dll" id="aaaa285e-5954-5756-a0cd-04916f911b4a">
      <Execution id="91aec302-d760-4ae6-b1da-6cf976f13753" />
      <TestMethod codeBase="C:\TrustMarket\TrustMarket\tests\TrustMarket.CatalogService.UnitTests\bin\Debug\net8.0\TrustMarket.CatalogService.UnitTests.dll" adapterTypeName="executor://xunit/VsTestRunner2/netcoreapp" className="TrustMarket.CatalogService.UnitTests.Advertisements.ReserveAdvertisementCommandHandlerTests" name="Unreserve_AdNotFound_ReturnsFailure" />
    </UnitTest>
    <UnitTest name="TrustMarket.CatalogService.UnitTests.Advertisements.ReserveAdvertisementCommandHandlerTests.Reserve_AlreadyReserved_ReturnsConflictFailure" storage="c:\trustmarket\trustmarket\tests\trustmarket.catalogservice.unittests\bin\debug\net8.0\trustmarket.catalogservice.unittests.dll" id="19842c88-1c08-a61e-39cc-591b8f926ca9">
      <Execution id="cc5e5d90-512e-444a-a790-07ce834698aa" />
      <TestMethod codeBase="C:\TrustMarket\TrustMarket\tests\TrustMarket.CatalogService.UnitTests\bin\Debug\net8.0\TrustMarket.CatalogService.UnitTests.dll" adapterTypeName="executor://xunit/VsTestRunner2/netcoreapp" className="TrustMarket.CatalogService.UnitTests.Advertisements.ReserveAdvertisementCommandHandlerTests" name="Reserve_AlreadyReserved_ReturnsConflictFailure" />
    </UnitTest>
    <UnitTest name="TrustMarket.CatalogService.UnitTests.Domain.OfferTests.Create_SetsPendingStatusAndFields" storage="c:\trustmarket\trustmarket\tests\trustmarket.catalogservice.unittests\bin\debug\net8.0\trustmarket.catalogservice.unittests.dll" id="c5adc37e-361c-777b-425c-e42e9fa7f36f">
      <Execution id="001d61e6-3d6c-4c16-9747-20ec3346bf5c" />
      <TestMethod codeBase="C:\TrustMarket\TrustMarket\tests\TrustMarket.CatalogService.UnitTests\bin\Debug\net8.0\TrustMarket.CatalogService.UnitTests.dll" adapterTypeName="executor://xunit/VsTestRunner2/netcoreapp" className="TrustMarket.CatalogService.UnitTests.Domain.OfferTests" name="Create_SetsPendingStatusAndFields" />
    </UnitTest>
    <UnitTest name="TrustMarket.CatalogService.UnitTests.Offers.CreateOfferCommandHandlerTests.Handle_HappyPath_CreatesOfferAndPublishesEvent" storage="c:\trustmarket\trustmarket\tests\trustmarket.catalogservice.unittests\bin\debug\net8.0\trustmarket.catalogservice.unittests.dll" id="cf432ed9-11ae-9a01-42f0-3842d8e104cd">
      <Execution id="6e87305e-864d-4dc7-9daa-f63bb257a808" />
      <TestMethod codeBase="C:\TrustMarket\TrustMarket\tests\TrustMarket.CatalogService.UnitTests\bin\Debug\net8.0\TrustMarket.CatalogService.UnitTests.dll" adapterTypeName="executor://xunit/VsTestRunner2/netcoreapp" className="TrustMarket.CatalogService.UnitTests.Offers.CreateOfferCommandHandlerTests" name="Handle_HappyPath_CreatesOfferAndPublishesEvent" />
    </UnitTest>
    <UnitTest name="TrustMarket.CatalogService.UnitTests.Offers.CreateOfferCommandHandlerTests.Handle_AdNotFound_ReturnsFailure" storage="c:\trustmarket\trustmarket\tests\trustmarket.catalogservice.unittests\bin\debug\net8.0\trustmarket.catalogservice.unittests.dll" id="b9d2fa74-7ff4-29b4-316f-2d7650100616">
      <Execution id="3185c4db-5326-49a7-b7e3-4da35327e79d" />
      <TestMethod codeBase="C:\TrustMarket\TrustMarket\tests\TrustMarket.CatalogService.UnitTests\bin\Debug\net8.0\TrustMarket.CatalogService.UnitTests.dll" adapterTypeName="executor://xunit/VsTestRunner2/netcoreapp" className="TrustMarket.CatalogService.UnitTests.Offers.CreateOfferCommandHandlerTests" name="Handle_AdNotFound_ReturnsFailure" />
    </UnitTest>
    <UnitTest name="TrustMarket.CatalogService.UnitTests.Domain.AdvertisementTests.UpdateSellerSubMerchantId_WhitespaceBecomesNull" storage="c:\trustmarket\trustmarket\tests\trustmarket.catalogservice.unittests\bin\debug\net8.0\trustmarket.catalogservice.unittests.dll" id="432f56f5-3950-cf40-22b3-051294af4da5">
      <Execution id="1d2d269a-bbec-4e47-9138-9fa1790a3b05" />
      <TestMethod codeBase="C:\TrustMarket\TrustMarket\tests\TrustMarket.CatalogService.UnitTests\bin\Debug\net8.0\TrustMarket.CatalogService.UnitTests.dll" adapterTypeName="executor://xunit/VsTestRunner2/netcoreapp" className="TrustMarket.CatalogService.UnitTests.Domain.AdvertisementTests" name="UpdateSellerSubMerchantId_WhitespaceBecomesNull" />
    </UnitTest>
    <UnitTest name="TrustMarket.CatalogService.UnitTests.Offers.AcceptCounterOfferCommandHandlerTests.Handle_OfferNotCounterOffered_ReturnsFailure" storage="c:\trustmarket\trustmarket\tests\trustmarket.catalogservice.unittests\bin\debug\net8.0\trustmarket.catalogservice.unittests.dll" id="0e927dea-001b-02ce-94ed-22d55a96a04a">
      <Execution id="762a8426-c683-443a-87a4-cbde6b137693" />
      <TestMethod codeBase="C:\TrustMarket\TrustMarket\tests\TrustMarket.CatalogService.UnitTests\bin\Debug\net8.0\TrustMarket.CatalogService.UnitTests.dll" adapterTypeName="executor://xunit/VsTestRunner2/netcoreapp" className="TrustMarket.CatalogService.UnitTests.Offers.AcceptCounterOfferCommandHandlerTests" name="Handle_OfferNotCounterOffered_ReturnsFailure" />
    </UnitTest>
    <UnitTest name="TrustMarket.CatalogService.UnitTests.Offers.AcceptCounterOfferCommandHandlerTests.Handle_OfferNotFound_ReturnsFailure" storage="c:\trustmarket\trustmarket\tests\trustmarket.catalogservice.unittests\bin\debug\net8.0\trustmarket.catalogservice.unittests.dll" id="5bd09617-3be3-7995-0f19-f33d0db43084">
      <Execution id="9e81b473-973e-4c03-94b0-53523746cfb2" />
      <TestMethod codeBase="C:\TrustMarket\TrustMarket\tests\TrustMarket.CatalogService.UnitTests\bin\Debug\net8.0\TrustMarket.CatalogService.UnitTests.dll" adapterTypeName="executor://xunit/VsTestRunner2/netcoreapp" className="TrustMarket.CatalogService.UnitTests.Offers.AcceptCounterOfferCommandHandlerTests" name="Handle_OfferNotFound_ReturnsFailure" />
    </UnitTest>
    <UnitTest name="TrustMarket.CatalogService.UnitTests.Offers.AcceptCounterOfferCommandHandlerTests.Handle_HappyPath_SavesChanges" storage="c:\trustmarket\trustmarket\tests\trustmarket.catalogservice.unittests\bin\debug\net8.0\trustmarket.catalogservice.unittests.dll" id="d35c218b-5fa3-b473-bb7a-c5b823fc77a5">
      <Execution id="78c8f6db-81ce-4e10-bc13-82ec6e396a63" />
      <TestMethod codeBase="C:\TrustMarket\TrustMarket\tests\TrustMarket.CatalogService.UnitTests\bin\Debug\net8.0\TrustMarket.CatalogService.UnitTests.dll" adapterTypeName="executor://xunit/VsTestRunner2/netcoreapp" className="TrustMarket.CatalogService.UnitTests.Offers.AcceptCounterOfferCommandHandlerTests" name="Handle_HappyPath_SavesChanges" />
    </UnitTest>
    <UnitTest name="TrustMarket.CatalogService.UnitTests.Advertisements.ReserveAdvertisementCommandHandlerTests.Reserve_BuyerIsSeller_ReturnsFailure" storage="c:\trustmarket\trustmarket\tests\trustmarket.catalogservice.unittests\bin\debug\net8.0\trustmarket.catalogservice.unittests.dll" id="6263c615-471c-118f-f876-42a9c3df8e8c">
      <Execution id="e916e597-d4a7-473a-a443-4155cbf272c9" />
      <TestMethod codeBase="C:\TrustMarket\TrustMarket\tests\TrustMarket.CatalogService.UnitTests\bin\Debug\net8.0\TrustMarket.CatalogService.UnitTests.dll" adapterTypeName="executor://xunit/VsTestRunner2/netcoreapp" className="TrustMarket.CatalogService.UnitTests.Advertisements.ReserveAdvertisementCommandHandlerTests" name="Reserve_BuyerIsSeller_ReturnsFailure" />
    </UnitTest>
    <UnitTest name="TrustMarket.CatalogService.UnitTests.Offers.RespondToOfferCommandHandlerTests.Handle_UnknownAction_ReturnsFailure" storage="c:\trustmarket\trustmarket\tests\trustmarket.catalogservice.unittests\bin\debug\net8.0\trustmarket.catalogservice.unittests.dll" id="8ec6258c-189a-4a7b-0ad4-6e00b54b87ab">
      <Execution id="fe12ab0a-35bf-4d88-928f-59a70eb0d833" />
      <TestMethod codeBase="C:\TrustMarket\TrustMarket\tests\TrustMarket.CatalogService.UnitTests\bin\Debug\net8.0\TrustMarket.CatalogService.UnitTests.dll" adapterTypeName="executor://xunit/VsTestRunner2/netcoreapp" className="TrustMarket.CatalogService.UnitTests.Offers.RespondToOfferCommandHandlerTests" name="Handle_UnknownAction_ReturnsFailure" />
    </UnitTest>
    <UnitTest name="TrustMarket.CatalogService.UnitTests.Offers.RespondToOfferCommandHandlerTests.Handle_ValidResponse_SavesChanges" storage="c:\trustmarket\trustmarket\tests\trustmarket.catalogservice.unittests\bin\debug\net8.0\trustmarket.catalogservice.unittests.dll" id="b05477d6-9a27-24b2-e3b3-aa63acf61b3d">
      <Execution id="9e9ffc1b-356a-4232-bc33-0cf8dfd97324" />
      <TestMethod codeBase="C:\TrustMarket\TrustMarket\tests\TrustMarket.CatalogService.UnitTests\bin\Debug\net8.0\TrustMarket.CatalogService.UnitTests.dll" adapterTypeName="executor://xunit/VsTestRunner2/netcoreapp" className="TrustMarket.CatalogService.UnitTests.Offers.RespondToOfferCommandHandlerTests" name="Handle_ValidResponse_SavesChanges" />
    </UnitTest>
    <UnitTest name="TrustMarket.CatalogService.UnitTests.Advertisements.ReserveAdvertisementCommandHandlerTests.Unreserve_WhenReserved_RestoresToActiveAndSaves" storage="c:\trustmarket\trustmarket\tests\trustmarket.catalogservice.unittests\bin\debug\net8.0\trustmarket.catalogservice.unittests.dll" id="f3c19ae0-dda8-b162-427d-21fa9b109e42">
      <Execution id="46a7d980-7dc2-4ec5-bb76-45755c6d5432" />
      <TestMethod codeBase="C:\TrustMarket\TrustMarket\tests\TrustMarket.CatalogService.UnitTests\bin\Debug\net8.0\TrustMarket.CatalogService.UnitTests.dll" adapterTypeName="executor://xunit/VsTestRunner2/netcoreapp" className="TrustMarket.CatalogService.UnitTests.Advertisements.ReserveAdvertisementCommandHandlerTests" name="Unreserve_WhenReserved_RestoresToActiveAndSaves" />
    </UnitTest>
    <UnitTest name="TrustMarket.CatalogService.UnitTests.Advertisements.UpdateAdvertisementCommandHandlerTests.Handle_ValidRequest_UpdatesDetailsAndSaves" storage="c:\trustmarket\trustmarket\tests\trustmarket.catalogservice.unittests\bin\debug\net8.0\trustmarket.catalogservice.unittests.dll" id="77a3d81b-8953-a3ca-138d-4468a3665786">
      <Execution id="632d58c6-9338-4744-b898-405f2d42f48f" />
      <TestMethod codeBase="C:\TrustMarket\TrustMarket\tests\TrustMarket.CatalogService.UnitTests\bin\Debug\net8.0\TrustMarket.CatalogService.UnitTests.dll" adapterTypeName="executor://xunit/VsTestRunner2/netcoreapp" className="TrustMarket.CatalogService.UnitTests.Advertisements.UpdateAdvertisementCommandHandlerTests" name="Handle_ValidRequest_UpdatesDetailsAndSaves" />
    </UnitTest>
    <UnitTest name="TrustMarket.CatalogService.UnitTests.Advertisements.DeleteAdvertisementCommandHandlerTests.Handle_ValidRequest_MarksAsRemovedAndSaves" storage="c:\trustmarket\trustmarket\tests\trustmarket.catalogservice.unittests\bin\debug\net8.0\trustmarket.catalogservice.unittests.dll" id="8e8eb2be-843a-80fa-8d22-b0d6d36dd4a7">
      <Execution id="b5cee8d7-ca3a-48de-a17a-2046dfd3e03f" />
      <TestMethod codeBase="C:\TrustMarket\TrustMarket\tests\TrustMarket.CatalogService.UnitTests\bin\Debug\net8.0\TrustMarket.CatalogService.UnitTests.dll" adapterTypeName="executor://xunit/VsTestRunner2/netcoreapp" className="TrustMarket.CatalogService.UnitTests.Advertisements.DeleteAdvertisementCommandHandlerTests" name="Handle_ValidRequest_MarksAsRemovedAndSaves" />
    </UnitTest>
    <UnitTest name="TrustMarket.CatalogService.UnitTests.Offers.RespondToOfferCommandHandlerTests.Handle_Accept_SetsAcceptedAndPublishesEvent" storage="c:\trustmarket\trustmarket\tests\trustmarket.catalogservice.unittests\bin\debug\net8.0\trustmarket.catalogservice.unittests.dll" id="476f8e70-831d-180f-20ce-f00dae80c65c">
      <Execution id="34dcba66-2f01-42b4-81da-70c18c484c61" />
      <TestMethod codeBase="C:\TrustMarket\TrustMarket\tests\TrustMarket.CatalogService.UnitTests\bin\Debug\net8.0\TrustMarket.CatalogService.UnitTests.dll" adapterTypeName="executor://xunit/VsTestRunner2/netcoreapp" className="TrustMarket.CatalogService.UnitTests.Offers.RespondToOfferCommandHandlerTests" name="Handle_Accept_SetsAcceptedAndPublishesEvent" />
    </UnitTest>
    <UnitTest name="TrustMarket.CatalogService.UnitTests.Domain.OfferTests.Reject_SetsRejectedStatusAndStoresNote" storage="c:\trustmarket\trustmarket\tests\trustmarket.catalogservice.unittests\bin\debug\net8.0\trustmarket.catalogservice.unittests.dll" id="a86c621e-df84-4a1e-3415-a0201bd2db5c">
      <Execution id="46951916-c6dd-4712-8c62-ce350c957631" />
      <TestMethod codeBase="C:\TrustMarket\TrustMarket\tests\TrustMarket.CatalogService.UnitTests\bin\Debug\net8.0\TrustMarket.CatalogService.UnitTests.dll" adapterTypeName="executor://xunit/VsTestRunner2/netcoreapp" className="TrustMarket.CatalogService.UnitTests.Domain.OfferTests" name="Reject_SetsRejectedStatusAndStoresNote" />
    </UnitTest>
    <UnitTest name="TrustMarket.CatalogService.UnitTests.Offers.CreateOfferCommandHandlerTests.Handle_PriceZeroOrNegative_ReturnsFailure" storage="c:\trustmarket\trustmarket\tests\trustmarket.catalogservice.unittests\bin\debug\net8.0\trustmarket.catalogservice.unittests.dll" id="cc435d30-94e5-048d-b70d-9d0046c36edc">
      <Execution id="8f7c2419-b1af-4909-8b8e-8fcc41bb7544" />
      <TestMethod codeBase="C:\TrustMarket\TrustMarket\tests\TrustMarket.CatalogService.UnitTests\bin\Debug\net8.0\TrustMarket.CatalogService.UnitTests.dll" adapterTypeName="executor://xunit/VsTestRunner2/netcoreapp" className="TrustMarket.CatalogService.UnitTests.Offers.CreateOfferCommandHandlerTests" name="Handle_PriceZeroOrNegative_ReturnsFailure" />
    </UnitTest>
    <UnitTest name="TrustMarket.CatalogService.UnitTests.Advertisements.DeleteAdvertisementCommandHandlerTests.Handle_WrongSeller_ReturnsFailure" storage="c:\trustmarket\trustmarket\tests\trustmarket.catalogservice.unittests\bin\debug\net8.0\trustmarket.catalogservice.unittests.dll" id="447b515f-a44b-71d2-8e3d-b04193f506e0">
      <Execution id="6e279669-8211-4e87-8b7a-2066ef5286ce" />
      <TestMethod codeBase="C:\TrustMarket\TrustMarket\tests\TrustMarket.CatalogService.UnitTests\bin\Debug\net8.0\TrustMarket.CatalogService.UnitTests.dll" adapterTypeName="executor://xunit/VsTestRunner2/netcoreapp" className="TrustMarket.CatalogService.UnitTests.Advertisements.DeleteAdvertisementCommandHandlerTests" name="Handle_WrongSeller_ReturnsFailure" />
    </UnitTest>
    <UnitTest name="TrustMarket.CatalogService.UnitTests.Offers.CreateOfferCommandHandlerTests.Handle_AdNotActive_ReturnsFailure" storage="c:\trustmarket\trustmarket\tests\trustmarket.catalogservice.unittests\bin\debug\net8.0\trustmarket.catalogservice.unittests.dll" id="195f29de-00d9-ace3-0a8e-debc19d68d9f">
      <Execution id="aca07417-8451-4fb2-a4b1-2a473fa36ffb" />
      <TestMethod codeBase="C:\TrustMarket\TrustMarket\tests\TrustMarket.CatalogService.UnitTests\bin\Debug\net8.0\TrustMarket.CatalogService.UnitTests.dll" adapterTypeName="executor://xunit/VsTestRunner2/netcoreapp" className="TrustMarket.CatalogService.UnitTests.Offers.CreateOfferCommandHandlerTests" name="Handle_AdNotActive_ReturnsFailure" />
    </UnitTest>
    <UnitTest name="TrustMarket.CatalogService.UnitTests.Advertisements.DeleteAdvertisementCommandHandlerTests.Handle_AdNotFound_ReturnsFailure" storage="c:\trustmarket\trustmarket\tests\trustmarket.catalogservice.unittests\bin\debug\net8.0\trustmarket.catalogservice.unittests.dll" id="8f0bfd15-a8f6-7632-3376-27ec69506439">
      <Execution id="03151a66-f0d7-4926-a3fb-be993b42c204" />
      <TestMethod codeBase="C:\TrustMarket\TrustMarket\tests\TrustMarket.CatalogService.UnitTests\bin\Debug\net8.0\TrustMarket.CatalogService.UnitTests.dll" adapterTypeName="executor://xunit/VsTestRunner2/netcoreapp" className="TrustMarket.CatalogService.UnitTests.Advertisements.DeleteAdvertisementCommandHandlerTests" name="Handle_AdNotFound_ReturnsFailure" />
    </UnitTest>
    <UnitTest name="TrustMarket.CatalogService.UnitTests.Offers.RespondToOfferCommandHandlerTests.Handle_Reject_SetsRejectedWithNote" storage="c:\trustmarket\trustmarket\tests\trustmarket.catalogservice.unittests\bin\debug\net8.0\trustmarket.catalogservice.unittests.dll" id="2dc28979-d6e3-f7f4-13d5-ea321699ca61">
      <Execution id="133c6fbd-3bea-4942-bf6d-29aff61a05e6" />
      <TestMethod codeBase="C:\TrustMarket\TrustMarket\tests\TrustMarket.CatalogService.UnitTests\bin\Debug\net8.0\TrustMarket.CatalogService.UnitTests.dll" adapterTypeName="executor://xunit/VsTestRunner2/netcoreapp" className="TrustMarket.CatalogService.UnitTests.Offers.RespondToOfferCommandHandlerTests" name="Handle_Reject_SetsRejectedWithNote" />
    </UnitTest>
    <UnitTest name="TrustMarket.CatalogService.UnitTests.Domain.OfferTests.Counter_SetsCounterOfferedStatusWithPrice" storage="c:\trustmarket\trustmarket\tests\trustmarket.catalogservice.unittests\bin\debug\net8.0\trustmarket.catalogservice.unittests.dll" id="0de74899-cdb5-eddd-d745-035ad024c2af">
      <Execution id="5dcd7714-d851-4af1-b9e4-b365e9b808e3" />
      <TestMethod codeBase="C:\TrustMarket\TrustMarket\tests\TrustMarket.CatalogService.UnitTests\bin\Debug\net8.0\TrustMarket.CatalogService.UnitTests.dll" adapterTypeName="executor://xunit/VsTestRunner2/netcoreapp" className="TrustMarket.CatalogService.UnitTests.Domain.OfferTests" name="Counter_SetsCounterOfferedStatusWithPrice" />
    </UnitTest>
    <UnitTest name="TrustMarket.CatalogService.UnitTests.Offers.RespondToOfferCommandHandlerTests.Handle_Counter_SetsCounterOfferedWithPrice" storage="c:\trustmarket\trustmarket\tests\trustmarket.catalogservice.unittests\bin\debug\net8.0\trustmarket.catalogservice.unittests.dll" id="8dd1f8d7-52c0-fb8d-b6ec-99f4584e3dac">
      <Execution id="33d0bebd-8d31-486a-b1b4-a9d93fd28c47" />
      <TestMethod codeBase="C:\TrustMarket\TrustMarket\tests\TrustMarket.CatalogService.UnitTests\bin\Debug\net8.0\TrustMarket.CatalogService.UnitTests.dll" adapterTypeName="executor://xunit/VsTestRunner2/netcoreapp" className="TrustMarket.CatalogService.UnitTests.Offers.RespondToOfferCommandHandlerTests" name="Handle_Counter_SetsCounterOfferedWithPrice" />
    </UnitTest>
    <UnitTest name="TrustMarket.CatalogService.UnitTests.Domain.AdvertisementTests.ReplaceImages_OverwritesPreviousList" storage="c:\trustmarket\trustmarket\tests\trustmarket.catalogservice.unittests\bin\debug\net8.0\trustmarket.catalogservice.unittests.dll" id="7a88955d-f7bf-1f47-b8ef-093ff1f32da7">
      <Execution id="e355c832-245a-4cb4-b1b2-8cd70bb61bad" />
      <TestMethod codeBase="C:\TrustMarket\TrustMarket\tests\TrustMarket.CatalogService.UnitTests\bin\Debug\net8.0\TrustMarket.CatalogService.UnitTests.dll" adapterTypeName="executor://xunit/VsTestRunner2/netcoreapp" className="TrustMarket.CatalogService.UnitTests.Domain.AdvertisementTests" name="ReplaceImages_OverwritesPreviousList" />
    </UnitTest>
    <UnitTest name="TrustMarket.CatalogService.UnitTests.Offers.RespondToOfferCommandHandlerTests.Handle_CounterWithoutPrice_ReturnsFailure" storage="c:\trustmarket\trustmarket\tests\trustmarket.catalogservice.unittests\bin\debug\net8.0\trustmarket.catalogservice.unittests.dll" id="9e559a02-c510-ec81-8803-07ec3fcdc44a">
      <Execution id="15f592d2-79ea-4b01-b28e-f6d2e76484f8" />
      <TestMethod codeBase="C:\TrustMarket\TrustMarket\tests\TrustMarket.CatalogService.UnitTests\bin\Debug\net8.0\TrustMarket.CatalogService.UnitTests.dll" adapterTypeName="executor://xunit/VsTestRunner2/netcoreapp" className="TrustMarket.CatalogService.UnitTests.Offers.RespondToOfferCommandHandlerTests" name="Handle_CounterWithoutPrice_ReturnsFailure" />
    </UnitTest>
    <UnitTest name="TrustMarket.CatalogService.UnitTests.Advertisements.UpdateAdvertisementCommandHandlerTests.Handle_WithNewLocation_SetsLocation" storage="c:\trustmarket\trustmarket\tests\trustmarket.catalogservice.unittests\bin\debug\net8.0\trustmarket.catalogservice.unittests.dll" id="ab9083c3-649d-a33b-bb53-24ac8875b0c0">
      <Execution id="6a035b07-6699-4fed-9040-f991f2bf0b80" />
      <TestMethod codeBase="C:\TrustMarket\TrustMarket\tests\TrustMarket.CatalogService.UnitTests\bin\Debug\net8.0\TrustMarket.CatalogService.UnitTests.dll" adapterTypeName="executor://xunit/VsTestRunner2/netcoreapp" className="TrustMarket.CatalogService.UnitTests.Advertisements.UpdateAdvertisementCommandHandlerTests" name="Handle_WithNewLocation_SetsLocation" />
    </UnitTest>
    <UnitTest name="TrustMarket.CatalogService.UnitTests.Offers.AcceptCounterOfferCommandHandlerTests.Handle_WrongBuyer_ReturnsFailure" storage="c:\trustmarket\trustmarket\tests\trustmarket.catalogservice.unittests\bin\debug\net8.0\trustmarket.catalogservice.unittests.dll" id="17c19ac8-276c-0e87-f082-1af7522b75ed">
      <Execution id="02066700-f513-4c54-887e-61003830f685" />
      <TestMethod codeBase="C:\TrustMarket\TrustMarket\tests\TrustMarket.CatalogService.UnitTests\bin\Debug\net8.0\TrustMarket.CatalogService.UnitTests.dll" adapterTypeName="executor://xunit/VsTestRunner2/netcoreapp" className="TrustMarket.CatalogService.UnitTests.Offers.AcceptCounterOfferCommandHandlerTests" name="Handle_WrongBuyer_ReturnsFailure" />
    </UnitTest>
    <UnitTest name="TrustMarket.CatalogService.UnitTests.Offers.RespondToOfferCommandHandlerTests.Handle_OfferAlreadyAnswered_ReturnsFailure" storage="c:\trustmarket\trustmarket\tests\trustmarket.catalogservice.unittests\bin\debug\net8.0\trustmarket.catalogservice.unittests.dll" id="e4f023bb-f683-8fd5-41de-fe5ad86ac069">
      <Execution id="f2e57701-4764-4d90-bd96-1fe5c218cb38" />
      <TestMethod codeBase="C:\TrustMarket\TrustMarket\tests\TrustMarket.CatalogService.UnitTests\bin\Debug\net8.0\TrustMarket.CatalogService.UnitTests.dll" adapterTypeName="executor://xunit/VsTestRunner2/netcoreapp" className="TrustMarket.CatalogService.UnitTests.Offers.RespondToOfferCommandHandlerTests" name="Handle_OfferAlreadyAnswered_ReturnsFailure" />
    </UnitTest>
    <UnitTest name="TrustMarket.CatalogService.UnitTests.Advertisements.CreateAdvertisementCommandHandlerTests.Handle_HappyPath_PublishesAdvertisementCreatedEvent" storage="c:\trustmarket\trustmarket\tests\trustmarket.catalogservice.unittests\bin\debug\net8.0\trustmarket.catalogservice.unittests.dll" id="d70b5b29-2aca-c969-ce77-aa92e3a6474e">
      <Execution id="038d4d25-a8fd-467f-b6ce-902ed294b723" />
      <TestMethod codeBase="C:\TrustMarket\TrustMarket\tests\TrustMarket.CatalogService.UnitTests\bin\Debug\net8.0\TrustMarket.CatalogService.UnitTests.dll" adapterTypeName="executor://xunit/VsTestRunner2/netcoreapp" className="TrustMarket.CatalogService.UnitTests.Advertisements.CreateAdvertisementCommandHandlerTests" name="Handle_HappyPath_PublishesAdvertisementCreatedEvent" />
    </UnitTest>
  </TestDefinitions>
  <TestEntries>
    <TestEntry testId="3c3d16a6-d735-559f-2aa5-04d5fb98d636" executionId="2ada932d-e8e5-4de7-bbd6-41869663a6ae" testListId="8c84fa94-04c1-424b-9868-57a2d4851a1d" />
    <TestEntry testId="39fed4f3-c53e-f640-534e-ab35d2555069" executionId="d085e0c6-5e2b-46f2-a043-29cd407f6368" testListId="8c84fa94-04c1-424b-9868-57a2d4851a1d" />
    <TestEntry testId="8dd1f8d7-52c0-fb8d-b6ec-99f4584e3dac" executionId="33d0bebd-8d31-486a-b1b4-a9d93fd28c47" testListId="8c84fa94-04c1-424b-9868-57a2d4851a1d" />
    <TestEntry testId="8e8eb2be-843a-80fa-8d22-b0d6d36dd4a7" executionId="b5cee8d7-ca3a-48de-a17a-2046dfd3e03f" testListId="8c84fa94-04c1-424b-9868-57a2d4851a1d" />
    <TestEntry testId="479f0fe1-5569-6510-5f55-be08ccf6b28f" executionId="0b19e38b-903c-457f-9b28-59265d97c289" testListId="8c84fa94-04c1-424b-9868-57a2d4851a1d" />
    <TestEntry testId="86786ef0-7281-03ce-f97b-19f1d8c1dbb4" executionId="7c9df5f7-11c5-4202-8b57-c55e63b2410e" testListId="8c84fa94-04c1-424b-9868-57a2d4851a1d" />
    <TestEntry testId="7a88955d-f7bf-1f47-b8ef-093ff1f32da7" executionId="e355c832-245a-4cb4-b1b2-8cd70bb61bad" testListId="8c84fa94-04c1-424b-9868-57a2d4851a1d" />
    <TestEntry testId="e4f023bb-f683-8fd5-41de-fe5ad86ac069" executionId="f2e57701-4764-4d90-bd96-1fe5c218cb38" testListId="8c84fa94-04c1-424b-9868-57a2d4851a1d" />
    <TestEntry testId="782f1ffc-81b8-0f6c-61ad-54a16cb5e2de" executionId="00b8b92d-6090-48b7-975c-44558fc030f6" testListId="8c84fa94-04c1-424b-9868-57a2d4851a1d" />
    <TestEntry testId="f3c19ae0-dda8-b162-427d-21fa9b109e42" executionId="46a7d980-7dc2-4ec5-bb76-45755c6d5432" testListId="8c84fa94-04c1-424b-9868-57a2d4851a1d" />
    <TestEntry testId="441b3439-df34-9f49-30b5-a17d13d2b2af" executionId="7b273d2a-ec8e-4f2c-a135-e542479be6d0" testListId="8c84fa94-04c1-424b-9868-57a2d4851a1d" />
    <TestEntry testId="a26a0cad-db6d-e7ca-06ef-24dfff8711bb" executionId="d2a210a1-070e-42ec-b9ab-331dd35495e9" testListId="8c84fa94-04c1-424b-9868-57a2d4851a1d" />
    <TestEntry testId="a86c621e-df84-4a1e-3415-a0201bd2db5c" executionId="46951916-c6dd-4712-8c62-ce350c957631" testListId="8c84fa94-04c1-424b-9868-57a2d4851a1d" />
    <TestEntry testId="6263c615-471c-118f-f876-42a9c3df8e8c" executionId="e916e597-d4a7-473a-a443-4155cbf272c9" testListId="8c84fa94-04c1-424b-9868-57a2d4851a1d" />
    <TestEntry testId="d70b5b29-2aca-c969-ce77-aa92e3a6474e" executionId="038d4d25-a8fd-467f-b6ce-902ed294b723" testListId="8c84fa94-04c1-424b-9868-57a2d4851a1d" />
    <TestEntry testId="21003db6-43ac-f549-559c-3ff3c7fa8249" executionId="d7d0653b-f260-4be8-aea7-b4e0da647c5c" testListId="8c84fa94-04c1-424b-9868-57a2d4851a1d" />
    <TestEntry testId="b05477d6-9a27-24b2-e3b3-aa63acf61b3d" executionId="9e9ffc1b-356a-4232-bc33-0cf8dfd97324" testListId="8c84fa94-04c1-424b-9868-57a2d4851a1d" />
    <TestEntry testId="fa8b6549-bbc1-bd83-fabd-e78c9db1d685" executionId="bc56d8a0-c7ef-4231-bd39-b33103c8d0fe" testListId="8c84fa94-04c1-424b-9868-57a2d4851a1d" />
    <TestEntry testId="8ec6258c-189a-4a7b-0ad4-6e00b54b87ab" executionId="fe12ab0a-35bf-4d88-928f-59a70eb0d833" testListId="8c84fa94-04c1-424b-9868-57a2d4851a1d" />
    <TestEntry testId="d55d35c7-3167-4814-7516-8fa3b2b54ac9" executionId="27f68259-513d-46b7-a71e-d4ae9017b537" testListId="8c84fa94-04c1-424b-9868-57a2d4851a1d" />
    <TestEntry testId="0e927dea-001b-02ce-94ed-22d55a96a04a" executionId="762a8426-c683-443a-87a4-cbde6b137693" testListId="8c84fa94-04c1-424b-9868-57a2d4851a1d" />
    <TestEntry testId="04eefa92-47ac-ec69-4f83-a4e7e2616bc9" executionId="b8541924-6f25-4324-b658-f164335ac398" testListId="8c84fa94-04c1-424b-9868-57a2d4851a1d" />
    <TestEntry testId="cf432ed9-11ae-9a01-42f0-3842d8e104cd" executionId="6e87305e-864d-4dc7-9daa-f63bb257a808" testListId="8c84fa94-04c1-424b-9868-57a2d4851a1d" />
    <TestEntry testId="b9d2fa74-7ff4-29b4-316f-2d7650100616" executionId="3185c4db-5326-49a7-b7e3-4da35327e79d" testListId="8c84fa94-04c1-424b-9868-57a2d4851a1d" />
    <TestEntry testId="9e559a02-c510-ec81-8803-07ec3fcdc44a" executionId="15f592d2-79ea-4b01-b28e-f6d2e76484f8" testListId="8c84fa94-04c1-424b-9868-57a2d4851a1d" />
    <TestEntry testId="6e7fe94d-d1c7-0677-f25c-dd42635b8de9" executionId="50b3b352-fd95-4187-a1b7-8f10f3346147" testListId="8c84fa94-04c1-424b-9868-57a2d4851a1d" />
    <TestEntry testId="60f657fb-d376-643d-6754-2c7708a821ae" executionId="ad57d31d-7741-4fbb-ab6b-a56e5fefae95" testListId="8c84fa94-04c1-424b-9868-57a2d4851a1d" />
    <TestEntry testId="07e4bf00-5118-0a6d-7d9f-1170fb1cda64" executionId="9baee3d2-fd9d-493b-8a1f-9fdd001507e1" testListId="8c84fa94-04c1-424b-9868-57a2d4851a1d" />
    <TestEntry testId="c5adc37e-361c-777b-425c-e42e9fa7f36f" executionId="001d61e6-3d6c-4c16-9747-20ec3346bf5c" testListId="8c84fa94-04c1-424b-9868-57a2d4851a1d" />
    <TestEntry testId="2934eb3a-0804-1361-d990-dd18f52c05b3" executionId="a7425ed4-b5b5-44b8-9198-641da43bf822" testListId="8c84fa94-04c1-424b-9868-57a2d4851a1d" />
    <TestEntry testId="8f0bfd15-a8f6-7632-3376-27ec69506439" executionId="03151a66-f0d7-4926-a3fb-be993b42c204" testListId="8c84fa94-04c1-424b-9868-57a2d4851a1d" />
    <TestEntry testId="447b515f-a44b-71d2-8e3d-b04193f506e0" executionId="6e279669-8211-4e87-8b7a-2066ef5286ce" testListId="8c84fa94-04c1-424b-9868-57a2d4851a1d" />
    <TestEntry testId="a05d65ed-4b8d-8ec2-569b-a962c586b0b3" executionId="5c88dd8d-fb45-438b-bce5-319f01f7beb2" testListId="8c84fa94-04c1-424b-9868-57a2d4851a1d" />
    <TestEntry testId="0de74899-cdb5-eddd-d745-035ad024c2af" executionId="5dcd7714-d851-4af1-b9e4-b365e9b808e3" testListId="8c84fa94-04c1-424b-9868-57a2d4851a1d" />
    <TestEntry testId="d35c218b-5fa3-b473-bb7a-c5b823fc77a5" executionId="78c8f6db-81ce-4e10-bc13-82ec6e396a63" testListId="8c84fa94-04c1-424b-9868-57a2d4851a1d" />
    <TestEntry testId="601666aa-2008-2a20-e0a7-a6af321293f0" executionId="e520cd4d-2d3d-4f87-bdb0-806c7d6ed7b3" testListId="8c84fa94-04c1-424b-9868-57a2d4851a1d" />
    <TestEntry testId="df52b108-4339-628e-9a5b-e16f8bf6c0c8" executionId="331b82c1-747d-46fe-a5f9-76903b6b4166" testListId="8c84fa94-04c1-424b-9868-57a2d4851a1d" />
    <TestEntry testId="aaaa285e-5954-5756-a0cd-04916f911b4a" executionId="91aec302-d760-4ae6-b1da-6cf976f13753" testListId="8c84fa94-04c1-424b-9868-57a2d4851a1d" />
    <TestEntry testId="ecfc268d-eeae-7d7b-d412-ee22474facf7" executionId="32f9bff4-e5ae-41f0-b89b-d967f36eafac" testListId="8c84fa94-04c1-424b-9868-57a2d4851a1d" />
    <TestEntry testId="2dc28979-d6e3-f7f4-13d5-ea321699ca61" executionId="133c6fbd-3bea-4942-bf6d-29aff61a05e6" testListId="8c84fa94-04c1-424b-9868-57a2d4851a1d" />
    <TestEntry testId="195f29de-00d9-ace3-0a8e-debc19d68d9f" executionId="aca07417-8451-4fb2-a4b1-2a473fa36ffb" testListId="8c84fa94-04c1-424b-9868-57a2d4851a1d" />
    <TestEntry testId="63d1245c-ff30-ef9c-90f8-5ed7cc0fd2c5" executionId="7555c97f-dc40-4e41-a017-4f1ddaacc351" testListId="8c84fa94-04c1-424b-9868-57a2d4851a1d" />
    <TestEntry testId="5bd09617-3be3-7995-0f19-f33d0db43084" executionId="9e81b473-973e-4c03-94b0-53523746cfb2" testListId="8c84fa94-04c1-424b-9868-57a2d4851a1d" />
    <TestEntry testId="9a165435-4a7f-0364-267c-05197288da7a" executionId="29474a4d-265a-444f-8ed6-c0fa84d417d3" testListId="8c84fa94-04c1-424b-9868-57a2d4851a1d" />
    <TestEntry testId="77a3d81b-8953-a3ca-138d-4468a3665786" executionId="632d58c6-9338-4744-b898-405f2d42f48f" testListId="8c84fa94-04c1-424b-9868-57a2d4851a1d" />
    <TestEntry testId="2f7304b6-1dc5-6ee5-d2d5-cd5ca5a437df" executionId="0d5c4fd7-3cdb-4209-a146-b1bd1f485f3b" testListId="8c84fa94-04c1-424b-9868-57a2d4851a1d" />
    <TestEntry testId="37f954b0-a39b-9f20-e4a9-8d73956c9803" executionId="7e36e4f2-9178-4407-866a-f44a02bdb809" testListId="8c84fa94-04c1-424b-9868-57a2d4851a1d" />
    <TestEntry testId="27549c2c-db61-c0ad-3aca-c90f3e0e5398" executionId="1b352fb3-9ef3-485f-819e-86edfbcc1b79" testListId="8c84fa94-04c1-424b-9868-57a2d4851a1d" />
    <TestEntry testId="ab9083c3-649d-a33b-bb53-24ac8875b0c0" executionId="6a035b07-6699-4fed-9040-f991f2bf0b80" testListId="8c84fa94-04c1-424b-9868-57a2d4851a1d" />
    <TestEntry testId="432f56f5-3950-cf40-22b3-051294af4da5" executionId="1d2d269a-bbec-4e47-9138-9fa1790a3b05" testListId="8c84fa94-04c1-424b-9868-57a2d4851a1d" />
    <TestEntry testId="17c19ac8-276c-0e87-f082-1af7522b75ed" executionId="02066700-f513-4c54-887e-61003830f685" testListId="8c84fa94-04c1-424b-9868-57a2d4851a1d" />
    <TestEntry testId="aeeb07da-62c4-45b7-7efe-4d389c82a853" executionId="0bfb17ca-fc6e-4739-b323-4e15f76490bd" testListId="8c84fa94-04c1-424b-9868-57a2d4851a1d" />
    <TestEntry testId="cc435d30-94e5-048d-b70d-9d0046c36edc" executionId="8f7c2419-b1af-4909-8b8e-8fcc41bb7544" testListId="8c84fa94-04c1-424b-9868-57a2d4851a1d" />
    <TestEntry testId="058a01d1-d21a-8905-2a59-1873e2d02154" executionId="8d4c1f68-f762-4ee9-8541-c321849891b0" testListId="8c84fa94-04c1-424b-9868-57a2d4851a1d" />
    <TestEntry testId="d96251aa-bf9e-ff06-8a72-ab116d4fecce" executionId="d687ed77-dd1a-4af6-bbf9-635457c42e03" testListId="8c84fa94-04c1-424b-9868-57a2d4851a1d" />
    <TestEntry testId="476f8e70-831d-180f-20ce-f00dae80c65c" executionId="34dcba66-2f01-42b4-81da-70c18c484c61" testListId="8c84fa94-04c1-424b-9868-57a2d4851a1d" />
    <TestEntry testId="78256ac5-f5e1-afb8-4dcd-b2a0e811e2e0" executionId="84edc8bc-73ca-4b4f-9484-c1a9a3596d61" testListId="8c84fa94-04c1-424b-9868-57a2d4851a1d" />
    <TestEntry testId="19842c88-1c08-a61e-39cc-591b8f926ca9" executionId="cc5e5d90-512e-444a-a790-07ce834698aa" testListId="8c84fa94-04c1-424b-9868-57a2d4851a1d" />
  </TestEntries>
  <TestLists>
    <TestList name="Results Not in a List" id="8c84fa94-04c1-424b-9868-57a2d4851a1d" />
    <TestList name="All Loaded Results" id="19431567-8539-422a-85d7-44ee4e166bda" />
  </TestLists>
  <ResultSummary outcome="Completed">
    <Counters total="58" executed="58" passed="58" failed="0" error="0" timeout="0" aborted="0" inconclusive="0" passedButRunAborted="0" notRunnable="0" notExecuted="0" disconnected="0" warning="0" completed="0" inProgress="0" pending="0" />
    <Output>
      <StdOut>[xUnit.net 00:00:00.00] xUnit.net VSTest Adapter v2.8.2+699d445a1a (64-bit .NET 8.0.16)&#xD;
[xUnit.net 00:00:00.23]   Discovering: TrustMarket.CatalogService.UnitTests&#xD;
[xUnit.net 00:00:00.29]   Discovered:  TrustMarket.CatalogService.UnitTests&#xD;
[xUnit.net 00:00:00.30]   Starting:    TrustMarket.CatalogService.UnitTests&#xD;
[xUnit.net 00:00:00.72]   Finished:    TrustMarket.CatalogService.UnitTests&#xD;
</StdOut>
    </Output>
  </ResultSummary>
</TestRun>