<?xml version="1.0" encoding="utf-8"?>
<TestRun id="9bb02ac5-7c83-493c-9bb7-c086fd492759" name="anastasiia.dmytryshy@DCNOTE72 2026-05-23 16:20:03" runUser="DEVCOM\anastasiia.dmytryshy" xmlns="http://microsoft.com/schemas/VisualStudio/TeamTest/2010">
  <Times creation="2026-05-23T16:20:03.2143311+03:00" queuing="2026-05-23T16:20:03.2143316+03:00" start="2026-05-23T16:19:56.2131892+03:00" finish="2026-05-23T16:20:07.1036635+03:00" />
  <TestSettings name="default" id="9587e511-bcae-4626-aadc-8553d7ce1b22">
    <Deployment runDeploymentRoot="anastasiia.dmytryshy_DCNOTE72_2026-05-23_16_20_03" />
  </TestSettings>
  <Results>
    <UnitTestResult executionId="fcd02ef5-ce1d-4e5f-b4cc-265b4ab23cc0" testId="3239fee3-d2b9-b82a-ed5e-3fbe6b55e0c8" testName="TrustMarket.UserService.IntegrationTests.Database.UserDbConstraintTests.UniqueEmailConstraint_ViolationThrows" computerName="DCNOTE72" duration="00:00:00.0046931" startTime="2026-05-23T16:20:07.0287368+03:00" endTime="2026-05-23T16:20:07.0287370+03:00" testType="13cdc9d9-ddb5-4fa4-a97d-d965ccfc6d4b" outcome="Passed" testListId="8c84fa94-04c1-424b-9868-57a2d4851a1d" relativeResultsDirectory="fcd02ef5-ce1d-4e5f-b4cc-265b4ab23cc0" />
    <UnitTestResult executionId="5c834472-664a-45b7-be37-8e5b6f9b6a0e" testId="6cfa81b8-969a-c1c9-7bb5-b32a776db7fc" testName="TrustMarket.UserService.IntegrationTests.Security.AuthSecurityTests.AnyProtectedEndpoint_ExpiredJwt_Returns401" computerName="DCNOTE72" duration="00:00:00.1371101" startTime="2026-05-23T16:20:03.3349552+03:00" endTime="2026-05-23T16:20:03.3349556+03:00" testType="13cdc9d9-ddb5-4fa4-a97d-d965ccfc6d4b" outcome="Passed" testListId="8c84fa94-04c1-424b-9868-57a2d4851a1d" relativeResultsDirectory="5c834472-664a-45b7-be37-8e5b6f9b6a0e" />
    <UnitTestResult executionId="f465fa6a-85d7-44d3-a5de-9a4689e07c6c" testId="c037d69f-48e6-7682-b7fd-6cb790e82177" testName="TrustMarket.UserService.IntegrationTests.Database.UserDbConstraintTests.CascadeDelete_RemovesBadgesWhenUserDeleted" computerName="DCNOTE72" duration="00:00:00.0155387" startTime="2026-05-23T16:20:06.9865860+03:00" endTime="2026-05-23T16:20:06.9865862+03:00" testType="13cdc9d9-ddb5-4fa4-a97d-d965ccfc6d4b" outcome="Passed" testListId="8c84fa94-04c1-424b-9868-57a2d4851a1d" relativeResultsDirectory="f465fa6a-85d7-44d3-a5de-9a4689e07c6c" />
    <UnitTestResult executionId="d7a35398-8abe-463a-9323-2c93ac3d71e1" testId="c47d0d11-f70f-798e-5a31-fa5d5729ef3b" testName="TrustMarket.UserService.IntegrationTests.Integration.RegisterIntegrationTests.Register_ValidRequest_SendsConfirmationEmail" computerName="DCNOTE72" duration="00:00:00.4193710" startTime="2026-05-23T16:20:04.6013966+03:00" endTime="2026-05-23T16:20:04.6013970+03:00" testType="13cdc9d9-ddb5-4fa4-a97d-d965ccfc6d4b" outcome="Passed" testListId="8c84fa94-04c1-424b-9868-57a2d4851a1d" relativeResultsDirectory="d7a35398-8abe-463a-9323-2c93ac3d71e1" />
    <UnitTestResult executionId="c675f9c7-705b-4973-86f0-a4544027c547" testId="61392c0a-7378-f54f-8340-32d3f23a4ba0" testName="TrustMarket.UserService.IntegrationTests.Security.AuthSecurityTests.ResendVerification_WithoutToken_Returns401" computerName="DCNOTE72" duration="00:00:00.0468039" startTime="2026-05-23T16:20:03.6541374+03:00" endTime="2026-05-23T16:20:03.6541377+03:00" testType="13cdc9d9-ddb5-4fa4-a97d-d965ccfc6d4b" outcome="Passed" testListId="8c84fa94-04c1-424b-9868-57a2d4851a1d" relativeResultsDirectory="c675f9c7-705b-4973-86f0-a4544027c547" />
    <UnitTestResult executionId="aebe9c70-c3f1-4c5c-8779-b58637a15810" testId="24a4e3a6-749a-be9b-e414-c4e637d00266" testName="TrustMarket.UserService.IntegrationTests.Functional.AuthFunctionalTests.Login_UnconfirmedEmail_Returns403WithCode" computerName="DCNOTE72" duration="00:00:00.6211959" startTime="2026-05-23T16:20:06.8301527+03:00" endTime="2026-05-23T16:20:06.8301529+03:00" testType="13cdc9d9-ddb5-4fa4-a97d-d965ccfc6d4b" outcome="Passed" testListId="8c84fa94-04c1-424b-9868-57a2d4851a1d" relativeResultsDirectory="aebe9c70-c3f1-4c5c-8779-b58637a15810" />
    <UnitTestResult executionId="38470759-043d-4303-8f4d-b2b92e426d81" testId="47d26065-d956-3382-2214-530537b7a0fd" testName="TrustMarket.UserService.IntegrationTests.Functional.AuthFunctionalTests.GoogleAuth_NewUser_Returns200WithIsNewUserTrue" computerName="DCNOTE72" duration="00:00:00.0387568" startTime="2026-05-23T16:20:06.1611596+03:00" endTime="2026-05-23T16:20:06.1611598+03:00" testType="13cdc9d9-ddb5-4fa4-a97d-d965ccfc6d4b" outcome="Passed" testListId="8c84fa94-04c1-424b-9868-57a2d4851a1d" relativeResultsDirectory="38470759-043d-4303-8f4d-b2b92e426d81" />
    <UnitTestResult executionId="90e40db1-0788-4cb1-a403-a7e35c724ebb" testId="87d27872-b13b-b9c6-1695-19e814d31369" testName="TrustMarket.UserService.IntegrationTests.Security.AuthSecurityTests.Register_SqlInjectionInEmail_Returns400NoCrash" computerName="DCNOTE72" duration="00:00:00.0632609" startTime="2026-05-23T16:20:03.7299136+03:00" endTime="2026-05-23T16:20:03.7299143+03:00" testType="13cdc9d9-ddb5-4fa4-a97d-d965ccfc6d4b" outcome="Passed" testListId="8c84fa94-04c1-424b-9868-57a2d4851a1d" relativeResultsDirectory="90e40db1-0788-4cb1-a403-a7e35c724ebb" />
    <UnitTestResult executionId="47cd4c73-2844-4297-95f2-aa6f8e184882" testId="241aef50-ddd8-c66b-d727-a65ac689864c" testName="TrustMarket.UserService.IntegrationTests.Functional.AuthFunctionalTests.Login_WrongPassword_Returns400" computerName="DCNOTE72" duration="00:00:00.6935516" startTime="2026-05-23T16:20:05.7755194+03:00" endTime="2026-05-23T16:20:05.7755196+03:00" testType="13cdc9d9-ddb5-4fa4-a97d-d965ccfc6d4b" outcome="Passed" testListId="8c84fa94-04c1-424b-9868-57a2d4851a1d" relativeResultsDirectory="47cd4c73-2844-4297-95f2-aa6f8e184882" />
    <UnitTestResult executionId="e0595b9b-98f4-45f3-8c44-5a3ba6d31d05" testId="701d05fd-5cf9-2622-ecb1-eff36ee6ebf6" testName="TrustMarket.UserService.IntegrationTests.Integration.RegisterIntegrationTests.ConfirmEmail_ValidToken_SetsEmailConfirmedInDb" computerName="DCNOTE72" duration="00:00:00.4535278" startTime="2026-05-23T16:20:05.0673027+03:00" endTime="2026-05-23T16:20:05.0673029+03:00" testType="13cdc9d9-ddb5-4fa4-a97d-d965ccfc6d4b" outcome="Passed" testListId="8c84fa94-04c1-424b-9868-57a2d4851a1d" relativeResultsDirectory="e0595b9b-98f4-45f3-8c44-5a3ba6d31d05" />
    <UnitTestResult executionId="2da3852d-3c74-4950-9042-7a55740dc53d" testId="e064de71-3d28-1337-89fe-bd5f79f1d19e" testName="TrustMarket.UserService.IntegrationTests.Database.UserDbConstraintTests.UniqueUsernameConstraint_ViolationThrows" computerName="DCNOTE72" duration="00:00:00.0182919" startTime="2026-05-23T16:20:06.8899472+03:00" endTime="2026-05-23T16:20:06.8899473+03:00" testType="13cdc9d9-ddb5-4fa4-a97d-d965ccfc6d4b" outcome="Passed" testListId="8c84fa94-04c1-424b-9868-57a2d4851a1d" relativeResultsDirectory="2da3852d-3c74-4950-9042-7a55740dc53d" />
    <UnitTestResult executionId="c3a5c7da-9022-41c1-adfd-e5822771dcf4" testId="661589ef-fac5-ba62-f012-a38164ea8af5" testName="TrustMarket.UserService.IntegrationTests.Functional.AuthFunctionalTests.Register_UnknownEmail_Login_Returns400" computerName="DCNOTE72" duration="00:00:00.0352480" startTime="2026-05-23T16:20:06.2017295+03:00" endTime="2026-05-23T16:20:06.2017296+03:00" testType="13cdc9d9-ddb5-4fa4-a97d-d965ccfc6d4b" outcome="Passed" testListId="8c84fa94-04c1-424b-9868-57a2d4851a1d" relativeResultsDirectory="c3a5c7da-9022-41c1-adfd-e5822771dcf4" />
    <UnitTestResult executionId="1e849aac-9684-4612-83ac-2cd78fc0f1fd" testId="6ea5ae47-2640-654e-a087-5baf3831f281" testName="TrustMarket.UserService.IntegrationTests.Security.AuthSecurityTests.ResendVerification_TokenWithEmailConfirmedFalse_Returns401" computerName="DCNOTE72" duration="00:00:00.1202143" startTime="2026-05-23T16:20:03.4731680+03:00" endTime="2026-05-23T16:20:03.4731684+03:00" testType="13cdc9d9-ddb5-4fa4-a97d-d965ccfc6d4b" outcome="Passed" testListId="8c84fa94-04c1-424b-9868-57a2d4851a1d" relativeResultsDirectory="1e849aac-9684-4612-83ac-2cd78fc0f1fd" />
    <UnitTestResult executionId="09c0d835-79f3-4652-842e-fa10d088311b" testId="1f6dcef7-8632-e317-5ec9-09b220f6cd55" testName="TrustMarket.UserService.IntegrationTests.Integration.RegisterIntegrationTests.Register_ValidRequest_SavesUserToDb" computerName="DCNOTE72" duration="00:00:00.4278293" startTime="2026-05-23T16:20:04.1712448+03:00" endTime="2026-05-23T16:20:04.1712453+03:00" testType="13cdc9d9-ddb5-4fa4-a97d-d965ccfc6d4b" outcome="Passed" testListId="8c84fa94-04c1-424b-9868-57a2d4851a1d" relativeResultsDirectory="09c0d835-79f3-4652-842e-fa10d088311b" />
    <UnitTestResult executionId="1b4ccc41-f1c1-4fcd-b385-334c3355e939" testId="db99fa0d-44f8-3f6c-8aad-bd1e2d394e60" testName="TrustMarket.UserService.IntegrationTests.Security.AuthSecurityTests.GetProfile_WithoutToken_Returns401" computerName="DCNOTE72" duration="00:00:00.0902847" startTime="2026-05-23T16:20:03.5769083+03:00" endTime="2026-05-23T16:20:03.5769088+03:00" testType="13cdc9d9-ddb5-4fa4-a97d-d965ccfc6d4b" outcome="Passed" testListId="8c84fa94-04c1-424b-9868-57a2d4851a1d" relativeResultsDirectory="1b4ccc41-f1c1-4fcd-b385-334c3355e939" />
    <UnitTestResult executionId="80530465-6dfe-4461-abdc-f3b3caca4359" testId="5ae0b4b9-f994-f019-b708-0ed67ef4d1b2" testName="TrustMarket.UserService.IntegrationTests.System.AuthSystemTests.Register_ConfirmEmail_Login_GetProfile_FullFlow" computerName="DCNOTE72" duration="00:00:04.0069195" startTime="2026-05-23T16:20:03.1767076+03:00" endTime="2026-05-23T16:20:03.1767315+03:00" testType="13cdc9d9-ddb5-4fa4-a97d-d965ccfc6d4b" outcome="Passed" testListId="8c84fa94-04c1-424b-9868-57a2d4851a1d" relativeResultsDirectory="80530465-6dfe-4461-abdc-f3b3caca4359" />
    <UnitTestResult executionId="5b00123c-2f40-4c2a-83c1-fdf567df9a4d" testId="098c6f1c-cd92-6295-f09f-211a3f16bd76" testName="TrustMarket.UserService.IntegrationTests.Database.UserDbConstraintTests.MigrateAsync_CreatesUsersTable" computerName="DCNOTE72" duration="00:00:00.0200514" startTime="2026-05-23T16:20:06.9380170+03:00" endTime="2026-05-23T16:20:06.9380173+03:00" testType="13cdc9d9-ddb5-4fa4-a97d-d965ccfc6d4b" outcome="Passed" testListId="8c84fa94-04c1-424b-9868-57a2d4851a1d" relativeResultsDirectory="5b00123c-2f40-4c2a-83c1-fdf567df9a4d" />
    <UnitTestResult executionId="35aca764-088a-4884-b765-256c3f88649b" testId="cc1e2c34-f09c-1cae-2062-8623cf469417" testName="TrustMarket.UserService.IntegrationTests.Functional.AuthFunctionalTests.Register_DuplicateEmail_Returns409" computerName="DCNOTE72" duration="00:00:00.3354047" startTime="2026-05-23T16:20:06.1171483+03:00" endTime="2026-05-23T16:20:06.1171485+03:00" testType="13cdc9d9-ddb5-4fa4-a97d-d965ccfc6d4b" outcome="Passed" testListId="8c84fa94-04c1-424b-9868-57a2d4851a1d" relativeResultsDirectory="35aca764-088a-4884-b765-256c3f88649b" />
  </Results>
  <TestDefinitions>
    <UnitTest name="TrustMarket.UserService.IntegrationTests.Security.AuthSecurityTests.AnyProtectedEndpoint_ExpiredJwt_Returns401" storage="c:\trustmarket\trustmarket\tests\trustmarket.userservice.integrationtests\bin\debug\net8.0\trustmarket.userservice.integrationtests.dll" id="6cfa81b8-969a-c1c9-7bb5-b32a776db7fc">
      <Execution id="5c834472-664a-45b7-be37-8e5b6f9b6a0e" />
      <TestMethod codeBase="C:\TrustMarket\TrustMarket\tests\TrustMarket.UserService.IntegrationTests\bin\Debug\net8.0\TrustMarket.UserService.IntegrationTests.dll" adapterTypeName="executor://xunit/VsTestRunner2/netcoreapp" className="TrustMarket.UserService.IntegrationTests.Security.AuthSecurityTests" name="AnyProtectedEndpoint_ExpiredJwt_Returns401" />
    </UnitTest>
    <UnitTest name="TrustMarket.UserService.IntegrationTests.Functional.AuthFunctionalTests.Register_UnknownEmail_Login_Returns400" storage="c:\trustmarket\trustmarket\tests\trustmarket.userservice.integrationtests\bin\debug\net8.0\trustmarket.userservice.integrationtests.dll" id="661589ef-fac5-ba62-f012-a38164ea8af5">
      <Execution id="c3a5c7da-9022-41c1-adfd-e5822771dcf4" />
      <TestMethod codeBase="C:\TrustMarket\TrustMarket\tests\TrustMarket.UserService.IntegrationTests\bin\Debug\net8.0\TrustMarket.UserService.IntegrationTests.dll" adapterTypeName="executor://xunit/VsTestRunner2/netcoreapp" className="TrustMarket.UserService.IntegrationTests.Functional.AuthFunctionalTests" name="Register_UnknownEmail_Login_Returns400" />
    </UnitTest>
    <UnitTest name="TrustMarket.UserService.IntegrationTests.Functional.AuthFunctionalTests.Login_WrongPassword_Returns400" storage="c:\trustmarket\trustmarket\tests\trustmarket.userservice.integrationtests\bin\debug\net8.0\trustmarket.userservice.integrationtests.dll" id="241aef50-ddd8-c66b-d727-a65ac689864c">
      <Execution id="47cd4c73-2844-4297-95f2-aa6f8e184882" />
      <TestMethod codeBase="C:\TrustMarket\TrustMarket\tests\TrustMarket.UserService.IntegrationTests\bin\Debug\net8.0\TrustMarket.UserService.IntegrationTests.dll" adapterTypeName="executor://xunit/VsTestRunner2/netcoreapp" className="TrustMarket.UserService.IntegrationTests.Functional.AuthFunctionalTests" name="Login_WrongPassword_Returns400" />
    </UnitTest>
    <UnitTest name="TrustMarket.UserService.IntegrationTests.Security.AuthSecurityTests.ResendVerification_WithoutToken_Returns401" storage="c:\trustmarket\trustmarket\tests\trustmarket.userservice.integrationtests\bin\debug\net8.0\trustmarket.userservice.integrationtests.dll" id="61392c0a-7378-f54f-8340-32d3f23a4ba0">
      <Execution id="c675f9c7-705b-4973-86f0-a4544027c547" />
      <TestMethod codeBase="C:\TrustMarket\TrustMarket\tests\TrustMarket.UserService.IntegrationTests\bin\Debug\net8.0\TrustMarket.UserService.IntegrationTests.dll" adapterTypeName="executor://xunit/VsTestRunner2/netcoreapp" className="TrustMarket.UserService.IntegrationTests.Security.AuthSecurityTests" name="ResendVerification_WithoutToken_Returns401" />
    </UnitTest>
    <UnitTest name="TrustMarket.UserService.IntegrationTests.Database.UserDbConstraintTests.UniqueUsernameConstraint_ViolationThrows" storage="c:\trustmarket\trustmarket\tests\trustmarket.userservice.integrationtests\bin\debug\net8.0\trustmarket.userservice.integrationtests.dll" id="e064de71-3d28-1337-89fe-bd5f79f1d19e">
      <Execution id="2da3852d-3c74-4950-9042-7a55740dc53d" />
      <TestMethod codeBase="C:\TrustMarket\TrustMarket\tests\TrustMarket.UserService.IntegrationTests\bin\Debug\net8.0\TrustMarket.UserService.IntegrationTests.dll" adapterTypeName="executor://xunit/VsTestRunner2/netcoreapp" className="TrustMarket.UserService.IntegrationTests.Database.UserDbConstraintTests" name="UniqueUsernameConstraint_ViolationThrows" />
    </UnitTest>
    <UnitTest name="TrustMarket.UserService.IntegrationTests.Integration.RegisterIntegrationTests.ConfirmEmail_ValidToken_SetsEmailConfirmedInDb" storage="c:\trustmarket\trustmarket\tests\trustmarket.userservice.integrationtests\bin\debug\net8.0\trustmarket.userservice.integrationtests.dll" id="701d05fd-5cf9-2622-ecb1-eff36ee6ebf6">
      <Execution id="e0595b9b-98f4-45f3-8c44-5a3ba6d31d05" />
      <TestMethod codeBase="C:\TrustMarket\TrustMarket\tests\TrustMarket.UserService.IntegrationTests\bin\Debug\net8.0\TrustMarket.UserService.IntegrationTests.dll" adapterTypeName="executor://xunit/VsTestRunner2/netcoreapp" className="TrustMarket.UserService.IntegrationTests.Integration.RegisterIntegrationTests" name="ConfirmEmail_ValidToken_SetsEmailConfirmedInDb" />
    </UnitTest>
    <UnitTest name="TrustMarket.UserService.IntegrationTests.Functional.AuthFunctionalTests.Login_UnconfirmedEmail_Returns403WithCode" storage="c:\trustmarket\trustmarket\tests\trustmarket.userservice.integrationtests\bin\debug\net8.0\trustmarket.userservice.integrationtests.dll" id="24a4e3a6-749a-be9b-e414-c4e637d00266">
      <Execution id="aebe9c70-c3f1-4c5c-8779-b58637a15810" />
      <TestMethod codeBase="C:\TrustMarket\TrustMarket\tests\TrustMarket.UserService.IntegrationTests\bin\Debug\net8.0\TrustMarket.UserService.IntegrationTests.dll" adapterTypeName="executor://xunit/VsTestRunner2/netcoreapp" className="TrustMarket.UserService.IntegrationTests.Functional.AuthFunctionalTests" name="Login_UnconfirmedEmail_Returns403WithCode" />
    </UnitTest>
    <UnitTest name="TrustMarket.UserService.IntegrationTests.Integration.RegisterIntegrationTests.Register_ValidRequest_SendsConfirmationEmail" storage="c:\trustmarket\trustmarket\tests\trustmarket.userservice.integrationtests\bin\debug\net8.0\trustmarket.userservice.integrationtests.dll" id="c47d0d11-f70f-798e-5a31-fa5d5729ef3b">
      <Execution id="d7a35398-8abe-463a-9323-2c93ac3d71e1" />
      <TestMethod codeBase="C:\TrustMarket\TrustMarket\tests\TrustMarket.UserService.IntegrationTests\bin\Debug\net8.0\TrustMarket.UserService.IntegrationTests.dll" adapterTypeName="executor://xunit/VsTestRunner2/netcoreapp" className="TrustMarket.UserService.IntegrationTests.Integration.RegisterIntegrationTests" name="Register_ValidRequest_SendsConfirmationEmail" />
    </UnitTest>
    <UnitTest name="TrustMarket.UserService.IntegrationTests.Security.AuthSecurityTests.ResendVerification_TokenWithEmailConfirmedFalse_Returns401" storage="c:\trustmarket\trustmarket\tests\trustmarket.userservice.integrationtests\bin\debug\net8.0\trustmarket.userservice.integrationtests.dll" id="6ea5ae47-2640-654e-a087-5baf3831f281">
      <Execution id="1e849aac-9684-4612-83ac-2cd78fc0f1fd" />
      <TestMethod codeBase="C:\TrustMarket\TrustMarket\tests\TrustMarket.UserService.IntegrationTests\bin\Debug\net8.0\TrustMarket.UserService.IntegrationTests.dll" adapterTypeName="executor://xunit/VsTestRunner2/netcoreapp" className="TrustMarket.UserService.IntegrationTests.Security.AuthSecurityTests" name="ResendVerification_TokenWithEmailConfirmedFalse_Returns401" />
    </UnitTest>
    <UnitTest name="TrustMarket.UserService.IntegrationTests.Security.AuthSecurityTests.Register_SqlInjectionInEmail_Returns400NoCrash" storage="c:\trustmarket\trustmarket\tests\trustmarket.userservice.integrationtests\bin\debug\net8.0\trustmarket.userservice.integrationtests.dll" id="87d27872-b13b-b9c6-1695-19e814d31369">
      <Execution id="90e40db1-0788-4cb1-a403-a7e35c724ebb" />
      <TestMethod codeBase="C:\TrustMarket\TrustMarket\tests\TrustMarket.UserService.IntegrationTests\bin\Debug\net8.0\TrustMarket.UserService.IntegrationTests.dll" adapterTypeName="executor://xunit/VsTestRunner2/netcoreapp" className="TrustMarket.UserService.IntegrationTests.Security.AuthSecurityTests" name="Register_SqlInjectionInEmail_Returns400NoCrash" />
    </UnitTest>
    <UnitTest name="TrustMarket.UserService.IntegrationTests.Functional.AuthFunctionalTests.GoogleAuth_NewUser_Returns200WithIsNewUserTrue" storage="c:\trustmarket\trustmarket\tests\trustmarket.userservice.integrationtests\bin\debug\net8.0\trustmarket.userservice.integrationtests.dll" id="47d26065-d956-3382-2214-530537b7a0fd">
      <Execution id="38470759-043d-4303-8f4d-b2b92e426d81" />
      <TestMethod codeBase="C:\TrustMarket\TrustMarket\tests\TrustMarket.UserService.IntegrationTests\bin\Debug\net8.0\TrustMarket.UserService.IntegrationTests.dll" adapterTypeName="executor://xunit/VsTestRunner2/netcoreapp" className="TrustMarket.UserService.IntegrationTests.Functional.AuthFunctionalTests" name="GoogleAuth_NewUser_Returns200WithIsNewUserTrue" />
    </UnitTest>
    <UnitTest name="TrustMarket.UserService.IntegrationTests.Database.UserDbConstraintTests.CascadeDelete_RemovesBadgesWhenUserDeleted" storage="c:\trustmarket\trustmarket\tests\trustmarket.userservice.integrationtests\bin\debug\net8.0\trustmarket.userservice.integrationtests.dll" id="c037d69f-48e6-7682-b7fd-6cb790e82177">
      <Execution id="f465fa6a-85d7-44d3-a5de-9a4689e07c6c" />
      <TestMethod codeBase="C:\TrustMarket\TrustMarket\tests\TrustMarket.UserService.IntegrationTests\bin\Debug\net8.0\TrustMarket.UserService.IntegrationTests.dll" adapterTypeName="executor://xunit/VsTestRunner2/netcoreapp" className="TrustMarket.UserService.IntegrationTests.Database.UserDbConstraintTests" name="CascadeDelete_RemovesBadgesWhenUserDeleted" />
    </UnitTest>
    <UnitTest name="TrustMarket.UserService.IntegrationTests.Database.UserDbConstraintTests.UniqueEmailConstraint_ViolationThrows" storage="c:\trustmarket\trustmarket\tests\trustmarket.userservice.integrationtests\bin\debug\net8.0\trustmarket.userservice.integrationtests.dll" id="3239fee3-d2b9-b82a-ed5e-3fbe6b55e0c8">
      <Execution id="fcd02ef5-ce1d-4e5f-b4cc-265b4ab23cc0" />
      <TestMethod codeBase="C:\TrustMarket\TrustMarket\tests\TrustMarket.UserService.IntegrationTests\bin\Debug\net8.0\TrustMarket.UserService.IntegrationTests.dll" adapterTypeName="executor://xunit/VsTestRunner2/netcoreapp" className="TrustMarket.UserService.IntegrationTests.Database.UserDbConstraintTests" name="UniqueEmailConstraint_ViolationThrows" />
    </UnitTest>
    <UnitTest name="TrustMarket.UserService.IntegrationTests.Database.UserDbConstraintTests.MigrateAsync_CreatesUsersTable" storage="c:\trustmarket\trustmarket\tests\trustmarket.userservice.integrationtests\bin\debug\net8.0\trustmarket.userservice.integrationtests.dll" id="098c6f1c-cd92-6295-f09f-211a3f16bd76">
      <Execution id="5b00123c-2f40-4c2a-83c1-fdf567df9a4d" />
      <TestMethod codeBase="C:\TrustMarket\TrustMarket\tests\TrustMarket.UserService.IntegrationTests\bin\Debug\net8.0\TrustMarket.UserService.IntegrationTests.dll" adapterTypeName="executor://xunit/VsTestRunner2/netcoreapp" className="TrustMarket.UserService.IntegrationTests.Database.UserDbConstraintTests" name="MigrateAsync_CreatesUsersTable" />
    </UnitTest>
    <UnitTest name="TrustMarket.UserService.IntegrationTests.System.AuthSystemTests.Register_ConfirmEmail_Login_GetProfile_FullFlow" storage="c:\trustmarket\trustmarket\tests\trustmarket.userservice.integrationtests\bin\debug\net8.0\trustmarket.userservice.integrationtests.dll" id="5ae0b4b9-f994-f019-b708-0ed67ef4d1b2">
      <Execution id="80530465-6dfe-4461-abdc-f3b3caca4359" />
      <TestMethod codeBase="C:\TrustMarket\TrustMarket\tests\TrustMarket.UserService.IntegrationTests\bin\Debug\net8.0\TrustMarket.UserService.IntegrationTests.dll" adapterTypeName="executor://xunit/VsTestRunner2/netcoreapp" className="TrustMarket.UserService.IntegrationTests.System.AuthSystemTests" name="Register_ConfirmEmail_Login_GetProfile_FullFlow" />
    </UnitTest>
    <UnitTest name="TrustMarket.UserService.IntegrationTests.Functional.AuthFunctionalTests.Register_DuplicateEmail_Returns409" storage="c:\trustmarket\trustmarket\tests\trustmarket.userservice.integrationtests\bin\debug\net8.0\trustmarket.userservice.integrationtests.dll" id="cc1e2c34-f09c-1cae-2062-8623cf469417">
      <Execution id="35aca764-088a-4884-b765-256c3f88649b" />
      <TestMethod codeBase="C:\TrustMarket\TrustMarket\tests\TrustMarket.UserService.IntegrationTests\bin\Debug\net8.0\TrustMarket.UserService.IntegrationTests.dll" adapterTypeName="executor://xunit/VsTestRunner2/netcoreapp" className="TrustMarket.UserService.IntegrationTests.Functional.AuthFunctionalTests" name="Register_DuplicateEmail_Returns409" />
    </UnitTest>
    <UnitTest name="TrustMarket.UserService.IntegrationTests.Security.AuthSecurityTests.GetProfile_WithoutToken_Returns401" storage="c:\trustmarket\trustmarket\tests\trustmarket.userservice.integrationtests\bin\debug\net8.0\trustmarket.userservice.integrationtests.dll" id="db99fa0d-44f8-3f6c-8aad-bd1e2d394e60">
      <Execution id="1b4ccc41-f1c1-4fcd-b385-334c3355e939" />
      <TestMethod codeBase="C:\TrustMarket\TrustMarket\tests\TrustMarket.UserService.IntegrationTests\bin\Debug\net8.0\TrustMarket.UserService.IntegrationTests.dll" adapterTypeName="executor://xunit/VsTestRunner2/netcoreapp" className="TrustMarket.UserService.IntegrationTests.Security.AuthSecurityTests" name="GetProfile_WithoutToken_Returns401" />
    </UnitTest>
    <UnitTest name="TrustMarket.UserService.IntegrationTests.Integration.RegisterIntegrationTests.Register_ValidRequest_SavesUserToDb" storage="c:\trustmarket\trustmarket\tests\trustmarket.userservice.integrationtests\bin\debug\net8.0\trustmarket.userservice.integrationtests.dll" id="1f6dcef7-8632-e317-5ec9-09b220f6cd55">
      <Execution id="09c0d835-79f3-4652-842e-fa10d088311b" />
      <TestMethod codeBase="C:\TrustMarket\TrustMarket\tests\TrustMarket.UserService.IntegrationTests\bin\Debug\net8.0\TrustMarket.UserService.IntegrationTests.dll" adapterTypeName="executor://xunit/VsTestRunner2/netcoreapp" className="TrustMarket.UserService.IntegrationTests.Integration.RegisterIntegrationTests" name="Register_ValidRequest_SavesUserToDb" />
    </UnitTest>
  </TestDefinitions>
  <TestEntries>
    <TestEntry testId="3239fee3-d2b9-b82a-ed5e-3fbe6b55e0c8" executionId="fcd02ef5-ce1d-4e5f-b4cc-265b4ab23cc0" testListId="8c84fa94-04c1-424b-9868-57a2d4851a1d" />
    <TestEntry testId="6cfa81b8-969a-c1c9-7bb5-b32a776db7fc" executionId="5c834472-664a-45b7-be37-8e5b6f9b6a0e" testListId="8c84fa94-04c1-424b-9868-57a2d4851a1d" />
    <TestEntry testId="c037d69f-48e6-7682-b7fd-6cb790e82177" executionId="f465fa6a-85d7-44d3-a5de-9a4689e07c6c" testListId="8c84fa94-04c1-424b-9868-57a2d4851a1d" />
    <TestEntry testId="c47d0d11-f70f-798e-5a31-fa5d5729ef3b" executionId="d7a35398-8abe-463a-9323-2c93ac3d71e1" testListId="8c84fa94-04c1-424b-9868-57a2d4851a1d" />
    <TestEntry testId="61392c0a-7378-f54f-8340-32d3f23a4ba0" executionId="c675f9c7-705b-4973-86f0-a4544027c547" testListId="8c84fa94-04c1-424b-9868-57a2d4851a1d" />
    <TestEntry testId="24a4e3a6-749a-be9b-e414-c4e637d00266" executionId="aebe9c70-c3f1-4c5c-8779-b58637a15810" testListId="8c84fa94-04c1-424b-9868-57a2d4851a1d" />
    <TestEntry testId="47d26065-d956-3382-2214-530537b7a0fd" executionId="38470759-043d-4303-8f4d-b2b92e426d81" testListId="8c84fa94-04c1-424b-9868-57a2d4851a1d" />
    <TestEntry testId="87d27872-b13b-b9c6-1695-19e814d31369" executionId="90e40db1-0788-4cb1-a403-a7e35c724ebb" testListId="8c84fa94-04c1-424b-9868-57a2d4851a1d" />
    <TestEntry testId="241aef50-ddd8-c66b-d727-a65ac689864c" executionId="47cd4c73-2844-4297-95f2-aa6f8e184882" testListId="8c84fa94-04c1-424b-9868-57a2d4851a1d" />
    <TestEntry testId="701d05fd-5cf9-2622-ecb1-eff36ee6ebf6" executionId="e0595b9b-98f4-45f3-8c44-5a3ba6d31d05" testListId="8c84fa94-04c1-424b-9868-57a2d4851a1d" />
    <TestEntry testId="e064de71-3d28-1337-89fe-bd5f79f1d19e" executionId="2da3852d-3c74-4950-9042-7a55740dc53d" testListId="8c84fa94-04c1-424b-9868-57a2d4851a1d" />
    <TestEntry testId="661589ef-fac5-ba62-f012-a38164ea8af5" executionId="c3a5c7da-9022-41c1-adfd-e5822771dcf4" testListId="8c84fa94-04c1-424b-9868-57a2d4851a1d" />
    <TestEntry testId="6ea5ae47-2640-654e-a087-5baf3831f281" executionId="1e849aac-9684-4612-83ac-2cd78fc0f1fd" testListId="8c84fa94-04c1-424b-9868-57a2d4851a1d" />
    <TestEntry testId="1f6dcef7-8632-e317-5ec9-09b220f6cd55" executionId="09c0d835-79f3-4652-842e-fa10d088311b" testListId="8c84fa94-04c1-424b-9868-57a2d4851a1d" />
    <TestEntry testId="db99fa0d-44f8-3f6c-8aad-bd1e2d394e60" executionId="1b4ccc41-f1c1-4fcd-b385-334c3355e939" testListId="8c84fa94-04c1-424b-9868-57a2d4851a1d" />
    <TestEntry testId="5ae0b4b9-f994-f019-b708-0ed67ef4d1b2" executionId="80530465-6dfe-4461-abdc-f3b3caca4359" testListId="8c84fa94-04c1-424b-9868-57a2d4851a1d" />
    <TestEntry testId="098c6f1c-cd92-6295-f09f-211a3f16bd76" executionId="5b00123c-2f40-4c2a-83c1-fdf567df9a4d" testListId="8c84fa94-04c1-424b-9868-57a2d4851a1d" />
    <TestEntry testId="cc1e2c34-f09c-1cae-2062-8623cf469417" executionId="35aca764-088a-4884-b765-256c3f88649b" testListId="8c84fa94-04c1-424b-9868-57a2d4851a1d" />
  </TestEntries>
  <TestLists>
    <TestList name="Results Not in a List" id="8c84fa94-04c1-424b-9868-57a2d4851a1d" />
    <TestList name="All Loaded Results" id="19431567-8539-422a-85d7-44ee4e166bda" />
  </TestLists>
  <ResultSummary outcome="Completed">
    <Counters total="18" executed="18" passed="18" failed="0" error="0" timeout="0" aborted="0" inconclusive="0" passedButRunAborted="0" notRunnable="0" notExecuted="0" disconnected="0" warning="0" completed="0" inProgress="0" pending="0" />
    <Output>
      <StdOut>[xUnit.net 00:00:00.00] xUnit.net VSTest Adapter v2.8.2+699d445a1a (64-bit .NET 8.0.16)&#xD;
[xUnit.net 00:00:00.16]   Discovering: TrustMarket.UserService.IntegrationTests&#xD;
[xUnit.net 00:00:00.29]   Discovered:  TrustMarket.UserService.IntegrationTests&#xD;
[xUnit.net 00:00:00.30]   Starting:    TrustMarket.UserService.IntegrationTests&#xD;
[16:19:58 INF] Configured endpoint ReviewPublished, Consumer: TrustMarket.UserService.Infrastructure.Messaging.ReviewPublishedConsumer&#xD;
[16:19:58 INF] Configured endpoint ViewingEmailNotification, Consumer: TrustMarket.UserService.Infrastructure.Messaging.ViewingEmailNotificationConsumer&#xD;
[16:19:59 INF] User profile is available. Using 'C:\Users\anastasiia.dmytryshy\AppData\Local\ASP.NET\DataProtection-Keys' as key repository and Windows DPAPI to encrypt keys at rest.&#xD;
[16:19:59 INF] Bus started: loopback://localhost/&#xD;
[16:20:00 WRN] The 'AuthProvider' property 'AuthProvider' on entity type 'User' is configured with a database-generated default, but has no configured sentinel value. The database-generated default will always be used for inserts when the property has the value '0', since this is the CLR default for the 'AuthProvider' type. Consider using a nullable type, using a nullable backing field, or setting the sentinel value for the property to ensure the database default is used when, and only when, appropriate. See https://aka.ms/efcore-docs-default-values for more information.&#xD;
[16:20:00 WRN] The 'PublicNameMode' property 'PublicNameMode' on entity type 'User' is configured with a database-generated default, but has no configured sentinel value. The database-generated default will always be used for inserts when the property has the value '0', since this is the CLR default for the 'PublicNameMode' type. Consider using a nullable type, using a nullable backing field, or setting the sentinel value for the property to ensure the database default is used when, and only when, appropriate. See https://aka.ms/efcore-docs-default-values for more information.&#xD;
[16:20:00 INF] Executed DbCommand (5ms) [Parameters=[], CommandType='Text', CommandTimeout='30']&#xD;
SELECT COUNT(*) FROM "sqlite_master" WHERE "type" = 'table' AND "rootpage" IS NOT NULL;&#xD;
[16:20:00 WRN] The 'AuthProvider' property 'AuthProvider' on entity type 'User' is configured with a database-generated default, but has no configured sentinel value. The database-generated default will always be used for inserts when the property has the value '0', since this is the CLR default for the 'AuthProvider' type. Consider using a nullable type, using a nullable backing field, or setting the sentinel value for the property to ensure the database default is used when, and only when, appropriate. See https://aka.ms/efcore-docs-default-values for more information.&#xD;
[16:20:00 WRN] The 'PublicNameMode' property 'PublicNameMode' on entity type 'User' is configured with a database-generated default, but has no configured sentinel value. The database-generated default will always be used for inserts when the property has the value '0', since this is the CLR default for the 'PublicNameMode' type. Consider using a nullable type, using a nullable backing field, or setting the sentinel value for the property to ensure the database default is used when, and only when, appropriate. See https://aka.ms/efcore-docs-default-values for more information.&#xD;
[16:20:00 INF] Executed DbCommand (2ms) [Parameters=[], CommandType='Text', CommandTimeout='30']&#xD;
CREATE TABLE "Users" (&#xD;
    "Id" TEXT NOT NULL CONSTRAINT "PK_Users" PRIMARY KEY,&#xD;
    "Email" TEXT NOT NULL,&#xD;
    "Username" TEXT NOT NULL,&#xD;
    "FirstName" TEXT NOT NULL,&#xD;
    "LastName" TEXT NOT NULL,&#xD;
    "PasswordHash" TEXT NULL,&#xD;
    "AuthProvider" INTEGER NOT NULL DEFAULT 1,&#xD;
    "ExternalId" TEXT NULL,&#xD;
    "IsEmailConfirmed" INTEGER NOT NULL,&#xD;
    "EmailConfirmationToken" TEXT NULL,&#xD;
    "EmailConfirmationTokenExpiresAt" TEXT NULL,&#xD;
    "PasswordResetToken" TEXT NULL,&#xD;
    "PasswordResetTokenExpiresAt" TEXT NULL,&#xD;
    "PhoneNumber" TEXT NULL,&#xD;
    "IsPhoneConfirmed" INTEGER NOT NULL,&#xD;
    "AvatarUrl" TEXT NULL,&#xD;
    "Bio" TEXT NULL,&#xD;
    "TrustedContactTelegramId" INTEGER NULL,&#xD;
    "TrustedContactEmail" TEXT NULL,&#xD;
    "MonobankSubMerchantId" TEXT NULL,&#xD;
    "PublicNameMode" INTEGER NOT NULL DEFAULT 2,&#xD;
    "LastNameChangedAt" TEXT NULL,&#xD;
    "LastLoginAt" TEXT NULL,&#xD;
    "FraudReports" INTEGER NOT NULL,&#xD;
    "Rating" REAL NOT NULL,&#xD;
    "SellerRating" REAL NOT NULL DEFAULT 0.0,&#xD;
    "SellerReviewCount" INTEGER NOT NULL DEFAULT 0,&#xD;
    "BuyerRating" REAL NOT NULL DEFAULT 0.0,&#xD;
    "BuyerReviewCount" INTEGER NOT NULL DEFAULT 0,&#xD;
    "CreatedAt" TEXT NOT NULL,&#xD;
    "UpdatedAt" TEXT NULL&#xD;
);&#xD;
[16:20:00 INF] Executed DbCommand (0ms) [Parameters=[], CommandType='Text', CommandTimeout='30']&#xD;
CREATE TABLE "VerificationBadges" (&#xD;
    "Id" TEXT NOT NULL CONSTRAINT "PK_VerificationBadges" PRIMARY KEY,&#xD;
    "UserId" TEXT NOT NULL,&#xD;
    "Type" INTEGER NOT NULL,&#xD;
    "IssuedAt" TEXT NOT NULL,&#xD;
    "CreatedAt" TEXT NOT NULL,&#xD;
    "UpdatedAt" TEXT NULL,&#xD;
    CONSTRAINT "FK_VerificationBadges_Users_UserId" FOREIGN KEY ("UserId") REFERENCES "Users" ("Id") ON DELETE CASCADE&#xD;
);&#xD;
[16:20:00 INF] Executed DbCommand (0ms) [Parameters=[], CommandType='Text', CommandTimeout='30']&#xD;
CREATE UNIQUE INDEX "IX_Users_Email" ON "Users" ("Email");&#xD;
[16:20:00 INF] Executed DbCommand (0ms) [Parameters=[], CommandType='Text', CommandTimeout='30']&#xD;
CREATE UNIQUE INDEX "IX_Users_Username" ON "Users" ("Username");&#xD;
[16:20:00 INF] Executed DbCommand (0ms) [Parameters=[], CommandType='Text', CommandTimeout='30']&#xD;
CREATE INDEX "IX_VerificationBadges_UserId" ON "VerificationBadges" ("UserId");&#xD;
[16:20:00 INF] Request starting HTTP/1.1 POST http://localhost/api/auth/register - application/json; charset=utf-8 257&#xD;
[16:20:00 INF] Executing endpoint 'TrustMarket.UserService.Api.Controllers.AuthController.Register (TrustMarket.UserService.Api)'&#xD;
[16:20:00 INF] Route matched with {action = "Register", controller = "Auth"}. Executing controller action with signature System.Threading.Tasks.Task`1[Microsoft.AspNetCore.Mvc.IActionResult] Register(TrustMarket.UserService.Api.Controllers.RegisterRequest, System.Threading.CancellationToken) on controller TrustMarket.UserService.Api.Controllers.AuthController (TrustMarket.UserService.Api).&#xD;
[16:20:01 INF] Executed DbCommand (9ms) [Parameters=[@__email_0='?' (Size = 23)], CommandType='Text', CommandTimeout='30']&#xD;
SELECT EXISTS (&#xD;
    SELECT 1&#xD;
    FROM "Users" AS "u"&#xD;
    WHERE "u"."Email" = @__email_0)&#xD;
[16:20:01 INF] Executed DbCommand (0ms) [Parameters=[@__username_0='?' (Size = 20)], CommandType='Text', CommandTimeout='30']&#xD;
SELECT EXISTS (&#xD;
    SELECT 1&#xD;
    FROM "Users" AS "u"&#xD;
    WHERE "u"."Username" = @__username_0)&#xD;
[16:20:02 INF] Executed DbCommand (2ms) [Parameters=[@p0='?' (DbType = Guid), @p1='?' (DbType = Int32), @p2='?', @p3='?', @p4='?' (DbType = DateTime), @p5='?' (Size = 23), @p6='?' (Size = 43), @p7='?' (DbType = DateTime), @p8='?', @p9='?' (Size = 7), @p10='?' (DbType = Int32), @p11='?' (DbType = Boolean), @p12='?' (DbType = Boolean), @p13='?' (DbType = DateTime), @p14='?' (Size = 8), @p15='?' (DbType = DateTime), @p16='?', @p17='?' (Size = 60), @p18='?', @p19='?' (DbType = DateTime), @p20='?', @p21='?' (DbType = Int32), @p22='?' (DbType = Double), @p23='?', @p24='?' (DbType = Int64), @p25='?' (DbType = DateTime), @p26='?' (Size = 20)], CommandType='Text', CommandTimeout='30']&#xD;
INSERT INTO "Users" ("Id", "AuthProvider", "AvatarUrl", "Bio", "CreatedAt", "Email", "EmailConfirmationToken", "EmailConfirmationTokenExpiresAt", "ExternalId", "FirstName", "FraudReports", "IsEmailConfirmed", "IsPhoneConfirmed", "LastLoginAt", "LastName", "LastNameChangedAt", "MonobankSubMerchantId", "PasswordHash", "PasswordResetToken", "PasswordResetTokenExpiresAt", "PhoneNumber", "PublicNameMode", "Rating", "TrustedContactEmail", "TrustedContactTelegramId", "UpdatedAt", "Username")&#xD;
VALUES (@p0, @p1, @p2, @p3, @p4, @p5, @p6, @p7, @p8, @p9, @p10, @p11, @p12, @p13, @p14, @p15, @p16, @p17, @p18, @p19, @p20, @p21, @p22, @p23, @p24, @p25, @p26)&#xD;
RETURNING "BuyerRating", "BuyerReviewCount", "SellerRating", "SellerReviewCount";&#xD;
[16:20:02 INF] Executing OkObjectResult, writing value of type '&lt;&gt;f__AnonymousType1`3[[System.Guid, System.Private.CoreLib, Version=8.0.0.0, Culture=neutral, PublicKeyToken=7cec85d7bea7798e],[System.String, System.Private.CoreLib, Version=8.0.0.0, Culture=neutral, PublicKeyToken=7cec85d7bea7798e],[System.String, System.Private.CoreLib, Version=8.0.0.0, Culture=neutral, PublicKeyToken=7cec85d7bea7798e]]'.&#xD;
[16:20:02 INF] Executed action TrustMarket.UserService.Api.Controllers.AuthController.Register (TrustMarket.UserService.Api) in 1522.6582ms&#xD;
[16:20:02 INF] Executed endpoint 'TrustMarket.UserService.Api.Controllers.AuthController.Register (TrustMarket.UserService.Api)'&#xD;
[16:20:02 INF] Request finished HTTP/1.1 POST http://localhost/api/auth/register - 200 null application/json; charset=utf-8 1672.6616ms&#xD;
[16:20:02 INF] Request starting HTTP/1.1 GET http://localhost/api/auth/verify-email?token=3EJUcZkCJ9v6WhosqGmWy7sAkX0aqEt5ufKDJUOtnM8 - null null&#xD;
[16:20:02 INF] Executing endpoint 'TrustMarket.UserService.Api.Controllers.AuthController.VerifyEmail (TrustMarket.UserService.Api)'&#xD;
[16:20:02 INF] Route matched with {action = "VerifyEmail", controller = "Auth"}. Executing controller action with signature System.Threading.Tasks.Task`1[Microsoft.AspNetCore.Mvc.IActionResult] VerifyEmail(System.String, System.Threading.CancellationToken) on controller TrustMarket.UserService.Api.Controllers.AuthController (TrustMarket.UserService.Api).&#xD;
[16:20:02 INF] Executed DbCommand (0ms) [Parameters=[@__token_0='?' (Size = 43)], CommandType='Text', CommandTimeout='30']&#xD;
SELECT "t"."Id", "t"."AuthProvider", "t"."AvatarUrl", "t"."Bio", "t"."BuyerRating", "t"."BuyerReviewCount", "t"."CreatedAt", "t"."Email", "t"."EmailConfirmationToken", "t"."EmailConfirmationTokenExpiresAt", "t"."ExternalId", "t"."FirstName", "t"."FraudReports", "t"."IsEmailConfirmed", "t"."IsPhoneConfirmed", "t"."LastLoginAt", "t"."LastName", "t"."LastNameChangedAt", "t"."MonobankSubMerchantId", "t"."PasswordHash", "t"."PasswordResetToken", "t"."PasswordResetTokenExpiresAt", "t"."PhoneNumber", "t"."PublicNameMode", "t"."Rating", "t"."SellerRating", "t"."SellerReviewCount", "t"."TrustedContactEmail", "t"."TrustedContactTelegramId", "t"."UpdatedAt", "t"."Username", "v"."Id", "v"."CreatedAt", "v"."IssuedAt", "v"."Type", "v"."UpdatedAt", "v"."UserId"&#xD;
FROM (&#xD;
    SELECT "u"."Id", "u"."AuthProvider", "u"."AvatarUrl", "u"."Bio", "u"."BuyerRating", "u"."BuyerReviewCount", "u"."CreatedAt", "u"."Email", "u"."EmailConfirmationToken", "u"."EmailConfirmationTokenExpiresAt", "u"."ExternalId", "u"."FirstName", "u"."FraudReports", "u"."IsEmailConfirmed", "u"."IsPhoneConfirmed", "u"."LastLoginAt", "u"."LastName", "u"."LastNameChangedAt", "u"."MonobankSubMerchantId", "u"."PasswordHash", "u"."PasswordResetToken", "u"."PasswordResetTokenExpiresAt", "u"."PhoneNumber", "u"."PublicNameMode", "u"."Rating", "u"."SellerRating", "u"."SellerReviewCount", "u"."TrustedContactEmail", "u"."TrustedContactTelegramId", "u"."UpdatedAt", "u"."Username"&#xD;
    FROM "Users" AS "u"&#xD;
    WHERE "u"."EmailConfirmationToken" = @__token_0&#xD;
    LIMIT 1&#xD;
) AS "t"&#xD;
LEFT JOIN "VerificationBadges" AS "v" ON "t"."Id" = "v"."UserId"&#xD;
ORDER BY "t"."Id"&#xD;
[16:20:02 INF] Executed DbCommand (0ms) [Parameters=[@p4='?' (DbType = Guid), @p0='?', @p1='?' (DbType = DateTime), @p2='?' (DbType = Boolean), @p3='?' (DbType = DateTime)], CommandType='Text', CommandTimeout='30']&#xD;
UPDATE "Users" SET "EmailConfirmationToken" = @p0, "EmailConfirmationTokenExpiresAt" = @p1, "IsEmailConfirmed" = @p2, "UpdatedAt" = @p3&#xD;
WHERE "Id" = @p4&#xD;
RETURNING 1;&#xD;
[16:20:02 INF] Executed DbCommand (0ms) [Parameters=[@p0='?' (DbType = Guid), @p1='?' (DbType = DateTime), @p2='?' (DbType = DateTime), @p3='?' (DbType = Int32), @p4='?' (DbType = DateTime), @p5='?' (DbType = Guid)], CommandType='Text', CommandTimeout='30']&#xD;
INSERT INTO "VerificationBadges" ("Id", "CreatedAt", "IssuedAt", "Type", "UpdatedAt", "UserId")&#xD;
VALUES (@p0, @p1, @p2, @p3, @p4, @p5);&#xD;
[16:20:02 INF] Executing OkObjectResult, writing value of type '&lt;&gt;f__AnonymousType4`3[[System.Guid, System.Private.CoreLib, Version=8.0.0.0, Culture=neutral, PublicKeyToken=7cec85d7bea7798e],[System.String, System.Private.CoreLib, Version=8.0.0.0, Culture=neutral, PublicKeyToken=7cec85d7bea7798e],[System.String, System.Private.CoreLib, Version=8.0.0.0, Culture=neutral, PublicKeyToken=7cec85d7bea7798e]]'.&#xD;
[16:20:02 INF] Executed action TrustMarket.UserService.Api.Controllers.AuthController.VerifyEmail (TrustMarket.UserService.Api) in 334.9697ms&#xD;
[16:20:02 INF] Executed endpoint 'TrustMarket.UserService.Api.Controllers.AuthController.VerifyEmail (TrustMarket.UserService.Api)'&#xD;
[16:20:02 INF] Request finished HTTP/1.1 GET http://localhost/api/auth/verify-email?token=3EJUcZkCJ9v6WhosqGmWy7sAkX0aqEt5ufKDJUOtnM8 - 200 null application/json; charset=utf-8 350.6267ms&#xD;
[16:20:02 INF] Request starting HTTP/1.1 POST http://localhost/api/auth/login - application/json; charset=utf-8 61&#xD;
[16:20:02 INF] Executing endpoint 'TrustMarket.UserService.Api.Controllers.AuthController.Login (TrustMarket.UserService.Api)'&#xD;
[16:20:02 INF] Route matched with {action = "Login", controller = "Auth"}. Executing controller action with signature System.Threading.Tasks.Task`1[Microsoft.AspNetCore.Mvc.IActionResult] Login(TrustMarket.UserService.Application.Users.Commands.LoginUser.LoginUserCommand, System.Threading.CancellationToken) on controller TrustMarket.UserService.Api.Controllers.AuthController (TrustMarket.UserService.Api).&#xD;
[16:20:02 INF] Executed DbCommand (0ms) [Parameters=[@__email_0='?' (Size = 23)], CommandType='Text', CommandTimeout='30']&#xD;
SELECT "t"."Id", "t"."AuthProvider", "t"."AvatarUrl", "t"."Bio", "t"."BuyerRating", "t"."BuyerReviewCount", "t"."CreatedAt", "t"."Email", "t"."EmailConfirmationToken", "t"."EmailConfirmationTokenExpiresAt", "t"."ExternalId", "t"."FirstName", "t"."FraudReports", "t"."IsEmailConfirmed", "t"."IsPhoneConfirmed", "t"."LastLoginAt", "t"."LastName", "t"."LastNameChangedAt", "t"."MonobankSubMerchantId", "t"."PasswordHash", "t"."PasswordResetToken", "t"."PasswordResetTokenExpiresAt", "t"."PhoneNumber", "t"."PublicNameMode", "t"."Rating", "t"."SellerRating", "t"."SellerReviewCount", "t"."TrustedContactEmail", "t"."TrustedContactTelegramId", "t"."UpdatedAt", "t"."Username", "v"."Id", "v"."CreatedAt", "v"."IssuedAt", "v"."Type", "v"."UpdatedAt", "v"."UserId"&#xD;
FROM (&#xD;
    SELECT "u"."Id", "u"."AuthProvider", "u"."AvatarUrl", "u"."Bio", "u"."BuyerRating", "u"."BuyerReviewCount", "u"."CreatedAt", "u"."Email", "u"."EmailConfirmationToken", "u"."EmailConfirmationTokenExpiresAt", "u"."ExternalId", "u"."FirstName", "u"."FraudReports", "u"."IsEmailConfirmed", "u"."IsPhoneConfirmed", "u"."LastLoginAt", "u"."LastName", "u"."LastNameChangedAt", "u"."MonobankSubMerchantId", "u"."PasswordHash", "u"."PasswordResetToken", "u"."PasswordResetTokenExpiresAt", "u"."PhoneNumber", "u"."PublicNameMode", "u"."Rating", "u"."SellerRating", "u"."SellerReviewCount", "u"."TrustedContactEmail", "u"."TrustedContactTelegramId", "u"."UpdatedAt", "u"."Username"&#xD;
    FROM "Users" AS "u"&#xD;
    WHERE "u"."Email" = @__email_0&#xD;
    LIMIT 1&#xD;
) AS "t"&#xD;
LEFT JOIN "VerificationBadges" AS "v" ON "t"."Id" = "v"."UserId"&#xD;
ORDER BY "t"."Id"&#xD;
[16:20:03 INF] Executed DbCommand (0ms) [Parameters=[@p30='?' (DbType = Guid), @p0='?' (DbType = Int32), @p1='?', @p2='?', @p3='?' (DbType = Double), @p4='?' (DbType = Int32), @p5='?' (DbType = DateTime), @p6='?' (Size = 23), @p7='?', @p8='?' (DbType = DateTime), @p9='?', @p10='?' (Size = 7), @p11='?' (DbType = Int32), @p12='?' (DbType = Boolean), @p13='?' (DbType = Boolean), @p14='?' (DbType = DateTime), @p15='?' (Size = 8), @p16='?' (DbType = DateTime), @p17='?', @p18='?' (Size = 60), @p19='?', @p20='?' (DbType = DateTime), @p21='?', @p22='?' (DbType = Int32), @p23='?' (DbType = Double), @p24='?' (DbType = Double), @p25='?' (DbType = Int32), @p26='?', @p27='?' (DbType = Int64), @p28='?' (DbType = DateTime), @p29='?' (Size = 20)], CommandType='Text', CommandTimeout='30']&#xD;
UPDATE "Users" SET "AuthProvider" = @p0, "AvatarUrl" = @p1, "Bio" = @p2, "BuyerRating" = @p3, "BuyerReviewCount" = @p4, "CreatedAt" = @p5, "Email" = @p6, "EmailConfirmationToken" = @p7, "EmailConfirmationTokenExpiresAt" = @p8, "ExternalId" = @p9, "FirstName" = @p10, "FraudReports" = @p11, "IsEmailConfirmed" = @p12, "IsPhoneConfirmed" = @p13, "LastLoginAt" = @p14, "LastName" = @p15, "LastNameChangedAt" = @p16, "MonobankSubMerchantId" = @p17, "PasswordHash" = @p18, "PasswordResetToken" = @p19, "PasswordResetTokenExpiresAt" = @p20, "PhoneNumber" = @p21, "PublicNameMode" = @p22, "Rating" = @p23, "SellerRating" = @p24, "SellerReviewCount" = @p25, "TrustedContactEmail" = @p26, "TrustedContactTelegramId" = @p27, "UpdatedAt" = @p28, "Username" = @p29&#xD;
WHERE "Id" = @p30&#xD;
RETURNING 1;&#xD;
[16:20:03 INF] Executing OkObjectResult, writing value of type 'TrustMarket.UserService.Application.Users.Commands.LoginUser.LoginUserResponse'.&#xD;
[16:20:03 INF] Executed action TrustMarket.UserService.Api.Controllers.AuthController.Login (TrustMarket.UserService.Api) in 414.0793ms&#xD;
[16:20:03 INF] Executed endpoint 'TrustMarket.UserService.Api.Controllers.AuthController.Login (TrustMarket.UserService.Api)'&#xD;
[16:20:03 INF] Request finished HTTP/1.1 POST http://localhost/api/auth/login - 200 null application/json; charset=utf-8 429.1236ms&#xD;
[16:20:03 INF] Configured endpoint ReviewPublished, Consumer: TrustMarket.UserService.Infrastructure.Messaging.ReviewPublishedConsumer&#xD;
[16:20:03 INF] Configured endpoint ViewingEmailNotification, Consumer: TrustMarket.UserService.Infrastructure.Messaging.ViewingEmailNotificationConsumer&#xD;
[16:20:03 INF] User profile is available. Using 'C:\Users\anastasiia.dmytryshy\AppData\Local\ASP.NET\DataProtection-Keys' as key repository and Windows DPAPI to encrypt keys at rest.&#xD;
[16:20:03 INF] Bus started: loopback://localhost/&#xD;
[16:20:03 INF] Executed DbCommand (0ms) [Parameters=[], CommandType='Text', CommandTimeout='30']&#xD;
SELECT COUNT(*) FROM "sqlite_master" WHERE "type" = 'table' AND "rootpage" IS NOT NULL;&#xD;
[16:20:03 INF] Executed DbCommand (0ms) [Parameters=[], CommandType='Text', CommandTimeout='30']&#xD;
CREATE TABLE "Users" (&#xD;
    "Id" TEXT NOT NULL CONSTRAINT "PK_Users" PRIMARY KEY,&#xD;
    "Email" TEXT NOT NULL,&#xD;
    "Username" TEXT NOT NULL,&#xD;
    "FirstName" TEXT NOT NULL,&#xD;
    "LastName" TEXT NOT NULL,&#xD;
    "PasswordHash" TEXT NULL,&#xD;
    "AuthProvider" INTEGER NOT NULL DEFAULT 1,&#xD;
    "ExternalId" TEXT NULL,&#xD;
    "IsEmailConfirmed" INTEGER NOT NULL,&#xD;
    "EmailConfirmationToken" TEXT NULL,&#xD;
    "EmailConfirmationTokenExpiresAt" TEXT NULL,&#xD;
    "PasswordResetToken" TEXT NULL,&#xD;
    "PasswordResetTokenExpiresAt" TEXT NULL,&#xD;
    "PhoneNumber" TEXT NULL,&#xD;
    "IsPhoneConfirmed" INTEGER NOT NULL,&#xD;
    "AvatarUrl" TEXT NULL,&#xD;
    "Bio" TEXT NULL,&#xD;
    "TrustedContactTelegramId" INTEGER NULL,&#xD;
    "TrustedContactEmail" TEXT NULL,&#xD;
    "MonobankSubMerchantId" TEXT NULL,&#xD;
    "PublicNameMode" INTEGER NOT NULL DEFAULT 2,&#xD;
    "LastNameChangedAt" TEXT NULL,&#xD;
    "LastLoginAt" TEXT NULL,&#xD;
    "FraudReports" INTEGER NOT NULL,&#xD;
    "Rating" REAL NOT NULL,&#xD;
    "SellerRating" REAL NOT NULL DEFAULT 0.0,&#xD;
    "SellerReviewCount" INTEGER NOT NULL DEFAULT 0,&#xD;
    "BuyerRating" REAL NOT NULL DEFAULT 0.0,&#xD;
    "BuyerReviewCount" INTEGER NOT NULL DEFAULT 0,&#xD;
    "CreatedAt" TEXT NOT NULL,&#xD;
    "UpdatedAt" TEXT NULL&#xD;
);&#xD;
[16:20:03 INF] Executed DbCommand (0ms) [Parameters=[], CommandType='Text', CommandTimeout='30']&#xD;
CREATE TABLE "VerificationBadges" (&#xD;
    "Id" TEXT NOT NULL CONSTRAINT "PK_VerificationBadges" PRIMARY KEY,&#xD;
    "UserId" TEXT NOT NULL,&#xD;
    "Type" INTEGER NOT NULL,&#xD;
    "IssuedAt" TEXT NOT NULL,&#xD;
    "CreatedAt" TEXT NOT NULL,&#xD;
    "UpdatedAt" TEXT NULL,&#xD;
    CONSTRAINT "FK_VerificationBadges_Users_UserId" FOREIGN KEY ("UserId") REFERENCES "Users" ("Id") ON DELETE CASCADE&#xD;
);&#xD;
[16:20:03 INF] Executed DbCommand (0ms) [Parameters=[], CommandType='Text', CommandTimeout='30']&#xD;
CREATE UNIQUE INDEX "IX_Users_Email" ON "Users" ("Email");&#xD;
[16:20:03 INF] Executed DbCommand (0ms) [Parameters=[], CommandType='Text', CommandTimeout='30']&#xD;
CREATE UNIQUE INDEX "IX_Users_Username" ON "Users" ("Username");&#xD;
[16:20:03 INF] Executed DbCommand (0ms) [Parameters=[], CommandType='Text', CommandTimeout='30']&#xD;
CREATE INDEX "IX_VerificationBadges_UserId" ON "VerificationBadges" ("UserId");&#xD;
[16:20:03 INF] Request starting HTTP/1.1 POST http://localhost/api/auth/resend-verification - null null&#xD;
[16:20:03 INF] Failed to validate the token.&#xD;
Microsoft.IdentityModel.Tokens.SecurityTokenExpiredException: IDX10223: Lifetime validation failed. The token is expired. ValidTo (UTC): '5/23/2026 12:20:03 PM', Current time (UTC): '5/23/2026 1:20:03 PM'.&#xD;
   at Microsoft.IdentityModel.Tokens.ValidatorUtilities.ValidateLifetime(Nullable`1 notBefore, Nullable`1 expires, SecurityToken securityToken, TokenValidationParameters validationParameters)&#xD;
   at Microsoft.IdentityModel.Tokens.Validators.ValidateLifetime(Nullable`1 notBefore, Nullable`1 expires, SecurityToken securityToken, TokenValidationParameters validationParameters)&#xD;
   at Microsoft.IdentityModel.JsonWebTokens.JsonWebTokenHandler.ValidateTokenPayloadAsync(JsonWebToken jsonWebToken, TokenValidationParameters validationParameters, BaseConfiguration configuration)&#xD;
   at Microsoft.IdentityModel.JsonWebTokens.JsonWebTokenHandler.ValidateJWSAsync(JsonWebToken jsonWebToken, TokenValidationParameters validationParameters, BaseConfiguration configuration)&#xD;
[16:20:03 INF] Bearer was not authenticated. Failure message: IDX10223: Lifetime validation failed. The token is expired. ValidTo (UTC): '5/23/2026 12:20:03 PM', Current time (UTC): '5/23/2026 1:20:03 PM'.&#xD;
[16:20:03 INF] Authorization failed. These requirements were not met:&#xD;
DenyAnonymousAuthorizationRequirement: Requires an authenticated user.&#xD;
[16:20:03 INF] AuthenticationScheme: Bearer was challenged.&#xD;
[16:20:03 INF] Request finished HTTP/1.1 POST http://localhost/api/auth/resend-verification - 401 null null 56.8266ms&#xD;
[16:20:03 INF] Configured endpoint ReviewPublished, Consumer: TrustMarket.UserService.Infrastructure.Messaging.ReviewPublishedConsumer&#xD;
[16:20:03 INF] Configured endpoint ViewingEmailNotification, Consumer: TrustMarket.UserService.Infrastructure.Messaging.ViewingEmailNotificationConsumer&#xD;
[16:20:03 INF] User profile is available. Using 'C:\Users\anastasiia.dmytryshy\AppData\Local\ASP.NET\DataProtection-Keys' as key repository and Windows DPAPI to encrypt keys at rest.&#xD;
[16:20:03 INF] Bus started: loopback://localhost/&#xD;
[16:20:03 INF] Executed DbCommand (0ms) [Parameters=[], CommandType='Text', CommandTimeout='30']&#xD;
SELECT COUNT(*) FROM "sqlite_master" WHERE "type" = 'table' AND "rootpage" IS NOT NULL;&#xD;
[16:20:03 INF] Executed DbCommand (0ms) [Parameters=[], CommandType='Text', CommandTimeout='30']&#xD;
CREATE TABLE "Users" (&#xD;
    "Id" TEXT NOT NULL CONSTRAINT "PK_Users" PRIMARY KEY,&#xD;
    "Email" TEXT NOT NULL,&#xD;
    "Username" TEXT NOT NULL,&#xD;
    "FirstName" TEXT NOT NULL,&#xD;
    "LastName" TEXT NOT NULL,&#xD;
    "PasswordHash" TEXT NULL,&#xD;
    "AuthProvider" INTEGER NOT NULL DEFAULT 1,&#xD;
    "ExternalId" TEXT NULL,&#xD;
    "IsEmailConfirmed" INTEGER NOT NULL,&#xD;
    "EmailConfirmationToken" TEXT NULL,&#xD;
    "EmailConfirmationTokenExpiresAt" TEXT NULL,&#xD;
    "PasswordResetToken" TEXT NULL,&#xD;
    "PasswordResetTokenExpiresAt" TEXT NULL,&#xD;
    "PhoneNumber" TEXT NULL,&#xD;
    "IsPhoneConfirmed" INTEGER NOT NULL,&#xD;
    "AvatarUrl" TEXT NULL,&#xD;
    "Bio" TEXT NULL,&#xD;
    "TrustedContactTelegramId" INTEGER NULL,&#xD;
    "TrustedContactEmail" TEXT NULL,&#xD;
    "MonobankSubMerchantId" TEXT NULL,&#xD;
    "PublicNameMode" INTEGER NOT NULL DEFAULT 2,&#xD;
    "LastNameChangedAt" TEXT NULL,&#xD;
    "LastLoginAt" TEXT NULL,&#xD;
    "FraudReports" INTEGER NOT NULL,&#xD;
    "Rating" REAL NOT NULL,&#xD;
    "SellerRating" REAL NOT NULL DEFAULT 0.0,&#xD;
    "SellerReviewCount" INTEGER NOT NULL DEFAULT 0,&#xD;
    "BuyerRating" REAL NOT NULL DEFAULT 0.0,&#xD;
    "BuyerReviewCount" INTEGER NOT NULL DEFAULT 0,&#xD;
    "CreatedAt" TEXT NOT NULL,&#xD;
    "UpdatedAt" TEXT NULL&#xD;
);&#xD;
[16:20:03 INF] Executed DbCommand (0ms) [Parameters=[], CommandType='Text', CommandTimeout='30']&#xD;
CREATE TABLE "VerificationBadges" (&#xD;
    "Id" TEXT NOT NULL CONSTRAINT "PK_VerificationBadges" PRIMARY KEY,&#xD;
    "UserId" TEXT NOT NULL,&#xD;
    "Type" INTEGER NOT NULL,&#xD;
    "IssuedAt" TEXT NOT NULL,&#xD;
    "CreatedAt" TEXT NOT NULL,&#xD;
    "UpdatedAt" TEXT NULL,&#xD;
    CONSTRAINT "FK_VerificationBadges_Users_UserId" FOREIGN KEY ("UserId") REFERENCES "Users" ("Id") ON DELETE CASCADE&#xD;
);&#xD;
[16:20:03 INF] Executed DbCommand (0ms) [Parameters=[], CommandType='Text', CommandTimeout='30']&#xD;
CREATE UNIQUE INDEX "IX_Users_Email" ON "Users" ("Email");&#xD;
[16:20:03 INF] Executed DbCommand (0ms) [Parameters=[], CommandType='Text', CommandTimeout='30']&#xD;
CREATE UNIQUE INDEX "IX_Users_Username" ON "Users" ("Username");&#xD;
[16:20:03 INF] Executed DbCommand (0ms) [Parameters=[], CommandType='Text', CommandTimeout='30']&#xD;
CREATE INDEX "IX_VerificationBadges_UserId" ON "VerificationBadges" ("UserId");&#xD;
[16:20:03 INF] Request starting HTTP/1.1 POST http://localhost/api/auth/resend-verification - null null&#xD;
[16:20:03 INF] Executing endpoint 'TrustMarket.UserService.Api.Controllers.AuthController.ResendVerification (TrustMarket.UserService.Api)'&#xD;
[16:20:03 INF] Route matched with {action = "ResendVerification", controller = "Auth"}. Executing controller action with signature System.Threading.Tasks.Task`1[Microsoft.AspNetCore.Mvc.IActionResult] ResendVerification(System.Threading.CancellationToken) on controller TrustMarket.UserService.Api.Controllers.AuthController (TrustMarket.UserService.Api).&#xD;
[16:20:03 INF] Executed DbCommand (0ms) [Parameters=[@__id_0='?' (DbType = Guid)], CommandType='Text', CommandTimeout='30']&#xD;
SELECT "t"."Id", "t"."AuthProvider", "t"."AvatarUrl", "t"."Bio", "t"."BuyerRating", "t"."BuyerReviewCount", "t"."CreatedAt", "t"."Email", "t"."EmailConfirmationToken", "t"."EmailConfirmationTokenExpiresAt", "t"."ExternalId", "t"."FirstName", "t"."FraudReports", "t"."IsEmailConfirmed", "t"."IsPhoneConfirmed", "t"."LastLoginAt", "t"."LastName", "t"."LastNameChangedAt", "t"."MonobankSubMerchantId", "t"."PasswordHash", "t"."PasswordResetToken", "t"."PasswordResetTokenExpiresAt", "t"."PhoneNumber", "t"."PublicNameMode", "t"."Rating", "t"."SellerRating", "t"."SellerReviewCount", "t"."TrustedContactEmail", "t"."TrustedContactTelegramId", "t"."UpdatedAt", "t"."Username", "v"."Id", "v"."CreatedAt", "v"."IssuedAt", "v"."Type", "v"."UpdatedAt", "v"."UserId"&#xD;
FROM (&#xD;
    SELECT "u"."Id", "u"."AuthProvider", "u"."AvatarUrl", "u"."Bio", "u"."BuyerRating", "u"."BuyerReviewCount", "u"."CreatedAt", "u"."Email", "u"."EmailConfirmationToken", "u"."EmailConfirmationTokenExpiresAt", "u"."ExternalId", "u"."FirstName", "u"."FraudReports", "u"."IsEmailConfirmed", "u"."IsPhoneConfirmed", "u"."LastLoginAt", "u"."LastName", "u"."LastNameChangedAt", "u"."MonobankSubMerchantId", "u"."PasswordHash", "u"."PasswordResetToken", "u"."PasswordResetTokenExpiresAt", "u"."PhoneNumber", "u"."PublicNameMode", "u"."Rating", "u"."SellerRating", "u"."SellerReviewCount", "u"."TrustedContactEmail", "u"."TrustedContactTelegramId", "u"."UpdatedAt", "u"."Username"&#xD;
    FROM "Users" AS "u"&#xD;
    WHERE "u"."Id" = @__id_0&#xD;
    LIMIT 1&#xD;
) AS "t"&#xD;
LEFT JOIN "VerificationBadges" AS "v" ON "t"."Id" = "v"."UserId"&#xD;
ORDER BY "t"."Id"&#xD;
[16:20:03 INF] Executing BadRequestObjectResult, writing value of type '&lt;&gt;f__AnonymousType0`1[[System.String, System.Private.CoreLib, Version=8.0.0.0, Culture=neutral, PublicKeyToken=7cec85d7bea7798e]]'.&#xD;
[16:20:03 INF] Executed action TrustMarket.UserService.Api.Controllers.AuthController.ResendVerification (TrustMarket.UserService.Api) in 26.9689ms&#xD;
[16:20:03 INF] Executed endpoint 'TrustMarket.UserService.Api.Controllers.AuthController.ResendVerification (TrustMarket.UserService.Api)'&#xD;
[16:20:03 INF] Request finished HTTP/1.1 POST http://localhost/api/auth/resend-verification - 400 null application/json; charset=utf-8 67.8415ms&#xD;
[16:20:03 INF] Configured endpoint ReviewPublished, Consumer: TrustMarket.UserService.Infrastructure.Messaging.ReviewPublishedConsumer&#xD;
[16:20:03 INF] Configured endpoint ViewingEmailNotification, Consumer: TrustMarket.UserService.Infrastructure.Messaging.ViewingEmailNotificationConsumer&#xD;
[16:20:03 INF] User profile is available. Using 'C:\Users\anastasiia.dmytryshy\AppData\Local\ASP.NET\DataProtection-Keys' as key repository and Windows DPAPI to encrypt keys at rest.&#xD;
[16:20:03 INF] Bus started: loopback://localhost/&#xD;
[16:20:03 INF] Executed DbCommand (0ms) [Parameters=[], CommandType='Text', CommandTimeout='30']&#xD;
SELECT COUNT(*) FROM "sqlite_master" WHERE "type" = 'table' AND "rootpage" IS NOT NULL;&#xD;
[16:20:03 INF] Executed DbCommand (0ms) [Parameters=[], CommandType='Text', CommandTimeout='30']&#xD;
CREATE TABLE "Users" (&#xD;
    "Id" TEXT NOT NULL CONSTRAINT "PK_Users" PRIMARY KEY,&#xD;
    "Email" TEXT NOT NULL,&#xD;
    "Username" TEXT NOT NULL,&#xD;
    "FirstName" TEXT NOT NULL,&#xD;
    "LastName" TEXT NOT NULL,&#xD;
    "PasswordHash" TEXT NULL,&#xD;
    "AuthProvider" INTEGER NOT NULL DEFAULT 1,&#xD;
    "ExternalId" TEXT NULL,&#xD;
    "IsEmailConfirmed" INTEGER NOT NULL,&#xD;
    "EmailConfirmationToken" TEXT NULL,&#xD;
    "EmailConfirmationTokenExpiresAt" TEXT NULL,&#xD;
    "PasswordResetToken" TEXT NULL,&#xD;
    "PasswordResetTokenExpiresAt" TEXT NULL,&#xD;
    "PhoneNumber" TEXT NULL,&#xD;
    "IsPhoneConfirmed" INTEGER NOT NULL,&#xD;
    "AvatarUrl" TEXT NULL,&#xD;
    "Bio" TEXT NULL,&#xD;
    "TrustedContactTelegramId" INTEGER NULL,&#xD;
    "TrustedContactEmail" TEXT NULL,&#xD;
    "MonobankSubMerchantId" TEXT NULL,&#xD;
    "PublicNameMode" INTEGER NOT NULL DEFAULT 2,&#xD;
    "LastNameChangedAt" TEXT NULL,&#xD;
    "LastLoginAt" TEXT NULL,&#xD;
    "FraudReports" INTEGER NOT NULL,&#xD;
    "Rating" REAL NOT NULL,&#xD;
    "SellerRating" REAL NOT NULL DEFAULT 0.0,&#xD;
    "SellerReviewCount" INTEGER NOT NULL DEFAULT 0,&#xD;
    "BuyerRating" REAL NOT NULL DEFAULT 0.0,&#xD;
    "BuyerReviewCount" INTEGER NOT NULL DEFAULT 0,&#xD;
    "CreatedAt" TEXT NOT NULL,&#xD;
    "UpdatedAt" TEXT NULL&#xD;
);&#xD;
[16:20:03 INF] Executed DbCommand (0ms) [Parameters=[], CommandType='Text', CommandTimeout='30']&#xD;
CREATE TABLE "VerificationBadges" (&#xD;
    "Id" TEXT NOT NULL CONSTRAINT "PK_VerificationBadges" PRIMARY KEY,&#xD;
    "UserId" TEXT NOT NULL,&#xD;
    "Type" INTEGER NOT NULL,&#xD;
    "IssuedAt" TEXT NOT NULL,&#xD;
    "CreatedAt" TEXT NOT NULL,&#xD;
    "UpdatedAt" TEXT NULL,&#xD;
    CONSTRAINT "FK_VerificationBadges_Users_UserId" FOREIGN KEY ("UserId") REFERENCES "Users" ("Id") ON DELETE CASCADE&#xD;
);&#xD;
[16:20:03 INF] Executed DbCommand (0ms) [Parameters=[], CommandType='Text', CommandTimeout='30']&#xD;
CREATE UNIQUE INDEX "IX_Users_Email" ON "Users" ("Email");&#xD;
[16:20:03 INF] Executed DbCommand (0ms) [Parameters=[], CommandType='Text', CommandTimeout='30']&#xD;
CREATE UNIQUE INDEX "IX_Users_Username" ON "Users" ("Username");&#xD;
[16:20:03 INF] Executed DbCommand (0ms) [Parameters=[], CommandType='Text', CommandTimeout='30']&#xD;
CREATE INDEX "IX_VerificationBadges_UserId" ON "VerificationBadges" ("UserId");&#xD;
[16:20:03 INF] Request starting HTTP/1.1 POST http://localhost/api/users/verify/diia/start - null null&#xD;
[16:20:03 INF] Authorization failed. These requirements were not met:&#xD;
DenyAnonymousAuthorizationRequirement: Requires an authenticated user.&#xD;
[16:20:03 INF] AuthenticationScheme: Bearer was challenged.&#xD;
[16:20:03 INF] Request finished HTTP/1.1 POST http://localhost/api/users/verify/diia/start - 401 null null 5.2084ms&#xD;
[16:20:03 INF] Configured endpoint ReviewPublished, Consumer: TrustMarket.UserService.Infrastructure.Messaging.ReviewPublishedConsumer&#xD;
[16:20:03 INF] Configured endpoint ViewingEmailNotification, Consumer: TrustMarket.UserService.Infrastructure.Messaging.ViewingEmailNotificationConsumer&#xD;
[16:20:03 INF] User profile is available. Using 'C:\Users\anastasiia.dmytryshy\AppData\Local\ASP.NET\DataProtection-Keys' as key repository and Windows DPAPI to encrypt keys at rest.&#xD;
[16:20:03 INF] Bus started: loopback://localhost/&#xD;
[16:20:03 INF] Executed DbCommand (0ms) [Parameters=[], CommandType='Text', CommandTimeout='30']&#xD;
SELECT COUNT(*) FROM "sqlite_master" WHERE "type" = 'table' AND "rootpage" IS NOT NULL;&#xD;
[16:20:03 INF] Executed DbCommand (0ms) [Parameters=[], CommandType='Text', CommandTimeout='30']&#xD;
CREATE TABLE "Users" (&#xD;
    "Id" TEXT NOT NULL CONSTRAINT "PK_Users" PRIMARY KEY,&#xD;
    "Email" TEXT NOT NULL,&#xD;
    "Username" TEXT NOT NULL,&#xD;
    "FirstName" TEXT NOT NULL,&#xD;
    "LastName" TEXT NOT NULL,&#xD;
    "PasswordHash" TEXT NULL,&#xD;
    "AuthProvider" INTEGER NOT NULL DEFAULT 1,&#xD;
    "ExternalId" TEXT NULL,&#xD;
    "IsEmailConfirmed" INTEGER NOT NULL,&#xD;
    "EmailConfirmationToken" TEXT NULL,&#xD;
    "EmailConfirmationTokenExpiresAt" TEXT NULL,&#xD;
    "PasswordResetToken" TEXT NULL,&#xD;
    "PasswordResetTokenExpiresAt" TEXT NULL,&#xD;
    "PhoneNumber" TEXT NULL,&#xD;
    "IsPhoneConfirmed" INTEGER NOT NULL,&#xD;
    "AvatarUrl" TEXT NULL,&#xD;
    "Bio" TEXT NULL,&#xD;
    "TrustedContactTelegramId" INTEGER NULL,&#xD;
    "TrustedContactEmail" TEXT NULL,&#xD;
    "MonobankSubMerchantId" TEXT NULL,&#xD;
    "PublicNameMode" INTEGER NOT NULL DEFAULT 2,&#xD;
    "LastNameChangedAt" TEXT NULL,&#xD;
    "LastLoginAt" TEXT NULL,&#xD;
    "FraudReports" INTEGER NOT NULL,&#xD;
    "Rating" REAL NOT NULL,&#xD;
    "SellerRating" REAL NOT NULL DEFAULT 0.0,&#xD;
    "SellerReviewCount" INTEGER NOT NULL DEFAULT 0,&#xD;
    "BuyerRating" REAL NOT NULL DEFAULT 0.0,&#xD;
    "BuyerReviewCount" INTEGER NOT NULL DEFAULT 0,&#xD;
    "CreatedAt" TEXT NOT NULL,&#xD;
    "UpdatedAt" TEXT NULL&#xD;
);&#xD;
[16:20:03 INF] Executed DbCommand (0ms) [Parameters=[], CommandType='Text', CommandTimeout='30']&#xD;
CREATE TABLE "VerificationBadges" (&#xD;
    "Id" TEXT NOT NULL CONSTRAINT "PK_VerificationBadges" PRIMARY KEY,&#xD;
    "UserId" TEXT NOT NULL,&#xD;
    "Type" INTEGER NOT NULL,&#xD;
    "IssuedAt" TEXT NOT NULL,&#xD;
    "CreatedAt" TEXT NOT NULL,&#xD;
    "UpdatedAt" TEXT NULL,&#xD;
    CONSTRAINT "FK_VerificationBadges_Users_UserId" FOREIGN KEY ("UserId") REFERENCES "Users" ("Id") ON DELETE CASCADE&#xD;
);&#xD;
[16:20:03 INF] Executed DbCommand (0ms) [Parameters=[], CommandType='Text', CommandTimeout='30']&#xD;
CREATE UNIQUE INDEX "IX_Users_Email" ON "Users" ("Email");&#xD;
[16:20:03 INF] Executed DbCommand (0ms) [Parameters=[], CommandType='Text', CommandTimeout='30']&#xD;
CREATE UNIQUE INDEX "IX_Users_Username" ON "Users" ("Username");&#xD;
[16:20:03 INF] Executed DbCommand (0ms) [Parameters=[], CommandType='Text', CommandTimeout='30']&#xD;
CREATE INDEX "IX_VerificationBadges_UserId" ON "VerificationBadges" ("UserId");&#xD;
[16:20:03 INF] Request starting HTTP/1.1 POST http://localhost/api/auth/resend-verification - null null&#xD;
[16:20:03 INF] Authorization failed. These requirements were not met:&#xD;
DenyAnonymousAuthorizationRequirement: Requires an authenticated user.&#xD;
[16:20:03 INF] AuthenticationScheme: Bearer was challenged.&#xD;
[16:20:03 INF] Request finished HTTP/1.1 POST http://localhost/api/auth/resend-verification - 401 null null 2.3901ms&#xD;
[16:20:03 INF] Configured endpoint ReviewPublished, Consumer: TrustMarket.UserService.Infrastructure.Messaging.ReviewPublishedConsumer&#xD;
[16:20:03 INF] Configured endpoint ViewingEmailNotification, Consumer: TrustMarket.UserService.Infrastructure.Messaging.ViewingEmailNotificationConsumer&#xD;
[16:20:03 INF] User profile is available. Using 'C:\Users\anastasiia.dmytryshy\AppData\Local\ASP.NET\DataProtection-Keys' as key repository and Windows DPAPI to encrypt keys at rest.&#xD;
[16:20:03 INF] Bus started: loopback://localhost/&#xD;
[16:20:03 INF] Executed DbCommand (0ms) [Parameters=[], CommandType='Text', CommandTimeout='30']&#xD;
SELECT COUNT(*) FROM "sqlite_master" WHERE "type" = 'table' AND "rootpage" IS NOT NULL;&#xD;
[16:20:03 INF] Executed DbCommand (0ms) [Parameters=[], CommandType='Text', CommandTimeout='30']&#xD;
CREATE TABLE "Users" (&#xD;
    "Id" TEXT NOT NULL CONSTRAINT "PK_Users" PRIMARY KEY,&#xD;
    "Email" TEXT NOT NULL,&#xD;
    "Username" TEXT NOT NULL,&#xD;
    "FirstName" TEXT NOT NULL,&#xD;
    "LastName" TEXT NOT NULL,&#xD;
    "PasswordHash" TEXT NULL,&#xD;
    "AuthProvider" INTEGER NOT NULL DEFAULT 1,&#xD;
    "ExternalId" TEXT NULL,&#xD;
    "IsEmailConfirmed" INTEGER NOT NULL,&#xD;
    "EmailConfirmationToken" TEXT NULL,&#xD;
    "EmailConfirmationTokenExpiresAt" TEXT NULL,&#xD;
    "PasswordResetToken" TEXT NULL,&#xD;
    "PasswordResetTokenExpiresAt" TEXT NULL,&#xD;
    "PhoneNumber" TEXT NULL,&#xD;
    "IsPhoneConfirmed" INTEGER NOT NULL,&#xD;
    "AvatarUrl" TEXT NULL,&#xD;
    "Bio" TEXT NULL,&#xD;
    "TrustedContactTelegramId" INTEGER NULL,&#xD;
    "TrustedContactEmail" TEXT NULL,&#xD;
    "MonobankSubMerchantId" TEXT NULL,&#xD;
    "PublicNameMode" INTEGER NOT NULL DEFAULT 2,&#xD;
    "LastNameChangedAt" TEXT NULL,&#xD;
    "LastLoginAt" TEXT NULL,&#xD;
    "FraudReports" INTEGER NOT NULL,&#xD;
    "Rating" REAL NOT NULL,&#xD;
    "SellerRating" REAL NOT NULL DEFAULT 0.0,&#xD;
    "SellerReviewCount" INTEGER NOT NULL DEFAULT 0,&#xD;
    "BuyerRating" REAL NOT NULL DEFAULT 0.0,&#xD;
    "BuyerReviewCount" INTEGER NOT NULL DEFAULT 0,&#xD;
    "CreatedAt" TEXT NOT NULL,&#xD;
    "UpdatedAt" TEXT NULL&#xD;
);&#xD;
[16:20:03 INF] Executed DbCommand (0ms) [Parameters=[], CommandType='Text', CommandTimeout='30']&#xD;
CREATE TABLE "VerificationBadges" (&#xD;
    "Id" TEXT NOT NULL CONSTRAINT "PK_VerificationBadges" PRIMARY KEY,&#xD;
    "UserId" TEXT NOT NULL,&#xD;
    "Type" INTEGER NOT NULL,&#xD;
    "IssuedAt" TEXT NOT NULL,&#xD;
    "CreatedAt" TEXT NOT NULL,&#xD;
    "UpdatedAt" TEXT NULL,&#xD;
    CONSTRAINT "FK_VerificationBadges_Users_UserId" FOREIGN KEY ("UserId") REFERENCES "Users" ("Id") ON DELETE CASCADE&#xD;
);&#xD;
[16:20:03 INF] Executed DbCommand (0ms) [Parameters=[], CommandType='Text', CommandTimeout='30']&#xD;
CREATE UNIQUE INDEX "IX_Users_Email" ON "Users" ("Email");&#xD;
[16:20:03 INF] Executed DbCommand (0ms) [Parameters=[], CommandType='Text', CommandTimeout='30']&#xD;
CREATE UNIQUE INDEX "IX_Users_Username" ON "Users" ("Username");&#xD;
[16:20:03 INF] Executed DbCommand (0ms) [Parameters=[], CommandType='Text', CommandTimeout='30']&#xD;
CREATE INDEX "IX_VerificationBadges_UserId" ON "VerificationBadges" ("UserId");&#xD;
[16:20:03 INF] Request starting HTTP/1.1 POST http://localhost/api/auth/register - application/json; charset=utf-8 180&#xD;
[16:20:03 INF] Executing endpoint 'TrustMarket.UserService.Api.Controllers.AuthController.Register (TrustMarket.UserService.Api)'&#xD;
[16:20:03 INF] Route matched with {action = "Register", controller = "Auth"}. Executing controller action with signature System.Threading.Tasks.Task`1[Microsoft.AspNetCore.Mvc.IActionResult] Register(TrustMarket.UserService.Api.Controllers.RegisterRequest, System.Threading.CancellationToken) on controller TrustMarket.UserService.Api.Controllers.AuthController (TrustMarket.UserService.Api).&#xD;
[16:20:03 INF] Executing BadRequestObjectResult, writing value of type 'Microsoft.AspNetCore.Mvc.ValidationProblemDetails'.&#xD;
[16:20:03 INF] Executed action TrustMarket.UserService.Api.Controllers.AuthController.Register (TrustMarket.UserService.Api) in 18.4507ms&#xD;
[16:20:03 INF] Executed endpoint 'TrustMarket.UserService.Api.Controllers.AuthController.Register (TrustMarket.UserService.Api)'&#xD;
[16:20:03 INF] Request finished HTTP/1.1 POST http://localhost/api/auth/register - 400 null application/problem+json; charset=utf-8 24.8225ms&#xD;
[16:20:03 INF] Configured endpoint ReviewPublished, Consumer: TrustMarket.UserService.Infrastructure.Messaging.ReviewPublishedConsumer&#xD;
[16:20:03 INF] Configured endpoint ViewingEmailNotification, Consumer: TrustMarket.UserService.Infrastructure.Messaging.ViewingEmailNotificationConsumer&#xD;
[16:20:03 INF] User profile is available. Using 'C:\Users\anastasiia.dmytryshy\AppData\Local\ASP.NET\DataProtection-Keys' as key repository and Windows DPAPI to encrypt keys at rest.&#xD;
[16:20:03 INF] Bus started: loopback://localhost/&#xD;
[16:20:03 INF] Executed DbCommand (0ms) [Parameters=[], CommandType='Text', CommandTimeout='30']&#xD;
SELECT COUNT(*) FROM "sqlite_master" WHERE "type" = 'table' AND "rootpage" IS NOT NULL;&#xD;
[16:20:03 INF] Executed DbCommand (0ms) [Parameters=[], CommandType='Text', CommandTimeout='30']&#xD;
CREATE TABLE "Users" (&#xD;
    "Id" TEXT NOT NULL CONSTRAINT "PK_Users" PRIMARY KEY,&#xD;
    "Email" TEXT NOT NULL,&#xD;
    "Username" TEXT NOT NULL,&#xD;
    "FirstName" TEXT NOT NULL,&#xD;
    "LastName" TEXT NOT NULL,&#xD;
    "PasswordHash" TEXT NULL,&#xD;
    "AuthProvider" INTEGER NOT NULL DEFAULT 1,&#xD;
    "ExternalId" TEXT NULL,&#xD;
    "IsEmailConfirmed" INTEGER NOT NULL,&#xD;
    "EmailConfirmationToken" TEXT NULL,&#xD;
    "EmailConfirmationTokenExpiresAt" TEXT NULL,&#xD;
    "PasswordResetToken" TEXT NULL,&#xD;
    "PasswordResetTokenExpiresAt" TEXT NULL,&#xD;
    "PhoneNumber" TEXT NULL,&#xD;
    "IsPhoneConfirmed" INTEGER NOT NULL,&#xD;
    "AvatarUrl" TEXT NULL,&#xD;
    "Bio" TEXT NULL,&#xD;
    "TrustedContactTelegramId" INTEGER NULL,&#xD;
    "TrustedContactEmail" TEXT NULL,&#xD;
    "MonobankSubMerchantId" TEXT NULL,&#xD;
    "PublicNameMode" INTEGER NOT NULL DEFAULT 2,&#xD;
    "LastNameChangedAt" TEXT NULL,&#xD;
    "LastLoginAt" TEXT NULL,&#xD;
    "FraudReports" INTEGER NOT NULL,&#xD;
    "Rating" REAL NOT NULL,&#xD;
    "SellerRating" REAL NOT NULL DEFAULT 0.0,&#xD;
    "SellerReviewCount" INTEGER NOT NULL DEFAULT 0,&#xD;
    "BuyerRating" REAL NOT NULL DEFAULT 0.0,&#xD;
    "BuyerReviewCount" INTEGER NOT NULL DEFAULT 0,&#xD;
    "CreatedAt" TEXT NOT NULL,&#xD;
    "UpdatedAt" TEXT NULL&#xD;
);&#xD;
[16:20:03 INF] Executed DbCommand (0ms) [Parameters=[], CommandType='Text', CommandTimeout='30']&#xD;
CREATE TABLE "VerificationBadges" (&#xD;
    "Id" TEXT NOT NULL CONSTRAINT "PK_VerificationBadges" PRIMARY KEY,&#xD;
    "UserId" TEXT NOT NULL,&#xD;
    "Type" INTEGER NOT NULL,&#xD;
    "IssuedAt" TEXT NOT NULL,&#xD;
    "CreatedAt" TEXT NOT NULL,&#xD;
    "UpdatedAt" TEXT NULL,&#xD;
    CONSTRAINT "FK_VerificationBadges_Users_UserId" FOREIGN KEY ("UserId") REFERENCES "Users" ("Id") ON DELETE CASCADE&#xD;
);&#xD;
[16:20:03 INF] Executed DbCommand (0ms) [Parameters=[], CommandType='Text', CommandTimeout='30']&#xD;
CREATE UNIQUE INDEX "IX_Users_Email" ON "Users" ("Email");&#xD;
[16:20:03 INF] Executed DbCommand (0ms) [Parameters=[], CommandType='Text', CommandTimeout='30']&#xD;
CREATE UNIQUE INDEX "IX_Users_Username" ON "Users" ("Username");&#xD;
[16:20:03 INF] Executed DbCommand (0ms) [Parameters=[], CommandType='Text', CommandTimeout='30']&#xD;
CREATE INDEX "IX_VerificationBadges_UserId" ON "VerificationBadges" ("UserId");&#xD;
[16:20:03 INF] Request starting HTTP/1.1 POST http://localhost/api/auth/register - application/json; charset=utf-8 220&#xD;
[16:20:03 INF] Executing endpoint 'TrustMarket.UserService.Api.Controllers.AuthController.Register (TrustMarket.UserService.Api)'&#xD;
[16:20:03 INF] Route matched with {action = "Register", controller = "Auth"}. Executing controller action with signature System.Threading.Tasks.Task`1[Microsoft.AspNetCore.Mvc.IActionResult] Register(TrustMarket.UserService.Api.Controllers.RegisterRequest, System.Threading.CancellationToken) on controller TrustMarket.UserService.Api.Controllers.AuthController (TrustMarket.UserService.Api).&#xD;
[16:20:03 INF] Executed DbCommand (0ms) [Parameters=[@__email_0='?' (Size = 16)], CommandType='Text', CommandTimeout='30']&#xD;
SELECT EXISTS (&#xD;
    SELECT 1&#xD;
    FROM "Users" AS "u"&#xD;
    WHERE "u"."Email" = @__email_0)&#xD;
[16:20:03 INF] Executed DbCommand (0ms) [Parameters=[@__username_0='?' (Size = 13)], CommandType='Text', CommandTimeout='30']&#xD;
SELECT EXISTS (&#xD;
    SELECT 1&#xD;
    FROM "Users" AS "u"&#xD;
    WHERE "u"."Username" = @__username_0)&#xD;
[16:20:04 INF] Executed DbCommand (0ms) [Parameters=[@p0='?' (DbType = Guid), @p1='?' (DbType = Int32), @p2='?', @p3='?', @p4='?' (DbType = DateTime), @p5='?' (Size = 16), @p6='?' (Size = 43), @p7='?' (DbType = DateTime), @p8='?', @p9='?' (Size = 4), @p10='?' (DbType = Int32), @p11='?' (DbType = Boolean), @p12='?' (DbType = Boolean), @p13='?' (DbType = DateTime), @p14='?' (Size = 6), @p15='?' (DbType = DateTime), @p16='?', @p17='?' (Size = 60), @p18='?', @p19='?' (DbType = DateTime), @p20='?', @p21='?' (DbType = Int32), @p22='?' (DbType = Double), @p23='?', @p24='?' (DbType = Int64), @p25='?' (DbType = DateTime), @p26='?' (Size = 13)], CommandType='Text', CommandTimeout='30']&#xD;
INSERT INTO "Users" ("Id", "AuthProvider", "AvatarUrl", "Bio", "CreatedAt", "Email", "EmailConfirmationToken", "EmailConfirmationTokenExpiresAt", "ExternalId", "FirstName", "FraudReports", "IsEmailConfirmed", "IsPhoneConfirmed", "LastLoginAt", "LastName", "LastNameChangedAt", "MonobankSubMerchantId", "PasswordHash", "PasswordResetToken", "PasswordResetTokenExpiresAt", "PhoneNumber", "PublicNameMode", "Rating", "TrustedContactEmail", "TrustedContactTelegramId", "UpdatedAt", "Username")&#xD;
VALUES (@p0, @p1, @p2, @p3, @p4, @p5, @p6, @p7, @p8, @p9, @p10, @p11, @p12, @p13, @p14, @p15, @p16, @p17, @p18, @p19, @p20, @p21, @p22, @p23, @p24, @p25, @p26)&#xD;
RETURNING "BuyerRating", "BuyerReviewCount", "SellerRating", "SellerReviewCount";&#xD;
[16:20:04 INF] Executing OkObjectResult, writing value of type '&lt;&gt;f__AnonymousType1`3[[System.Guid, System.Private.CoreLib, Version=8.0.0.0, Culture=neutral, PublicKeyToken=7cec85d7bea7798e],[System.String, System.Private.CoreLib, Version=8.0.0.0, Culture=neutral, PublicKeyToken=7cec85d7bea7798e],[System.String, System.Private.CoreLib, Version=8.0.0.0, Culture=neutral, PublicKeyToken=7cec85d7bea7798e]]'.&#xD;
[16:20:04 INF] Executed action TrustMarket.UserService.Api.Controllers.AuthController.Register (TrustMarket.UserService.Api) in 360.1466ms&#xD;
[16:20:04 INF] Executed endpoint 'TrustMarket.UserService.Api.Controllers.AuthController.Register (TrustMarket.UserService.Api)'&#xD;
[16:20:04 INF] Request finished HTTP/1.1 POST http://localhost/api/auth/register - 200 null application/json; charset=utf-8 367.3494ms&#xD;
[16:20:04 INF] Executed DbCommand (0ms) [Parameters=[], CommandType='Text', CommandTimeout='30']&#xD;
SELECT "u"."Id", "u"."AuthProvider", "u"."AvatarUrl", "u"."Bio", "u"."BuyerRating", "u"."BuyerReviewCount", "u"."CreatedAt", "u"."Email", "u"."EmailConfirmationToken", "u"."EmailConfirmationTokenExpiresAt", "u"."ExternalId", "u"."FirstName", "u"."FraudReports", "u"."IsEmailConfirmed", "u"."IsPhoneConfirmed", "u"."LastLoginAt", "u"."LastName", "u"."LastNameChangedAt", "u"."MonobankSubMerchantId", "u"."PasswordHash", "u"."PasswordResetToken", "u"."PasswordResetTokenExpiresAt", "u"."PhoneNumber", "u"."PublicNameMode", "u"."Rating", "u"."SellerRating", "u"."SellerReviewCount", "u"."TrustedContactEmail", "u"."TrustedContactTelegramId", "u"."UpdatedAt", "u"."Username"&#xD;
FROM "Users" AS "u"&#xD;
WHERE "u"."Email" = 'anna@example.com'&#xD;
LIMIT 1&#xD;
[16:20:04 INF] Configured endpoint ReviewPublished, Consumer: TrustMarket.UserService.Infrastructure.Messaging.ReviewPublishedConsumer&#xD;
[16:20:04 INF] Configured endpoint ViewingEmailNotification, Consumer: TrustMarket.UserService.Infrastructure.Messaging.ViewingEmailNotificationConsumer&#xD;
[16:20:04 INF] User profile is available. Using 'C:\Users\anastasiia.dmytryshy\AppData\Local\ASP.NET\DataProtection-Keys' as key repository and Windows DPAPI to encrypt keys at rest.&#xD;
[16:20:04 INF] Bus started: loopback://localhost/&#xD;
[16:20:04 INF] Executed DbCommand (0ms) [Parameters=[], CommandType='Text', CommandTimeout='30']&#xD;
SELECT COUNT(*) FROM "sqlite_master" WHERE "type" = 'table' AND "rootpage" IS NOT NULL;&#xD;
[16:20:04 INF] Executed DbCommand (0ms) [Parameters=[], CommandType='Text', CommandTimeout='30']&#xD;
CREATE TABLE "Users" (&#xD;
    "Id" TEXT NOT NULL CONSTRAINT "PK_Users" PRIMARY KEY,&#xD;
    "Email" TEXT NOT NULL,&#xD;
    "Username" TEXT NOT NULL,&#xD;
    "FirstName" TEXT NOT NULL,&#xD;
    "LastName" TEXT NOT NULL,&#xD;
    "PasswordHash" TEXT NULL,&#xD;
    "AuthProvider" INTEGER NOT NULL DEFAULT 1,&#xD;
    "ExternalId" TEXT NULL,&#xD;
    "IsEmailConfirmed" INTEGER NOT NULL,&#xD;
    "EmailConfirmationToken" TEXT NULL,&#xD;
    "EmailConfirmationTokenExpiresAt" TEXT NULL,&#xD;
    "PasswordResetToken" TEXT NULL,&#xD;
    "PasswordResetTokenExpiresAt" TEXT NULL,&#xD;
    "PhoneNumber" TEXT NULL,&#xD;
    "IsPhoneConfirmed" INTEGER NOT NULL,&#xD;
    "AvatarUrl" TEXT NULL,&#xD;
    "Bio" TEXT NULL,&#xD;
    "TrustedContactTelegramId" INTEGER NULL,&#xD;
    "TrustedContactEmail" TEXT NULL,&#xD;
    "MonobankSubMerchantId" TEXT NULL,&#xD;
    "PublicNameMode" INTEGER NOT NULL DEFAULT 2,&#xD;
    "LastNameChangedAt" TEXT NULL,&#xD;
    "LastLoginAt" TEXT NULL,&#xD;
    "FraudReports" INTEGER NOT NULL,&#xD;
    "Rating" REAL NOT NULL,&#xD;
    "SellerRating" REAL NOT NULL DEFAULT 0.0,&#xD;
    "SellerReviewCount" INTEGER NOT NULL DEFAULT 0,&#xD;
    "BuyerRating" REAL NOT NULL DEFAULT 0.0,&#xD;
    "BuyerReviewCount" INTEGER NOT NULL DEFAULT 0,&#xD;
    "CreatedAt" TEXT NOT NULL,&#xD;
    "UpdatedAt" TEXT NULL&#xD;
);&#xD;
[16:20:04 INF] Executed DbCommand (0ms) [Parameters=[], CommandType='Text', CommandTimeout='30']&#xD;
CREATE TABLE "VerificationBadges" (&#xD;
    "Id" TEXT NOT NULL CONSTRAINT "PK_VerificationBadges" PRIMARY KEY,&#xD;
    "UserId" TEXT NOT NULL,&#xD;
    "Type" INTEGER NOT NULL,&#xD;
    "IssuedAt" TEXT NOT NULL,&#xD;
    "CreatedAt" TEXT NOT NULL,&#xD;
    "UpdatedAt" TEXT NULL,&#xD;
    CONSTRAINT "FK_VerificationBadges_Users_UserId" FOREIGN KEY ("UserId") REFERENCES "Users" ("Id") ON DELETE CASCADE&#xD;
);&#xD;
[16:20:04 INF] Executed DbCommand (0ms) [Parameters=[], CommandType='Text', CommandTimeout='30']&#xD;
CREATE UNIQUE INDEX "IX_Users_Email" ON "Users" ("Email");&#xD;
[16:20:04 INF] Executed DbCommand (0ms) [Parameters=[], CommandType='Text', CommandTimeout='30']&#xD;
CREATE UNIQUE INDEX "IX_Users_Username" ON "Users" ("Username");&#xD;
[16:20:04 INF] Executed DbCommand (0ms) [Parameters=[], CommandType='Text', CommandTimeout='30']&#xD;
CREATE INDEX "IX_VerificationBadges_UserId" ON "VerificationBadges" ("UserId");&#xD;
[...]
SELECT COUNT(*) FROM "sqlite_master" WHERE "type" = 'table' AND "rootpage" IS NOT NULL;&#xD;
[16:20:06 INF] Executed DbCommand (0ms) [Parameters=[], CommandType='Text', CommandTimeout='30']&#xD;
CREATE TABLE "Users" (&#xD;
    "Id" TEXT NOT NULL CONSTRAINT "PK_Users" PRIMARY KEY,&#xD;
    "Email" TEXT NOT NULL,&#xD;
    "Username" TEXT NOT NULL,&#xD;
    "FirstName" TEXT NOT NULL,&#xD;
    "LastName" TEXT NOT NULL,&#xD;
    "PasswordHash" TEXT NULL,&#xD;
    "AuthProvider" INTEGER NOT NULL DEFAULT 1,&#xD;
    "ExternalId" TEXT NULL,&#xD;
    "IsEmailConfirmed" INTEGER NOT NULL,&#xD;
    "EmailConfirmationToken" TEXT NULL,&#xD;
    "EmailConfirmationTokenExpiresAt" TEXT NULL,&#xD;
    "PasswordResetToken" TEXT NULL,&#xD;
    "PasswordResetTokenExpiresAt" TEXT NULL,&#xD;
    "PhoneNumber" TEXT NULL,&#xD;
    "IsPhoneConfirmed" INTEGER NOT NULL,&#xD;
    "AvatarUrl" TEXT NULL,&#xD;
    "Bio" TEXT NULL,&#xD;
    "TrustedContactTelegramId" INTEGER NULL,&#xD;
    "TrustedContactEmail" TEXT NULL,&#xD;
    "MonobankSubMerchantId" TEXT NULL,&#xD;
    "PublicNameMode" INTEGER NOT NULL DEFAULT 2,&#xD;
    "LastNameChangedAt" TEXT NULL,&#xD;
    "LastLoginAt" TEXT NULL,&#xD;
    "FraudReports" INTEGER NOT NULL,&#xD;
    "Rating" REAL NOT NULL,&#xD;
    "SellerRating" REAL NOT NULL DEFAULT 0.0,&#xD;
    "SellerReviewCount" INTEGER NOT NULL DEFAULT 0,&#xD;
    "BuyerRating" REAL NOT NULL DEFAULT 0.0,&#xD;
    "BuyerReviewCount" INTEGER NOT NULL DEFAULT 0,&#xD;
    "CreatedAt" TEXT NOT NULL,&#xD;
    "UpdatedAt" TEXT NULL&#xD;
);&#xD;
[16:20:06 INF] Executed DbCommand (0ms) [Parameters=[], CommandType='Text', CommandTimeout='30']&#xD;
CREATE TABLE "VerificationBadges" (&#xD;
    "Id" TEXT NOT NULL CONSTRAINT "PK_VerificationBadges" PRIMARY KEY,&#xD;
    "UserId" TEXT NOT NULL,&#xD;
    "Type" INTEGER NOT NULL,&#xD;
    "IssuedAt" TEXT NOT NULL,&#xD;
    "CreatedAt" TEXT NOT NULL,&#xD;
    "UpdatedAt" TEXT NULL,&#xD;
    CONSTRAINT "FK_VerificationBadges_Users_UserId" FOREIGN KEY ("UserId") REFERENCES "Users" ("Id") ON DELETE CASCADE&#xD;
);&#xD;
[16:20:06 INF] Executed DbCommand (0ms) [Parameters=[], CommandType='Text', CommandTimeout='30']&#xD;
CREATE UNIQUE INDEX "IX_Users_Email" ON "Users" ("Email");&#xD;
[16:20:06 INF] Executed DbCommand (0ms) [Parameters=[], CommandType='Text', CommandTimeout='30']&#xD;
CREATE UNIQUE INDEX "IX_Users_Username" ON "Users" ("Username");&#xD;
[16:20:06 INF] Executed DbCommand (0ms) [Parameters=[], CommandType='Text', CommandTimeout='30']&#xD;
CREATE INDEX "IX_VerificationBadges_UserId" ON "VerificationBadges" ("UserId");&#xD;
[16:20:06 INF] Executed DbCommand (0ms) [Parameters=[], CommandType='Text', CommandTimeout='30']&#xD;
SELECT COUNT(*)&#xD;
FROM "Users" AS "u"&#xD;
[16:20:06 INF] Configured endpoint ReviewPublished, Consumer: TrustMarket.UserService.Infrastructure.Messaging.ReviewPublishedConsumer&#xD;
[16:20:06 INF] Configured endpoint ViewingEmailNotification, Consumer: TrustMarket.UserService.Infrastructure.Messaging.ViewingEmailNotificationConsumer&#xD;
[16:20:06 INF] User profile is available. Using 'C:\Users\anastasiia.dmytryshy\AppData\Local\ASP.NET\DataProtection-Keys' as key repository and Windows DPAPI to encrypt keys at rest.&#xD;
[16:20:06 INF] Bus started: loopback://localhost/&#xD;
[16:20:06 INF] Executed DbCommand (0ms) [Parameters=[], CommandType='Text', CommandTimeout='30']&#xD;
SELECT COUNT(*) FROM "sqlite_master" WHERE "type" = 'table' AND "rootpage" IS NOT NULL;&#xD;
[16:20:06 INF] Executed DbCommand (0ms) [Parameters=[], CommandType='Text', CommandTimeout='30']&#xD;
CREATE TABLE "Users" (&#xD;
    "Id" TEXT NOT NULL CONSTRAINT "PK_Users" PRIMARY KEY,&#xD;
    "Email" TEXT NOT NULL,&#xD;
    "Username" TEXT NOT NULL,&#xD;
    "FirstName" TEXT NOT NULL,&#xD;
    "LastName" TEXT NOT NULL,&#xD;
    "PasswordHash" TEXT NULL,&#xD;
    "AuthProvider" INTEGER NOT NULL DEFAULT 1,&#xD;
    "ExternalId" TEXT NULL,&#xD;
    "IsEmailConfirmed" INTEGER NOT NULL,&#xD;
    "EmailConfirmationToken" TEXT NULL,&#xD;
    "EmailConfirmationTokenExpiresAt" TEXT NULL,&#xD;
    "PasswordResetToken" TEXT NULL,&#xD;
    "PasswordResetTokenExpiresAt" TEXT NULL,&#xD;
    "PhoneNumber" TEXT NULL,&#xD;
    "IsPhoneConfirmed" INTEGER NOT NULL,&#xD;
    "AvatarUrl" TEXT NULL,&#xD;
    "Bio" TEXT NULL,&#xD;
    "TrustedContactTelegramId" INTEGER NULL,&#xD;
    "TrustedContactEmail" TEXT NULL,&#xD;
    "MonobankSubMerchantId" TEXT NULL,&#xD;
    "PublicNameMode" INTEGER NOT NULL DEFAULT 2,&#xD;
    "LastNameChangedAt" TEXT NULL,&#xD;
    "LastLoginAt" TEXT NULL,&#xD;
    "FraudReports" INTEGER NOT NULL,&#xD;
    "Rating" REAL NOT NULL,&#xD;
    "SellerRating" REAL NOT NULL DEFAULT 0.0,&#xD;
    "SellerReviewCount" INTEGER NOT NULL DEFAULT 0,&#xD;
    "BuyerRating" REAL NOT NULL DEFAULT 0.0,&#xD;
    "BuyerReviewCount" INTEGER NOT NULL DEFAULT 0,&#xD;
    "CreatedAt" TEXT NOT NULL,&#xD;
    "UpdatedAt" TEXT NULL&#xD;
);&#xD;
[16:20:06 INF] Executed DbCommand (0ms) [Parameters=[], CommandType='Text', CommandTimeout='30']&#xD;
CREATE TABLE "VerificationBadges" (&#xD;
    "Id" TEXT NOT NULL CONSTRAINT "PK_VerificationBadges" PRIMARY KEY,&#xD;
    "UserId" TEXT NOT NULL,&#xD;
    "Type" INTEGER NOT NULL,&#xD;
    "IssuedAt" TEXT NOT NULL,&#xD;
    "CreatedAt" TEXT NOT NULL,&#xD;
    "UpdatedAt" TEXT NULL,&#xD;
    CONSTRAINT "FK_VerificationBadges_Users_UserId" FOREIGN KEY ("UserId") REFERENCES "Users" ("Id") ON DELETE CASCADE&#xD;
);&#xD;
[16:20:06 INF] Executed DbCommand (0ms) [Parameters=[], CommandType='Text', CommandTimeout='30']&#xD;
CREATE UNIQUE INDEX "IX_Users_Email" ON "Users" ("Email");&#xD;
[16:20:06 INF] Executed DbCommand (0ms) [Parameters=[], CommandType='Text', CommandTimeout='30']&#xD;
CREATE UNIQUE INDEX "IX_Users_Username" ON "Users" ("Username");&#xD;
[16:20:06 INF] Executed DbCommand (0ms) [Parameters=[], CommandType='Text', CommandTimeout='30']&#xD;
CREATE INDEX "IX_VerificationBadges_UserId" ON "VerificationBadges" ("UserId");&#xD;
[16:20:06 INF] Executed DbCommand (0ms) [Parameters=[@p0='?' (DbType = Guid), @p1='?' (DbType = Int32), @p2='?', @p3='?', @p4='?' (DbType = DateTime), @p5='?' (Size = 19), @p6='?', @p7='?' (DbType = DateTime), @p8='?', @p9='?' (Size = 1), @p10='?' (DbType = Int32), @p11='?' (DbType = Boolean), @p12='?' (DbType = Boolean), @p13='?' (DbType = DateTime), @p14='?' (Size = 1), @p15='?' (DbType = DateTime), @p16='?', @p17='?' (Size = 4), @p18='?', @p19='?' (DbType = DateTime), @p20='?', @p21='?' (DbType = Int32), @p22='?' (DbType = Double), @p23='?', @p24='?' (DbType = Int64), @p25='?' (DbType = DateTime), @p26='?' (Size = 11)], CommandType='Text', CommandTimeout='30']&#xD;
INSERT INTO "Users" ("Id", "AuthProvider", "AvatarUrl", "Bio", "CreatedAt", "Email", "EmailConfirmationToken", "EmailConfirmationTokenExpiresAt", "ExternalId", "FirstName", "FraudReports", "IsEmailConfirmed", "IsPhoneConfirmed", "LastLoginAt", "LastName", "LastNameChangedAt", "MonobankSubMerchantId", "PasswordHash", "PasswordResetToken", "PasswordResetTokenExpiresAt", "PhoneNumber", "PublicNameMode", "Rating", "TrustedContactEmail", "TrustedContactTelegramId", "UpdatedAt", "Username")&#xD;
VALUES (@p0, @p1, @p2, @p3, @p4, @p5, @p6, @p7, @p8, @p9, @p10, @p11, @p12, @p13, @p14, @p15, @p16, @p17, @p18, @p19, @p20, @p21, @p22, @p23, @p24, @p25, @p26)&#xD;
RETURNING "BuyerRating", "BuyerReviewCount", "SellerRating", "SellerReviewCount";&#xD;
[16:20:06 INF] Executed DbCommand (0ms) [Parameters=[@p0='?' (DbType = Guid), @p1='?' (DbType = DateTime), @p2='?' (DbType = DateTime), @p3='?' (DbType = Int32), @p4='?' (DbType = DateTime), @p5='?' (DbType = Guid)], CommandType='Text', CommandTimeout='30']&#xD;
INSERT INTO "VerificationBadges" ("Id", "CreatedAt", "IssuedAt", "Type", "UpdatedAt", "UserId")&#xD;
VALUES (@p0, @p1, @p2, @p3, @p4, @p5);&#xD;
[16:20:06 INF] Executed DbCommand (0ms) [Parameters=[@p0='?' (DbType = Guid)], CommandType='Text', CommandTimeout='30']&#xD;
DELETE FROM "VerificationBadges"&#xD;
WHERE "Id" = @p0&#xD;
RETURNING 1;&#xD;
[16:20:06 INF] Executed DbCommand (0ms) [Parameters=[@p0='?' (DbType = Guid)], CommandType='Text', CommandTimeout='30']&#xD;
DELETE FROM "Users"&#xD;
WHERE "Id" = @p0&#xD;
RETURNING 1;&#xD;
[16:20:06 INF] Executed DbCommand (0ms) [Parameters=[@__user_Id_0='?' (DbType = Guid)], CommandType='Text', CommandTimeout='30']&#xD;
SELECT COUNT(*)&#xD;
FROM "VerificationBadges" AS "v"&#xD;
WHERE "v"."UserId" = @__user_Id_0&#xD;
[16:20:07 INF] Configured endpoint ReviewPublished, Consumer: TrustMarket.UserService.Infrastructure.Messaging.ReviewPublishedConsumer&#xD;
[16:20:07 INF] Configured endpoint ViewingEmailNotification, Consumer: TrustMarket.UserService.Infrastructure.Messaging.ViewingEmailNotificationConsumer&#xD;
[16:20:07 INF] User profile is available. Using 'C:\Users\anastasiia.dmytryshy\AppData\Local\ASP.NET\DataProtection-Keys' as key repository and Windows DPAPI to encrypt keys at rest.&#xD;
[16:20:07 INF] Bus started: loopback://localhost/&#xD;
[16:20:07 INF] Executed DbCommand (0ms) [Parameters=[], CommandType='Text', CommandTimeout='30']&#xD;
SELECT COUNT(*) FROM "sqlite_master" WHERE "type" = 'table' AND "rootpage" IS NOT NULL;&#xD;
[16:20:07 INF] Executed DbCommand (0ms) [Parameters=[], CommandType='Text', CommandTimeout='30']&#xD;
CREATE TABLE "Users" (&#xD;
    "Id" TEXT NOT NULL CONSTRAINT "PK_Users" PRIMARY KEY,&#xD;
    "Email" TEXT NOT NULL,&#xD;
    "Username" TEXT NOT NULL,&#xD;
    "FirstName" TEXT NOT NULL,&#xD;
    "LastName" TEXT NOT NULL,&#xD;
    "PasswordHash" TEXT NULL,&#xD;
    "AuthProvider" INTEGER NOT NULL DEFAULT 1,&#xD;
    "ExternalId" TEXT NULL,&#xD;
    "IsEmailConfirmed" INTEGER NOT NULL,&#xD;
    "EmailConfirmationToken" TEXT NULL,&#xD;
    "EmailConfirmationTokenExpiresAt" TEXT NULL,&#xD;
    "PasswordResetToken" TEXT NULL,&#xD;
    "PasswordResetTokenExpiresAt" TEXT NULL,&#xD;
    "PhoneNumber" TEXT NULL,&#xD;
    "IsPhoneConfirmed" INTEGER NOT NULL,&#xD;
    "AvatarUrl" TEXT NULL,&#xD;
    "Bio" TEXT NULL,&#xD;
    "TrustedContactTelegramId" INTEGER NULL,&#xD;
    "TrustedContactEmail" TEXT NULL,&#xD;
    "MonobankSubMerchantId" TEXT NULL,&#xD;
    "PublicNameMode" INTEGER NOT NULL DEFAULT 2,&#xD;
    "LastNameChangedAt" TEXT NULL,&#xD;
    "LastLoginAt" TEXT NULL,&#xD;
    "FraudReports" INTEGER NOT NULL,&#xD;
    "Rating" REAL NOT NULL,&#xD;
    "SellerRating" REAL NOT NULL DEFAULT 0.0,&#xD;
    "SellerReviewCount" INTEGER NOT NULL DEFAULT 0,&#xD;
    "BuyerRating" REAL NOT NULL DEFAULT 0.0,&#xD;
    "BuyerReviewCount" INTEGER NOT NULL DEFAULT 0,&#xD;
    "CreatedAt" TEXT NOT NULL,&#xD;
    "UpdatedAt" TEXT NULL&#xD;
);&#xD;
[16:20:07 INF] Executed DbCommand (0ms) [Parameters=[], CommandType='Text', CommandTimeout='30']&#xD;
CREATE TABLE "VerificationBadges" (&#xD;
    "Id" TEXT NOT NULL CONSTRAINT "PK_VerificationBadges" PRIMARY KEY,&#xD;
    "UserId" TEXT NOT NULL,&#xD;
    "Type" INTEGER NOT NULL,&#xD;
    "IssuedAt" TEXT NOT NULL,&#xD;
    "CreatedAt" TEXT NOT NULL,&#xD;
    "UpdatedAt" TEXT NULL,&#xD;
    CONSTRAINT "FK_VerificationBadges_Users_UserId" FOREIGN KEY ("UserId") REFERENCES "Users" ("Id") ON DELETE CASCADE&#xD;
);&#xD;
[16:20:07 INF] Executed DbCommand (0ms) [Parameters=[], CommandType='Text', CommandTimeout='30']&#xD;
CREATE UNIQUE INDEX "IX_Users_Email" ON "Users" ("Email");&#xD;
[16:20:07 INF] Executed DbCommand (0ms) [Parameters=[], CommandType='Text', CommandTimeout='30']&#xD;
CREATE UNIQUE INDEX "IX_Users_Username" ON "Users" ("Username");&#xD;
[16:20:07 INF] Executed DbCommand (0ms) [Parameters=[], CommandType='Text', CommandTimeout='30']&#xD;
CREATE INDEX "IX_VerificationBadges_UserId" ON "VerificationBadges" ("UserId");&#xD;
[16:20:07 INF] Executed DbCommand (0ms) [Parameters=[@p0='?' (DbType = Guid), @p1='?' (DbType = Int32), @p2='?', @p3='?', @p4='?' (DbType = DateTime), @p5='?' (Size = 15), @p6='?', @p7='?' (DbType = DateTime), @p8='?', @p9='?' (Size = 1), @p10='?' (DbType = Int32), @p11='?' (DbType = Boolean), @p12='?' (DbType = Boolean), @p13='?' (DbType = DateTime), @p14='?' (Size = 1), @p15='?' (DbType = DateTime), @p16='?', @p17='?' (Size = 4), @p18='?', @p19='?' (DbType = DateTime), @p20='?', @p21='?' (DbType = Int32), @p22='?' (DbType = Double), @p23='?', @p24='?' (DbType = Int64), @p25='?' (DbType = DateTime), @p26='?' (Size = 5)], CommandType='Text', CommandTimeout='30']&#xD;
INSERT INTO "Users" ("Id", "AuthProvider", "AvatarUrl", "Bio", "CreatedAt", "Email", "EmailConfirmationToken", "EmailConfirmationTokenExpiresAt", "ExternalId", "FirstName", "FraudReports", "IsEmailConfirmed", "IsPhoneConfirmed", "LastLoginAt", "LastName", "LastNameChangedAt", "MonobankSubMerchantId", "PasswordHash", "PasswordResetToken", "PasswordResetTokenExpiresAt", "PhoneNumber", "PublicNameMode", "Rating", "TrustedContactEmail", "TrustedContactTelegramId", "UpdatedAt", "Username")&#xD;
VALUES (@p0, @p1, @p2, @p3, @p4, @p5, @p6, @p7, @p8, @p9, @p10, @p11, @p12, @p13, @p14, @p15, @p16, @p17, @p18, @p19, @p20, @p21, @p22, @p23, @p24, @p25, @p26)&#xD;
RETURNING "BuyerRating", "BuyerReviewCount", "SellerRating", "SellerReviewCount";&#xD;
[16:20:07 ERR] Failed executing DbCommand (0ms) [Parameters=[@p0='?' (DbType = Guid), @p1='?' (DbType = Int32), @p2='?', @p3='?', @p4='?' (DbType = DateTime), @p5='?' (Size = 15), @p6='?', @p7='?' (DbType = DateTime), @p8='?', @p9='?' (Size = 1), @p10='?' (DbType = Int32), @p11='?' (DbType = Boolean), @p12='?' (DbType = Boolean), @p13='?' (DbType = DateTime), @p14='?' (Size = 1), @p15='?' (DbType = DateTime), @p16='?', @p17='?' (Size = 5), @p18='?', @p19='?' (DbType = DateTime), @p20='?', @p21='?' (DbType = Int32), @p22='?' (DbType = Double), @p23='?', @p24='?' (DbType = Int64), @p25='?' (DbType = DateTime), @p26='?' (Size = 5)], CommandType='Text', CommandTimeout='30']&#xD;
INSERT INTO "Users" ("Id", "AuthProvider", "AvatarUrl", "Bio", "CreatedAt", "Email", "EmailConfirmationToken", "EmailConfirmationTokenExpiresAt", "ExternalId", "FirstName", "FraudReports", "IsEmailConfirmed", "IsPhoneConfirmed", "LastLoginAt", "LastName", "LastNameChangedAt", "MonobankSubMerchantId", "PasswordHash", "PasswordResetToken", "PasswordResetTokenExpiresAt", "PhoneNumber", "PublicNameMode", "Rating", "TrustedContactEmail", "TrustedContactTelegramId", "UpdatedAt", "Username")&#xD;
VALUES (@p0, @p1, @p2, @p3, @p4, @p5, @p6, @p7, @p8, @p9, @p10, @p11, @p12, @p13, @p14, @p15, @p16, @p17, @p18, @p19, @p20, @p21, @p22, @p23, @p24, @p25, @p26)&#xD;
RETURNING "BuyerRating", "BuyerReviewCount", "SellerRating", "SellerReviewCount";&#xD;
[16:20:07 ERR] An exception occurred in the database while saving changes for context type 'TrustMarket.UserService.Infrastructure.Persistence.UserDbContext'.&#xD;
Microsoft.EntityFrameworkCore.DbUpdateException: An error occurred while saving the entity changes. See the inner exception for details.&#xD;
 ---&gt; Microsoft.Data.Sqlite.SqliteException (0x80004005): SQLite Error 19: 'UNIQUE constraint failed: Users.Email'.&#xD;
   at Microsoft.Data.Sqlite.SqliteException.ThrowExceptionForRC(Int32 rc, sqlite3 db)&#xD;
   at Microsoft.Data.Sqlite.SqliteDataReader.NextResult()&#xD;
   at Microsoft.Data.Sqlite.SqliteCommand.ExecuteReader(CommandBehavior behavior)&#xD;
   at Microsoft.Data.Sqlite.SqliteCommand.ExecuteReaderAsync(CommandBehavior behavior, CancellationToken cancellationToken)&#xD;
   at Microsoft.Data.Sqlite.SqliteCommand.ExecuteDbDataReaderAsync(CommandBehavior behavior, CancellationToken cancellationToken)&#xD;
   at Microsoft.EntityFrameworkCore.Storage.RelationalCommand.ExecuteReaderAsync(RelationalCommandParameterObject parameterObject, CancellationToken cancellationToken)&#xD;
   at Microsoft.EntityFrameworkCore.Storage.RelationalCommand.ExecuteReaderAsync(RelationalCommandParameterObject parameterObject, CancellationToken cancellationToken)&#xD;
   at Microsoft.EntityFrameworkCore.Update.ReaderModificationCommandBatch.ExecuteAsync(IRelationalConnection connection, CancellationToken cancellationToken)&#xD;
   --- End of inner exception stack trace ---&#xD;
   at Microsoft.EntityFrameworkCore.Update.ReaderModificationCommandBatch.ExecuteAsync(IRelationalConnection connection, CancellationToken cancellationToken)&#xD;
   at Microsoft.EntityFrameworkCore.Update.Internal.BatchExecutor.ExecuteAsync(IEnumerable`1 commandBatches, IRelationalConnection connection, CancellationToken cancellationToken)&#xD;
   at Microsoft.EntityFrameworkCore.Update.Internal.BatchExecutor.ExecuteAsync(IEnumerable`1 commandBatches, IRelationalConnection connection, CancellationToken cancellationToken)&#xD;
   at Microsoft.EntityFrameworkCore.Update.Internal.BatchExecutor.ExecuteAsync(IEnumerable`1 commandBatches, IRelationalConnection connection, CancellationToken cancellationToken)&#xD;
   at Microsoft.EntityFrameworkCore.ChangeTracking.Internal.StateManager.SaveChangesAsync(IList`1 entriesToSave, CancellationToken cancellationToken)&#xD;
   at Microsoft.EntityFrameworkCore.ChangeTracking.Internal.StateManager.SaveChangesAsync(StateManager stateManager, Boolean acceptAllChangesOnSuccess, CancellationToken cancellationToken)&#xD;
   at Microsoft.EntityFrameworkCore.DbContext.SaveChangesAsync(Boolean acceptAllChangesOnSuccess, CancellationToken cancellationToken)&#xD;
Microsoft.EntityFrameworkCore.DbUpdateException: An error occurred while saving the entity changes. See the inner exception for details.&#xD;
 ---&gt; Microsoft.Data.Sqlite.SqliteException (0x80004005): SQLite Error 19: 'UNIQUE constraint failed: Users.Email'.&#xD;
   at Microsoft.Data.Sqlite.SqliteException.ThrowExceptionForRC(Int32 rc, sqlite3 db)&#xD;
   at Microsoft.Data.Sqlite.SqliteDataReader.NextResult()&#xD;
   at Microsoft.Data.Sqlite.SqliteCommand.ExecuteReader(CommandBehavior behavior)&#xD;
   at Microsoft.Data.Sqlite.SqliteCommand.ExecuteReaderAsync(CommandBehavior behavior, CancellationToken cancellationToken)&#xD;
   at Microsoft.Data.Sqlite.SqliteCommand.ExecuteDbDataReaderAsync(CommandBehavior behavior, CancellationToken cancellationToken)&#xD;
   at Microsoft.EntityFrameworkCore.Storage.RelationalCommand.ExecuteReaderAsync(RelationalCommandParameterObject parameterObject, CancellationToken cancellationToken)&#xD;
   at Microsoft.EntityFrameworkCore.Storage.RelationalCommand.ExecuteReaderAsync(RelationalCommandParameterObject parameterObject, CancellationToken cancellationToken)&#xD;
   at Microsoft.EntityFrameworkCore.Update.ReaderModificationCommandBatch.ExecuteAsync(IRelationalConnection connection, CancellationToken cancellationToken)&#xD;
   --- End of inner exception stack trace ---&#xD;
   at Microsoft.EntityFrameworkCore.Update.ReaderModificationCommandBatch.ExecuteAsync(IRelationalConnection connection, CancellationToken cancellationToken)&#xD;
   at Microsoft.EntityFrameworkCore.Update.Internal.BatchExecutor.ExecuteAsync(IEnumerable`1 commandBatches, IRelationalConnection connection, CancellationToken cancellationToken)&#xD;
   at Microsoft.EntityFrameworkCore.Update.Internal.BatchExecutor.ExecuteAsync(IEnumerable`1 commandBatches, IRelationalConnection connection, CancellationToken cancellationToken)&#xD;
   at Microsoft.EntityFrameworkCore.Update.Internal.BatchExecutor.ExecuteAsync(IEnumerable`1 commandBatches, IRelationalConnection connection, CancellationToken cancellationToken)&#xD;
   at Microsoft.EntityFrameworkCore.ChangeTracking.Internal.StateManager.SaveChangesAsync(IList`1 entriesToSave, CancellationToken cancellationToken)&#xD;
   at Microsoft.EntityFrameworkCore.ChangeTracking.Internal.StateManager.SaveChangesAsync(StateManager stateManager, Boolean acceptAllChangesOnSuccess, CancellationToken cancellationToken)&#xD;
   at Microsoft.EntityFrameworkCore.DbContext.SaveChangesAsync(Boolean acceptAllChangesOnSuccess, CancellationToken cancellationToken)&#xD;
[xUnit.net 00:00:09.80]   Finished:    TrustMarket.UserService.IntegrationTests&#xD;
</StdOut>
    </Output>
  </ResultSummary>
</TestRun>